Using pre-set license
Built from '2020.3/staging' branch; Version is '2020.3.9f1 (108be757e447) revision 1084391'; Using compiler version '192528614'; Build Type 'Release'
OS: 'Windows 10 Pro; OS build 19044.2604; Version 2009; 64bit' Language: 'ko' Physical Memory: 16313 MB
BatchMode: 1, IsHumanControllingUs: 0, StartBugReporterOnCrash: 0, Is64bit: 1, IsPro: 0

 COMMAND LINE ARGUMENTS:
C:\Users\wobo5\PersonalProject\2020.3.9f1\Editor\Unity.exe
-adb2
-batchMode
-noUpm
-name
AssetImportWorker0
-projectPath
C:/Users/wobo5/PersonalProject/Zepeto_project
-logFile
Logs/AssetImportWorker0.log
-srvPort
61906
Successfully changed project path to: C:/Users/wobo5/PersonalProject/Zepeto_project
C:/Users/wobo5/PersonalProject/Zepeto_project
Using Asset Import Pipeline V2.
Refreshing native plugins compatible for Editor in 141.26 ms, found 4 plugins.
Preloading 0 native plugins for Editor in 0.00 ms.
Initialize engine version: 2020.3.9f1 (108be757e447)
[Subsystems] Discovering subsystems at path C:/Users/wobo5/PersonalProject/2020.3.9f1/Editor/Data/Resources/UnitySubsystems
[Subsystems] Discovering subsystems at path C:/Users/wobo5/PersonalProject/Zepeto_project/Assets
GfxDevice: creating device client; threaded=0
Direct3D:
    Version:  Direct3D 11.0 [level 11.1]
    Renderer: NVIDIA GeForce GTX 1660 SUPER (ID=0x21c4)
    Vendor:   
    VRAM:     5991 MB
    Driver:   31.0.15.1694
Shader 'Jason/Build It/Water No Light': fallback shader 'Mobile/Unlit' not found
Shader 'Jason/Build It/Water UV Scroll No Light': fallback shader 'Mobile/Unlit' not found
Shader 'Wit/StandardTransparent_js': fallback shader 'Wit/Standard(NoColor)' not found
Shader 'BuildItAssets/Stable/Water/Cube': fallback shader 'Mobile/Unlit' not found
Initialize mono
Mono path[0] = 'C:/Users/wobo5/PersonalProject/2020.3.9f1/Editor/Data/Managed'
Mono path[1] = 'C:/Users/wobo5/PersonalProject/2020.3.9f1/Editor/Data/MonoBleedingEdge/lib/mono/unityjit'
Mono config path = 'C:/Users/wobo5/PersonalProject/2020.3.9f1/Editor/Data/MonoBleedingEdge/etc'
Using monoOptions --debugger-agent=transport=dt_socket,embedding=1,server=y,suspend=n,address=127.0.0.1:56664
Begin MonoManager ReloadAssembly
Registering precompiled unity dll's ...
Trying to register platform support module: C:/Users/wobo5/PersonalProject/2020.3.9f1/Editor/Data/PlaybackEngines/MacStandaloneSupport/UnityEditor.OSXStandalone.Extensions.dll (that doesn't exist). Retrying without overrides.
Platform support module is not available: C:/Users/wobo5/PersonalProject/2020.3.9f1/Editor/Data/PlaybackEngines/MacStandaloneSupport/UnityEditor.OSXStandalone.Extensions.dll
Register platform support module: C:/Users/wobo5/PersonalProject/2020.3.9f1/Editor/Data/PlaybackEngines/WindowsStandaloneSupport/UnityEditor.WindowsStandalone.Extensions.dll
Registered in 0.004178 seconds.
Native extension for WindowsStandalone target not found
Refreshing native plugins compatible for Editor in 122.03 ms, found 4 plugins.
Preloading 0 native plugins for Editor in 0.00 ms.
Mono: successfully reloaded assembly
- Completed reload, in  1.422 seconds
Platform modules already initialized, skipping
Registering precompiled user dll's ...
Registered in 0.050620 seconds.
Begin MonoManager ReloadAssembly
Native extension for WindowsStandalone target not found
Refreshing native plugins compatible for Editor in 129.85 ms, found 4 plugins.
Preloading 0 native plugins for Editor in 0.00 ms.
System.NullReferenceException: Object reference not set to an instance of an object
  at ZEPETO.World.Editor.WorldEditorSettings.IsZaizai () [0x00016] in <17d47687802b4655aaafb797c8c934f8>:0 
  at ZEPETO.World.Editor.WorldEditorSettings.SelectDevelopment () [0x00001] in <17d47687802b4655aaafb797c8c934f8>:0 
  at ZEPETO.World.Editor.WorldEditorSettings.get_Development () [0x00011] in <17d47687802b4655aaafb797c8c934f8>:0 
  at ZEPETO.World.Editor.WorldEditorSettings.get_BuiltinSettings () [0x00000] in <17d47687802b4655aaafb797c8c934f8>:0 
  at ZEPETO.World.Editor.WorldEditorSettings.get_ActiveSetting () [0x00027] in <17d47687802b4655aaafb797c8c934f8>:0 
  at ZEPETO.World.Common.APIHostEditor..ctor () [0x00006] in <1a219a6a8cd249cba8ce1420b658e55e>:0 
  at ZEPETO.World.Common.APIHostInitializer..cctor () [0x00000] in <1a219a6a8cd249cba8ce1420b658e55e>:0 
UnityEngine.StackTraceUtility:ExtractStackTrace ()
UnityEngine.DebugLogHandler:LogFormat (UnityEngine.LogType,UnityEngine.Object,string,object[])
UnityEngine.Logger:Log (UnityEngine.LogType,object)
UnityEngine.Debug:LogError (object)
UnityEditor.EditorAssemblies:ProcessInitializeOnLoadAttributes (System.Type[])

NullReferenceException: Object reference not set to an instance of an object
  at ZEPETO.World.Editor.WorldEditorSettings.IsZaizai () [0x00016] in <17d47687802b4655aaafb797c8c934f8>:0 
  at ZEPETO.World.Editor.WorldEditorSettings.SelectDevelopment () [0x00001] in <17d47687802b4655aaafb797c8c934f8>:0 
  at ZEPETO.World.Editor.WorldEditorSettings.get_Development () [0x00011] in <17d47687802b4655aaafb797c8c934f8>:0 
  at ZEPETO.World.Editor.WorldEnvironmentInitializer.MultiplaySettingInitialize () [0x00000] in <78f5b00d13564108b56eb3cd14e5fc8d>:0 
  at ZEPETO.World.Editor.WorldEnvironmentInitializer.InitializeOnLoadMethod () [0x00000] in <78f5b00d13564108b56eb3cd14e5fc8d>:0 

NullReferenceException: Object reference not set to an instance of an object
  at ZEPETO.World.Editor.WorldEditorSettings.IsZaizai () [0x00016] in <17d47687802b4655aaafb797c8c934f8>:0 
  at ZEPETO.World.Editor.WorldEditorSettings.SelectDevelopment () [0x00001] in <17d47687802b4655aaafb797c8c934f8>:0 
  at ZEPETO.World.Editor.WorldEditorSettings.get_Development () [0x00011] in <17d47687802b4655aaafb797c8c934f8>:0 
  at ZEPETO.World.Editor.WorldEditorSettings.get_BuiltinSettings () [0x00000] in <17d47687802b4655aaafb797c8c934f8>:0 
  at ZEPETO.World.Editor.WorldEditorSettings.get_ActiveSetting () [0x00027] in <17d47687802b4655aaafb797c8c934f8>:0 
  at ZEPETO.World.Editor.ForbiddenTypes.LoadForbiddenTypes () [0x0000a] in <78f5b00d13564108b56eb3cd14e5fc8d>:0 
  at ZEPETO.World.Editor.ForbiddenTypes.Initialize () [0x00047] in <78f5b00d13564108b56eb3cd14e5fc8d>:0 

NullReferenceException: Object reference not set to an instance of an object
  at ZEPETO.World.Editor.WorldPackageEditorUtils.GetDeserializedWorldPackageInfo () [0x00014] in <78f5b00d13564108b56eb3cd14e5fc8d>:0 
  at ZEPETO.World.Editor.WorldPackageEditorUtils.GetFieldValue[T] (System.String field) [0x00000] in <78f5b00d13564108b56eb3cd14e5fc8d>:0 
  at ZEPETO.World.Editor.WorldPackageEditorUtils.get_ZepetoMinVersion () [0x00000] in <78f5b00d13564108b56eb3cd14e5fc8d>:0 
  at ZEPETO.World.Editor.Editor.WorldEditorInitializer.EditorInitializer () [0x00000] in <78f5b00d13564108b56eb3cd14e5fc8d>:0 

Mono: successfully reloaded assembly
- Completed reload, in  1.530 seconds
Platform modules already initialized, skipping
========================================================================
Worker process is ready to serve import requests
Shader 'BuildItAssets/Stable/Water/Cube': fallback shader 'Mobile/Unlit' not found
Shader 'Jason/Build It/Water UV Scroll No Light': fallback shader 'Mobile/Unlit' not found
Shader 'Wit/StandardTransparent_js': fallback shader 'Wit/Standard(NoColor)' not found
Shader 'Jason/Build It/Water No Light': fallback shader 'Mobile/Unlit' not found
Launched and connected shader compiler UnityShaderCompiler.exe after 0.09 seconds
Refreshing native plugins compatible for Editor in 1.92 ms, found 4 plugins.
Preloading 0 native plugins for Editor in 0.00 ms.
Unloading 2672 Unused Serialized files (Serialized files now loaded: 0)
System memory in use before: 147.7 MB.
System memory in use after: 147.9 MB.

Unloading 129 unused Assets to reduce memory usage. Loaded Objects now: 3228.
Total: 5.904700 ms (FindLiveObjects: 0.423100 ms CreateObjectMapping: 0.086900 ms MarkObjects: 5.103700 ms  DeleteObjects: 0.289300 ms)

========================================================================
Received Import Request.
  path: Assets/Resources/Audio/BGM-Romance/4.Scribbles.ogg
  artifactKey: Guid(ae1d162914d0d074b9c8f3521e1740bb) Importer(815301076,1909f56bfc062723c751e8b465ee728b)
Start importing Assets/Resources/Audio/BGM-Romance/4.Scribbles.ogg using Guid(ae1d162914d0d074b9c8f3521e1740bb) Importer(815301076,1909f56bfc062723c751e8b465ee728b)  -> (artifact id: '76774aa053d4fb902f0d628e4985876e') in 0.211436 seconds
  Import took 0.219279 seconds .

========================================================================
Received Import Request.
  Time since last request: 30.639441 seconds.
  path: Assets/Script/Character/AudioManager.ts
  artifactKey: Guid(9ab6c225258c4c945a1511e64333c1df) Importer(815301076,1909f56bfc062723c751e8b465ee728b)
Start importing Assets/Script/Character/AudioManager.ts using Guid(9ab6c225258c4c945a1511e64333c1df) Importer(815301076,1909f56bfc062723c751e8b465ee728b)  -> (artifact id: '421628a3e415265c7b55aa3fe9744279') in 0.028276 seconds
  Import took 0.035313 seconds .

========================================================================
Received Prepare
Registering precompiled user dll's ...
Registered in 0.056842 seconds.
Begin MonoManager ReloadAssembly
Native extension for WindowsStandalone target not found
Refreshing native plugins compatible for Editor in 1.84 ms, found 4 plugins.
Preloading 0 native plugins for Editor in 0.00 ms.
System.NullReferenceException: Object reference not set to an instance of an object
  at ZEPETO.World.Editor.WorldEditorSettings.IsZaizai () [0x00016] in <17d47687802b4655aaafb797c8c934f8>:0 
  at ZEPETO.World.Editor.WorldEditorSettings.SelectDevelopment () [0x00001] in <17d47687802b4655aaafb797c8c934f8>:0 
  at ZEPETO.World.Editor.WorldEditorSettings.get_Development () [0x00011] in <17d47687802b4655aaafb797c8c934f8>:0 
  at ZEPETO.World.Editor.WorldEditorSettings.get_BuiltinSettings () [0x00000] in <17d47687802b4655aaafb797c8c934f8>:0 
  at ZEPETO.World.Editor.WorldEditorSettings.get_ActiveSetting () [0x00027] in <17d47687802b4655aaafb797c8c934f8>:0 
  at ZEPETO.World.Common.APIHostEditor..ctor () [0x00006] in <1a219a6a8cd249cba8ce1420b658e55e>:0 
  at ZEPETO.World.Common.APIHostInitializer..cctor () [0x00000] in <1a219a6a8cd249cba8ce1420b658e55e>:0 
UnityEngine.StackTraceUtility:ExtractStackTrace ()
UnityEngine.DebugLogHandler:LogFormat (UnityEngine.LogType,UnityEngine.Object,string,object[])
UnityEngine.Logger:Log (UnityEngine.LogType,object)
UnityEngine.Debug:LogError (object)
UnityEditor.EditorAssemblies:ProcessInitializeOnLoadAttributes (System.Type[])

NullReferenceException: Object reference not set to an instance of an object
  at ZEPETO.World.Editor.WorldEditorSettings.IsZaizai () [0x00016] in <17d47687802b4655aaafb797c8c934f8>:0 
  at ZEPETO.World.Editor.WorldEditorSettings.SelectDevelopment () [0x00001] in <17d47687802b4655aaafb797c8c934f8>:0 
  at ZEPETO.World.Editor.WorldEditorSettings.get_Development () [0x00011] in <17d47687802b4655aaafb797c8c934f8>:0 
  at ZEPETO.World.Editor.WorldEnvironmentInitializer.MultiplaySettingInitialize () [0x00000] in <78f5b00d13564108b56eb3cd14e5fc8d>:0 
  at ZEPETO.World.Editor.WorldEnvironmentInitializer.InitializeOnLoadMethod () [0x00000] in <78f5b00d13564108b56eb3cd14e5fc8d>:0 

NullReferenceException: Object reference not set to an instance of an object
  at ZEPETO.World.Editor.WorldEditorSettings.IsZaizai () [0x00016] in <17d47687802b4655aaafb797c8c934f8>:0 
  at ZEPETO.World.Editor.WorldEditorSettings.SelectDevelopment () [0x00001] in <17d47687802b4655aaafb797c8c934f8>:0 
  at ZEPETO.World.Editor.WorldEditorSettings.get_Development () [0x00011] in <17d47687802b4655aaafb797c8c934f8>:0 
  at ZEPETO.World.Editor.WorldEditorSettings.get_BuiltinSettings () [0x00000] in <17d47687802b4655aaafb797c8c934f8>:0 
  at ZEPETO.World.Editor.WorldEditorSettings.get_ActiveSetting () [0x00027] in <17d47687802b4655aaafb797c8c934f8>:0 
  at ZEPETO.World.Editor.ForbiddenTypes.LoadForbiddenTypes () [0x0000a] in <78f5b00d13564108b56eb3cd14e5fc8d>:0 
  at ZEPETO.World.Editor.ForbiddenTypes.Initialize () [0x00047] in <78f5b00d13564108b56eb3cd14e5fc8d>:0 

NullReferenceException: Object reference not set to an instance of an object
  at ZEPETO.World.Editor.WorldPackageEditorUtils.GetDeserializedWorldPackageInfo () [0x00014] in <78f5b00d13564108b56eb3cd14e5fc8d>:0 
  at ZEPETO.World.Editor.WorldPackageEditorUtils.GetFieldValue[T] (System.String field) [0x00000] in <78f5b00d13564108b56eb3cd14e5fc8d>:0 
  at ZEPETO.World.Editor.WorldPackageEditorUtils.get_ZepetoMinVersion () [0x00000] in <78f5b00d13564108b56eb3cd14e5fc8d>:0 
  at ZEPETO.World.Editor.Editor.WorldEditorInitializer.EditorInitializer () [0x00000] in <78f5b00d13564108b56eb3cd14e5fc8d>:0 

Mono: successfully reloaded assembly
- Completed reload, in  1.514 seconds
Platform modules already initialized, skipping
Shader 'BuildItAssets/Stable/Water/Cube': fallback shader 'Mobile/Unlit' not found
Shader 'Jason/Build It/Water UV Scroll No Light': fallback shader 'Mobile/Unlit' not found
Shader 'Wit/StandardTransparent_js': fallback shader 'Wit/Standard(NoColor)' not found
Shader 'Jason/Build It/Water No Light': fallback shader 'Mobile/Unlit' not found
Refreshing native plugins compatible for Editor in 2.31 ms, found 4 plugins.
Preloading 0 native plugins for Editor in 0.00 ms.
Unloading 2561 Unused Serialized files (Serialized files now loaded: 0)
System memory in use before: 140.5 MB.
System memory in use after: 140.7 MB.

Unloading 118 unused Assets to reduce memory usage. Loaded Objects now: 3240.
Total: 6.248200 ms (FindLiveObjects: 0.425600 ms CreateObjectMapping: 0.091300 ms MarkObjects: 5.656500 ms  DeleteObjects: 0.072900 ms)

========================================================================
Received Prepare
Registering precompiled user dll's ...
Registered in 0.054692 seconds.
Begin MonoManager ReloadAssembly
Native extension for WindowsStandalone target not found
Refreshing native plugins compatible for Editor in 11.57 ms, found 4 plugins.
Preloading 0 native plugins for Editor in 0.00 ms.
System.NullReferenceException: Object reference not set to an instance of an object
  at ZEPETO.World.Editor.WorldEditorSettings.IsZaizai () [0x00016] in <17d47687802b4655aaafb797c8c934f8>:0 
  at ZEPETO.World.Editor.WorldEditorSettings.SelectDevelopment () [0x00001] in <17d47687802b4655aaafb797c8c934f8>:0 
  at ZEPETO.World.Editor.WorldEditorSettings.get_Development () [0x00011] in <17d47687802b4655aaafb797c8c934f8>:0 
  at ZEPETO.World.Editor.WorldEditorSettings.get_BuiltinSettings () [0x00000] in <17d47687802b4655aaafb797c8c934f8>:0 
  at ZEPETO.World.Editor.WorldEditorSettings.get_ActiveSetting () [0x00027] in <17d47687802b4655aaafb797c8c934f8>:0 
  at ZEPETO.World.Common.APIHostEditor..ctor () [0x00006] in <1a219a6a8cd249cba8ce1420b658e55e>:0 
  at ZEPETO.World.Common.APIHostInitializer..cctor () [0x00000] in <1a219a6a8cd249cba8ce1420b658e55e>:0 
UnityEngine.StackTraceUtility:ExtractStackTrace ()
UnityEngine.DebugLogHandler:LogFormat (UnityEngine.LogType,UnityEngine.Object,string,object[])
UnityEngine.Logger:Log (UnityEngine.LogType,object)
UnityEngine.Debug:LogError (object)
UnityEditor.EditorAssemblies:ProcessInitializeOnLoadAttributes (System.Type[])

NullReferenceException: Object reference not set to an instance of an object
  at ZEPETO.World.Editor.WorldEditorSettings.IsZaizai () [0x00016] in <17d47687802b4655aaafb797c8c934f8>:0 
  at ZEPETO.World.Editor.WorldEditorSettings.SelectDevelopment () [0x00001] in <17d47687802b4655aaafb797c8c934f8>:0 
  at ZEPETO.World.Editor.WorldEditorSettings.get_Development () [0x00011] in <17d47687802b4655aaafb797c8c934f8>:0 
  at ZEPETO.World.Editor.WorldEnvironmentInitializer.MultiplaySettingInitialize () [0x00000] in <78f5b00d13564108b56eb3cd14e5fc8d>:0 
  at ZEPETO.World.Editor.WorldEnvironmentInitializer.InitializeOnLoadMethod () [0x00000] in <78f5b00d13564108b56eb3cd14e5fc8d>:0 

NullReferenceException: Object reference not set to an instance of an object
  at ZEPETO.World.Editor.WorldEditorSettings.IsZaizai () [0x00016] in <17d47687802b4655aaafb797c8c934f8>:0 
  at ZEPETO.World.Editor.WorldEditorSettings.SelectDevelopment () [0x00001] in <17d47687802b4655aaafb797c8c934f8>:0 
  at ZEPETO.World.Editor.WorldEditorSettings.get_Development () [0x00011] in <17d47687802b4655aaafb797c8c934f8>:0 
  at ZEPETO.World.Editor.WorldEditorSettings.get_BuiltinSettings () [0x00000] in <17d47687802b4655aaafb797c8c934f8>:0 
  at ZEPETO.World.Editor.WorldEditorSettings.get_ActiveSetting () [0x00027] in <17d47687802b4655aaafb797c8c934f8>:0 
  at ZEPETO.World.Editor.ForbiddenTypes.LoadForbiddenTypes () [0x0000a] in <78f5b00d13564108b56eb3cd14e5fc8d>:0 
  at ZEPETO.World.Editor.ForbiddenTypes.Initialize () [0x00047] in <78f5b00d13564108b56eb3cd14e5fc8d>:0 

NullReferenceException: Object reference not set to an instance of an object
  at ZEPETO.World.Editor.WorldPackageEditorUtils.GetDeserializedWorldPackageInfo () [0x00014] in <78f5b00d13564108b56eb3cd14e5fc8d>:0 
  at ZEPETO.World.Editor.WorldPackageEditorUtils.GetFieldValue[T] (System.String field) [0x00000] in <78f5b00d13564108b56eb3cd14e5fc8d>:0 
  at ZEPETO.World.Editor.WorldPackageEditorUtils.get_ZepetoMinVersion () [0x00000] in <78f5b00d13564108b56eb3cd14e5fc8d>:0 
  at ZEPETO.World.Editor.Editor.WorldEditorInitializer.EditorInitializer () [0x00000] in <78f5b00d13564108b56eb3cd14e5fc8d>:0 

Mono: successfully reloaded assembly
- Completed reload, in  1.486 seconds
Platform modules already initialized, skipping
Shader 'BuildItAssets/Stable/Water/Cube': fallback shader 'Mobile/Unlit' not found
Shader 'Jason/Build It/Water UV Scroll No Light': fallback shader 'Mobile/Unlit' not found
Shader 'Wit/StandardTransparent_js': fallback shader 'Wit/Standard(NoColor)' not found
Shader 'Jason/Build It/Water No Light': fallback shader 'Mobile/Unlit' not found
Refreshing native plugins compatible for Editor in 1.70 ms, found 4 plugins.
Preloading 0 native plugins for Editor in 0.00 ms.
Unloading 2561 Unused Serialized files (Serialized files now loaded: 0)
System memory in use before: 140.5 MB.
System memory in use after: 140.8 MB.

Unloading 118 unused Assets to reduce memory usage. Loaded Objects now: 3243.
Total: 6.192900 ms (FindLiveObjects: 0.395400 ms CreateObjectMapping: 0.096700 ms MarkObjects: 5.624000 ms  DeleteObjects: 0.074700 ms)

========================================================================
Received Import Request.
  Time since last request: 1848.690173 seconds.
  path: Assets/Resources/Audio/BGM
  artifactKey: Guid(71c28369990b58b4bbed801b824fcbad) Importer(815301076,1909f56bfc062723c751e8b465ee728b)
Start importing Assets/Resources/Audio/BGM using Guid(71c28369990b58b4bbed801b824fcbad) Importer(815301076,1909f56bfc062723c751e8b465ee728b)  -> (artifact id: 'c8f2e4f080a4b4d6c12aebf4d04e5a1f') in 0.014528 seconds
  Import took 0.022190 seconds .

========================================================================
Received Prepare
Registering precompiled user dll's ...
Registered in 0.070088 seconds.
Begin MonoManager ReloadAssembly
Native extension for WindowsStandalone target not found
Refreshing native plugins compatible for Editor in 1.69 ms, found 4 plugins.
Preloading 0 native plugins for Editor in 0.00 ms.
System.NullReferenceException: Object reference not set to an instance of an object
  at ZEPETO.World.Editor.WorldEditorSettings.IsZaizai () [0x00016] in <17d47687802b4655aaafb797c8c934f8>:0 
  at ZEPETO.World.Editor.WorldEditorSettings.SelectDevelopment () [0x00001] in <17d47687802b4655aaafb797c8c934f8>:0 
  at ZEPETO.World.Editor.WorldEditorSettings.get_Development () [0x00011] in <17d47687802b4655aaafb797c8c934f8>:0 
  at ZEPETO.World.Editor.WorldEditorSettings.get_BuiltinSettings () [0x00000] in <17d47687802b4655aaafb797c8c934f8>:0 
  at ZEPETO.World.Editor.WorldEditorSettings.get_ActiveSetting () [0x00027] in <17d47687802b4655aaafb797c8c934f8>:0 
  at ZEPETO.World.Common.APIHostEditor..ctor () [0x00006] in <1a219a6a8cd249cba8ce1420b658e55e>:0 
  at ZEPETO.World.Common.APIHostInitializer..cctor () [0x00000] in <1a219a6a8cd249cba8ce1420b658e55e>:0 
UnityEngine.StackTraceUtility:ExtractStackTrace ()
UnityEngine.DebugLogHandler:LogFormat (UnityEngine.LogType,UnityEngine.Object,string,object[])
UnityEngine.Logger:Log (UnityEngine.LogType,object)
UnityEngine.Debug:LogError (object)
UnityEditor.EditorAssemblies:ProcessInitializeOnLoadAttributes (System.Type[])

NullReferenceException: Object reference not set to an instance of an object
  at ZEPETO.World.Editor.WorldEditorSettings.IsZaizai () [0x00016] in <17d47687802b4655aaafb797c8c934f8>:0 
  at ZEPETO.World.Editor.WorldEditorSettings.SelectDevelopment () [0x00001] in <17d47687802b4655aaafb797c8c934f8>:0 
  at ZEPETO.World.Editor.WorldEditorSettings.get_Development () [0x00011] in <17d47687802b4655aaafb797c8c934f8>:0 
  at ZEPETO.World.Editor.WorldEnvironmentInitializer.MultiplaySettingInitialize () [0x00000] in <78f5b00d13564108b56eb3cd14e5fc8d>:0 
  at ZEPETO.World.Editor.WorldEnvironmentInitializer.InitializeOnLoadMethod () [0x00000] in <78f5b00d13564108b56eb3cd14e5fc8d>:0 

NullReferenceException: Object reference not set to an instance of an object
  at ZEPETO.World.Editor.WorldEditorSettings.IsZaizai () [0x00016] in <17d47687802b4655aaafb797c8c934f8>:0 
  at ZEPETO.World.Editor.WorldEditorSettings.SelectDevelopment () [0x00001] in <17d47687802b4655aaafb797c8c934f8>:0 
  at ZEPETO.World.Editor.WorldEditorSettings.get_Development () [0x00011] in <17d47687802b4655aaafb797c8c934f8>:0 
  at ZEPETO.World.Editor.WorldEditorSettings.get_BuiltinSettings () [0x00000] in <17d47687802b4655aaafb797c8c934f8>:0 
  at ZEPETO.World.Editor.WorldEditorSettings.get_ActiveSetting () [0x00027] in <17d47687802b4655aaafb797c8c934f8>:0 
  at ZEPETO.World.Editor.ForbiddenTypes.LoadForbiddenTypes () [0x0000a] in <78f5b00d13564108b56eb3cd14e5fc8d>:0 
  at ZEPETO.World.Editor.ForbiddenTypes.Initialize () [0x00047] in <78f5b00d13564108b56eb3cd14e5fc8d>:0 

NullReferenceException: Object reference not set to an instance of an object
  at ZEPETO.World.Editor.WorldPackageEditorUtils.GetDeserializedWorldPackageInfo () [0x00014] in <78f5b00d13564108b56eb3cd14e5fc8d>:0 
  at ZEPETO.World.Editor.WorldPackageEditorUtils.GetFieldValue[T] (System.String field) [0x00000] in <78f5b00d13564108b56eb3cd14e5fc8d>:0 
  at ZEPETO.World.Editor.WorldPackageEditorUtils.get_ZepetoMinVersion () [0x00000] in <78f5b00d13564108b56eb3cd14e5fc8d>:0 
  at ZEPETO.World.Editor.Editor.WorldEditorInitializer.EditorInitializer () [0x00000] in <78f5b00d13564108b56eb3cd14e5fc8d>:0 

Mono: successfully reloaded assembly
- Completed reload, in  1.377 seconds
Platform modules already initialized, skipping
Shader 'BuildItAssets/Stable/Water/Cube': fallback shader 'Mobile/Unlit' not found
Shader 'Jason/Build It/Water UV Scroll No Light': fallback shader 'Mobile/Unlit' not found
Shader 'Wit/StandardTransparent_js': fallback shader 'Wit/Standard(NoColor)' not found
Shader 'Jason/Build It/Water No Light': fallback shader 'Mobile/Unlit' not found
Refreshing native plugins compatible for Editor in 2.11 ms, found 4 plugins.
Preloading 0 native plugins for Editor in 0.00 ms.
Unloading 2561 Unused Serialized files (Serialized files now loaded: 0)
System memory in use before: 140.6 MB.
System memory in use after: 140.8 MB.

Unloading 118 unused Assets to reduce memory usage. Loaded Objects now: 3246.
Total: 5.490700 ms (FindLiveObjects: 0.370700 ms CreateObjectMapping: 0.068200 ms MarkObjects: 5.003200 ms  DeleteObjects: 0.047300 ms)

========================================================================
Received Prepare
Registering precompiled user dll's ...
Registered in 0.084733 seconds.
Begin MonoManager ReloadAssembly
Native extension for WindowsStandalone target not found
Refreshing native plugins compatible for Editor in 2.00 ms, found 4 plugins.
Preloading 0 native plugins for Editor in 0.00 ms.
System.NullReferenceException: Object reference not set to an instance of an object
  at ZEPETO.World.Editor.WorldEditorSettings.IsZaizai () [0x00016] in <17d47687802b4655aaafb797c8c934f8>:0 
  at ZEPETO.World.Editor.WorldEditorSettings.SelectDevelopment () [0x00001] in <17d47687802b4655aaafb797c8c934f8>:0 
  at ZEPETO.World.Editor.WorldEditorSettings.get_Development () [0x00011] in <17d47687802b4655aaafb797c8c934f8>:0 
  at ZEPETO.World.Editor.WorldEditorSettings.get_BuiltinSettings () [0x00000] in <17d47687802b4655aaafb797c8c934f8>:0 
  at ZEPETO.World.Editor.WorldEditorSettings.get_ActiveSetting () [0x00027] in <17d47687802b4655aaafb797c8c934f8>:0 
  at ZEPETO.World.Common.APIHostEditor..ctor () [0x00006] in <1a219a6a8cd249cba8ce1420b658e55e>:0 
  at ZEPETO.World.Common.APIHostInitializer..cctor () [0x00000] in <1a219a6a8cd249cba8ce1420b658e55e>:0 
UnityEngine.StackTraceUtility:ExtractStackTrace ()
UnityEngine.DebugLogHandler:LogFormat (UnityEngine.LogType,UnityEngine.Object,string,object[])
UnityEngine.Logger:Log (UnityEngine.LogType,object)
UnityEngine.Debug:LogError (object)
UnityEditor.EditorAssemblies:ProcessInitializeOnLoadAttributes (System.Type[])

NullReferenceException: Object reference not set to an instance of an object
  at ZEPETO.World.Editor.WorldEditorSettings.IsZaizai () [0x00016] in <17d47687802b4655aaafb797c8c934f8>:0 
  at ZEPETO.World.Editor.WorldEditorSettings.SelectDevelopment () [0x00001] in <17d47687802b4655aaafb797c8c934f8>:0 
  at ZEPETO.World.Editor.WorldEditorSettings.get_Development () [0x00011] in <17d47687802b4655aaafb797c8c934f8>:0 
  at ZEPETO.World.Editor.WorldEnvironmentInitializer.MultiplaySettingInitialize () [0x00000] in <78f5b00d13564108b56eb3cd14e5fc8d>:0 
  at ZEPETO.World.Editor.WorldEnvironmentInitializer.InitializeOnLoadMethod () [0x00000] in <78f5b00d13564108b56eb3cd14e5fc8d>:0 

NullReferenceException: Object reference not set to an instance of an object
  at ZEPETO.World.Editor.WorldEditorSettings.IsZaizai () [0x00016] in <17d47687802b4655aaafb797c8c934f8>:0 
  at ZEPETO.World.Editor.WorldEditorSettings.SelectDevelopment () [0x00001] in <17d47687802b4655aaafb797c8c934f8>:0 
  at ZEPETO.World.Editor.WorldEditorSettings.get_Development () [0x00011] in <17d47687802b4655aaafb797c8c934f8>:0 
  at ZEPETO.World.Editor.WorldEditorSettings.get_BuiltinSettings () [0x00000] in <17d47687802b4655aaafb797c8c934f8>:0 
  at ZEPETO.World.Editor.WorldEditorSettings.get_ActiveSetting () [0x00027] in <17d47687802b4655aaafb797c8c934f8>:0 
  at ZEPETO.World.Editor.ForbiddenTypes.LoadForbiddenTypes () [0x0000a] in <78f5b00d13564108b56eb3cd14e5fc8d>:0 
  at ZEPETO.World.Editor.ForbiddenTypes.Initialize () [0x00047] in <78f5b00d13564108b56eb3cd14e5fc8d>:0 

NullReferenceException: Object reference not set to an instance of an object
  at ZEPETO.World.Editor.WorldPackageEditorUtils.GetDeserializedWorldPackageInfo () [0x00014] in <78f5b00d13564108b56eb3cd14e5fc8d>:0 
  at ZEPETO.World.Editor.WorldPackageEditorUtils.GetFieldValue[T] (System.String field) [0x00000] in <78f5b00d13564108b56eb3cd14e5fc8d>:0 
  at ZEPETO.World.Editor.WorldPackageEditorUtils.get_ZepetoMinVersion () [0x00000] in <78f5b00d13564108b56eb3cd14e5fc8d>:0 
  at ZEPETO.World.Editor.Editor.WorldEditorInitializer.EditorInitializer () [0x00000] in <78f5b00d13564108b56eb3cd14e5fc8d>:0 

Mono: successfully reloaded assembly
- Completed reload, in  1.519 seconds
Platform modules already initialized, skipping
Shader 'BuildItAssets/Stable/Water/Cube': fallback shader 'Mobile/Unlit' not found
Shader 'Jason/Build It/Water UV Scroll No Light': fallback shader 'Mobile/Unlit' not found
Shader 'Wit/StandardTransparent_js': fallback shader 'Wit/Standard(NoColor)' not found
Shader 'Jason/Build It/Water No Light': fallback shader 'Mobile/Unlit' not found
Refreshing native plugins compatible for Editor in 1.80 ms, found 4 plugins.
Preloading 0 native plugins for Editor in 0.00 ms.
Unloading 2561 Unused Serialized files (Serialized files now loaded: 0)
System memory in use before: 140.6 MB.
System memory in use after: 140.8 MB.

Unloading 118 unused Assets to reduce memory usage. Loaded Objects now: 3249.
Total: 6.612300 ms (FindLiveObjects: 0.478100 ms CreateObjectMapping: 0.101200 ms MarkObjects: 5.953800 ms  DeleteObjects: 0.077600 ms)

========================================================================
Received Prepare
Registering precompiled user dll's ...
Registered in 0.060866 seconds.
Begin MonoManager ReloadAssembly
Native extension for WindowsStandalone target not found
Refreshing native plugins compatible for Editor in 2.15 ms, found 4 plugins.
Preloading 0 native plugins for Editor in 0.00 ms.
System.NullReferenceException: Object reference not set to an instance of an object
  at ZEPETO.World.Editor.WorldEditorSettings.IsZaizai () [0x00016] in <17d47687802b4655aaafb797c8c934f8>:0 
  at ZEPETO.World.Editor.WorldEditorSettings.SelectDevelopment () [0x00001] in <17d47687802b4655aaafb797c8c934f8>:0 
  at ZEPETO.World.Editor.WorldEditorSettings.get_Development () [0x00011] in <17d47687802b4655aaafb797c8c934f8>:0 
  at ZEPETO.World.Editor.WorldEditorSettings.get_BuiltinSettings () [0x00000] in <17d47687802b4655aaafb797c8c934f8>:0 
  at ZEPETO.World.Editor.WorldEditorSettings.get_ActiveSetting () [0x00027] in <17d47687802b4655aaafb797c8c934f8>:0 
  at ZEPETO.World.Common.APIHostEditor..ctor () [0x00006] in <1a219a6a8cd249cba8ce1420b658e55e>:0 
  at ZEPETO.World.Common.APIHostInitializer..cctor () [0x00000] in <1a219a6a8cd249cba8ce1420b658e55e>:0 
UnityEngine.StackTraceUtility:ExtractStackTrace ()
UnityEngine.DebugLogHandler:LogFormat (UnityEngine.LogType,UnityEngine.Object,string,object[])
UnityEngine.Logger:Log (UnityEngine.LogType,object)
UnityEngine.Debug:LogError (object)
UnityEditor.EditorAssemblies:ProcessInitializeOnLoadAttributes (System.Type[])

NullReferenceException: Object reference not set to an instance of an object
  at ZEPETO.World.Editor.WorldEditorSettings.IsZaizai () [0x00016] in <17d47687802b4655aaafb797c8c934f8>:0 
  at ZEPETO.World.Editor.WorldEditorSettings.SelectDevelopment () [0x00001] in <17d47687802b4655aaafb797c8c934f8>:0 
  at ZEPETO.World.Editor.WorldEditorSettings.get_Development () [0x00011] in <17d47687802b4655aaafb797c8c934f8>:0 
  at ZEPETO.World.Editor.WorldEnvironmentInitializer.MultiplaySettingInitialize () [0x00000] in <78f5b00d13564108b56eb3cd14e5fc8d>:0 
  at ZEPETO.World.Editor.WorldEnvironmentInitializer.InitializeOnLoadMethod () [0x00000] in <78f5b00d13564108b56eb3cd14e5fc8d>:0 

NullReferenceException: Object reference not set to an instance of an object
  at ZEPETO.World.Editor.WorldEditorSettings.IsZaizai () [0x00016] in <17d47687802b4655aaafb797c8c934f8>:0 
  at ZEPETO.World.Editor.WorldEditorSettings.SelectDevelopment () [0x00001] in <17d47687802b4655aaafb797c8c934f8>:0 
  at ZEPETO.World.Editor.WorldEditorSettings.get_Development () [0x00011] in <17d47687802b4655aaafb797c8c934f8>:0 
  at ZEPETO.World.Editor.WorldEditorSettings.get_BuiltinSettings () [0x00000] in <17d47687802b4655aaafb797c8c934f8>:0 
  at ZEPETO.World.Editor.WorldEditorSettings.get_ActiveSetting () [0x00027] in <17d47687802b4655aaafb797c8c934f8>:0 
  at ZEPETO.World.Editor.ForbiddenTypes.LoadForbiddenTypes () [0x0000a] in <78f5b00d13564108b56eb3cd14e5fc8d>:0 
  at ZEPETO.World.Editor.ForbiddenTypes.Initialize () [0x00047] in <78f5b00d13564108b56eb3cd14e5fc8d>:0 

NullReferenceException: Object reference not set to an instance of an object
  at ZEPETO.World.Editor.WorldPackageEditorUtils.GetDeserializedWorldPackageInfo () [0x00014] in <78f5b00d13564108b56eb3cd14e5fc8d>:0 
  at ZEPETO.World.Editor.WorldPackageEditorUtils.GetFieldValue[T] (System.String field) [0x00000] in <78f5b00d13564108b56eb3cd14e5fc8d>:0 
  at ZEPETO.World.Editor.WorldPackageEditorUtils.get_ZepetoMinVersion () [0x00000] in <78f5b00d13564108b56eb3cd14e5fc8d>:0 
  at ZEPETO.World.Editor.Editor.WorldEditorInitializer.EditorInitializer () [0x00000] in <78f5b00d13564108b56eb3cd14e5fc8d>:0 

Mono: successfully reloaded assembly
- Completed reload, in  1.482 seconds
Platform modules already initialized, skipping
Shader 'BuildItAssets/Stable/Water/Cube': fallback shader 'Mobile/Unlit' not found
Shader 'Jason/Build It/Water UV Scroll No Light': fallback shader 'Mobile/Unlit' not found
Shader 'Wit/StandardTransparent_js': fallback shader 'Wit/Standard(NoColor)' not found
Shader 'Jason/Build It/Water No Light': fallback shader 'Mobile/Unlit' not found
Refreshing native plugins compatible for Editor in 2.08 ms, found 4 plugins.
Preloading 0 native plugins for Editor in 0.00 ms.
Unloading 2561 Unused Serialized files (Serialized files now loaded: 0)
System memory in use before: 140.6 MB.
System memory in use after: 140.8 MB.

Unloading 118 unused Assets to reduce memory usage. Loaded Objects now: 3252.
Total: 6.313400 ms (FindLiveObjects: 0.510400 ms CreateObjectMapping: 0.100300 ms MarkObjects: 5.631500 ms  DeleteObjects: 0.069500 ms)

========================================================================
Received Prepare
Registering precompiled user dll's ...
Registered in 0.070822 seconds.
Begin MonoManager ReloadAssembly
Native extension for WindowsStandalone target not found
Refreshing native plugins compatible for Editor in 2.21 ms, found 4 plugins.
Preloading 0 native plugins for Editor in 0.00 ms.
System.NullReferenceException: Object reference not set to an instance of an object
  at ZEPETO.World.Editor.WorldEditorSettings.IsZaizai () [0x00016] in <17d47687802b4655aaafb797c8c934f8>:0 
  at ZEPETO.World.Editor.WorldEditorSettings.SelectDevelopment () [0x00001] in <17d47687802b4655aaafb797c8c934f8>:0 
  at ZEPETO.World.Editor.WorldEditorSettings.get_Development () [0x00011] in <17d47687802b4655aaafb797c8c934f8>:0 
  at ZEPETO.World.Editor.WorldEditorSettings.get_BuiltinSettings () [0x00000] in <17d47687802b4655aaafb797c8c934f8>:0 
  at ZEPETO.World.Editor.WorldEditorSettings.get_ActiveSetting () [0x00027] in <17d47687802b4655aaafb797c8c934f8>:0 
  at ZEPETO.World.Common.APIHostEditor..ctor () [0x00006] in <1a219a6a8cd249cba8ce1420b658e55e>:0 
  at ZEPETO.World.Common.APIHostInitializer..cctor () [0x00000] in <1a219a6a8cd249cba8ce1420b658e55e>:0 
UnityEngine.StackTraceUtility:ExtractStackTrace ()
UnityEngine.DebugLogHandler:LogFormat (UnityEngine.LogType,UnityEngine.Object,string,object[])
UnityEngine.Logger:Log (UnityEngine.LogType,object)
UnityEngine.Debug:LogError (object)
UnityEditor.EditorAssemblies:ProcessInitializeOnLoadAttributes (System.Type[])

NullReferenceException: Object reference not set to an instance of an object
  at ZEPETO.World.Editor.WorldEditorSettings.IsZaizai () [0x00016] in <17d47687802b4655aaafb797c8c934f8>:0 
  at ZEPETO.World.Editor.WorldEditorSettings.SelectDevelopment () [0x00001] in <17d47687802b4655aaafb797c8c934f8>:0 
  at ZEPETO.World.Editor.WorldEditorSettings.get_Development () [0x00011] in <17d47687802b4655aaafb797c8c934f8>:0 
  at ZEPETO.World.Editor.WorldEnvironmentInitializer.MultiplaySettingInitialize () [0x00000] in <78f5b00d13564108b56eb3cd14e5fc8d>:0 
  at ZEPETO.World.Editor.WorldEnvironmentInitializer.InitializeOnLoadMethod () [0x00000] in <78f5b00d13564108b56eb3cd14e5fc8d>:0 

NullReferenceException: Object reference not set to an instance of an object
  at ZEPETO.World.Editor.WorldEditorSettings.IsZaizai () [0x00016] in <17d47687802b4655aaafb797c8c934f8>:0 
  at ZEPETO.World.Editor.WorldEditorSettings.SelectDevelopment () [0x00001] in <17d47687802b4655aaafb797c8c934f8>:0 
  at ZEPETO.World.Editor.WorldEditorSettings.get_Development () [0x00011] in <17d47687802b4655aaafb797c8c934f8>:0 
  at ZEPETO.World.Editor.WorldEditorSettings.get_BuiltinSettings () [0x00000] in <17d47687802b4655aaafb797c8c934f8>:0 
  at ZEPETO.World.Editor.WorldEditorSettings.get_ActiveSetting () [0x00027] in <17d47687802b4655aaafb797c8c934f8>:0 
  at ZEPETO.World.Editor.ForbiddenTypes.LoadForbiddenTypes () [0x0000a] in <78f5b00d13564108b56eb3cd14e5fc8d>:0 
  at ZEPETO.World.Editor.ForbiddenTypes.Initialize () [0x00047] in <78f5b00d13564108b56eb3cd14e5fc8d>:0 

NullReferenceException: Object reference not set to an instance of an object
  at ZEPETO.World.Editor.WorldPackageEditorUtils.GetDeserializedWorldPackageInfo () [0x00014] in <78f5b00d13564108b56eb3cd14e5fc8d>:0 
  at ZEPETO.World.Editor.WorldPackageEditorUtils.GetFieldValue[T] (System.String field) [0x00000] in <78f5b00d13564108b56eb3cd14e5fc8d>:0 
  at ZEPETO.World.Editor.WorldPackageEditorUtils.get_ZepetoMinVersion () [0x00000] in <78f5b00d13564108b56eb3cd14e5fc8d>:0 
  at ZEPETO.World.Editor.Editor.WorldEditorInitializer.EditorInitializer () [0x00000] in <78f5b00d13564108b56eb3cd14e5fc8d>:0 

Mono: successfully reloaded assembly
- Completed reload, in  1.757 seconds
Platform modules already initialized, skipping
Shader 'BuildItAssets/Stable/Water/Cube': fallback shader 'Mobile/Unlit' not found
Shader 'Jason/Build It/Water UV Scroll No Light': fallback shader 'Mobile/Unlit' not found
Shader 'Wit/StandardTransparent_js': fallback shader 'Wit/Standard(NoColor)' not found
Shader 'Jason/Build It/Water No Light': fallback shader 'Mobile/Unlit' not found
Refreshing native plugins compatible for Editor in 2.18 ms, found 4 plugins.
Preloading 0 native plugins for Editor in 0.00 ms.
Unloading 2561 Unused Serialized files (Serialized files now loaded: 0)
System memory in use before: 140.6 MB.
System memory in use after: 140.9 MB.

Unloading 118 unused Assets to reduce memory usage. Loaded Objects now: 3255.
Total: 8.314100 ms (FindLiveObjects: 0.533300 ms CreateObjectMapping: 0.089000 ms MarkObjects: 7.610300 ms  DeleteObjects: 0.079800 ms)

========================================================================
Received Import Request.
  Time since last request: 646.055595 seconds.
  path: Assets/Resources/Audio/BGM/#441 PROG1 - HaveMusik.mp3
  artifactKey: Guid(de6f00915bc1cf84996e190c037a6be8) Importer(815301076,1909f56bfc062723c751e8b465ee728b)
Start importing Assets/Resources/Audio/BGM/#441 PROG1 - HaveMusik.mp3 using Guid(de6f00915bc1cf84996e190c037a6be8) Importer(815301076,1909f56bfc062723c751e8b465ee728b)  -> (artifact id: '30da3011d11ba77f05600ba7b216e758') in 0.071098 seconds
  Import took 0.079244 seconds .

========================================================================
Received Import Request.
  Time since last request: 8.698052 seconds.
  path: Assets/Resources/Audio/BGM/PROG1 - HaveMusik.mp3
  artifactKey: Guid(de6f00915bc1cf84996e190c037a6be8) Importer(815301076,1909f56bfc062723c751e8b465ee728b)
Start importing Assets/Resources/Audio/BGM/PROG1 - HaveMusik.mp3 using Guid(de6f00915bc1cf84996e190c037a6be8) Importer(815301076,1909f56bfc062723c751e8b465ee728b)  -> (artifact id: '5f94cc26fc823ca725628a7b6c932a9b') in 0.014933 seconds
  Import took 0.021847 seconds .

========================================================================
Received Prepare
Registering precompiled user dll's ...
Registered in 0.063812 seconds.
Begin MonoManager ReloadAssembly
Native extension for WindowsStandalone target not found
Refreshing native plugins compatible for Editor in 2.53 ms, found 4 plugins.
Preloading 0 native plugins for Editor in 0.00 ms.
System.NullReferenceException: Object reference not set to an instance of an object
  at ZEPETO.World.Editor.WorldEditorSettings.IsZaizai () [0x00016] in <17d47687802b4655aaafb797c8c934f8>:0 
  at ZEPETO.World.Editor.WorldEditorSettings.SelectDevelopment () [0x00001] in <17d47687802b4655aaafb797c8c934f8>:0 
  at ZEPETO.World.Editor.WorldEditorSettings.get_Development () [0x00011] in <17d47687802b4655aaafb797c8c934f8>:0 
  at ZEPETO.World.Editor.WorldEditorSettings.get_BuiltinSettings () [0x00000] in <17d47687802b4655aaafb797c8c934f8>:0 
  at ZEPETO.World.Editor.WorldEditorSettings.get_ActiveSetting () [0x00027] in <17d47687802b4655aaafb797c8c934f8>:0 
  at ZEPETO.World.Common.APIHostEditor..ctor () [0x00006] in <1a219a6a8cd249cba8ce1420b658e55e>:0 
  at ZEPETO.World.Common.APIHostInitializer..cctor () [0x00000] in <1a219a6a8cd249cba8ce1420b658e55e>:0 
UnityEngine.StackTraceUtility:ExtractStackTrace ()
UnityEngine.DebugLogHandler:LogFormat (UnityEngine.LogType,UnityEngine.Object,string,object[])
UnityEngine.Logger:Log (UnityEngine.LogType,object)
UnityEngine.Debug:LogError (object)
UnityEditor.EditorAssemblies:ProcessInitializeOnLoadAttributes (System.Type[])

NullReferenceException: Object reference not set to an instance of an object
  at ZEPETO.World.Editor.WorldEditorSettings.IsZaizai () [0x00016] in <17d47687802b4655aaafb797c8c934f8>:0 
  at ZEPETO.World.Editor.WorldEditorSettings.SelectDevelopment () [0x00001] in <17d47687802b4655aaafb797c8c934f8>:0 
  at ZEPETO.World.Editor.WorldEditorSettings.get_Development () [0x00011] in <17d47687802b4655aaafb797c8c934f8>:0 
  at ZEPETO.World.Editor.WorldEnvironmentInitializer.MultiplaySettingInitialize () [0x00000] in <78f5b00d13564108b56eb3cd14e5fc8d>:0 
  at ZEPETO.World.Editor.WorldEnvironmentInitializer.InitializeOnLoadMethod () [0x00000] in <78f5b00d13564108b56eb3cd14e5fc8d>:0 

NullReferenceException: Object reference not set to an instance of an object
  at ZEPETO.World.Editor.WorldEditorSettings.IsZaizai () [0x00016] in <17d47687802b4655aaafb797c8c934f8>:0 
  at ZEPETO.World.Editor.WorldEditorSettings.SelectDevelopment () [0x00001] in <17d47687802b4655aaafb797c8c934f8>:0 
  at ZEPETO.World.Editor.WorldEditorSettings.get_Development () [0x00011] in <17d47687802b4655aaafb797c8c934f8>:0 
  at ZEPETO.World.Editor.WorldEditorSettings.get_BuiltinSettings () [0x00000] in <17d47687802b4655aaafb797c8c934f8>:0 
  at ZEPETO.World.Editor.WorldEditorSettings.get_ActiveSetting () [0x00027] in <17d47687802b4655aaafb797c8c934f8>:0 
  at ZEPETO.World.Editor.ForbiddenTypes.LoadForbiddenTypes () [0x0000a] in <78f5b00d13564108b56eb3cd14e5fc8d>:0 
  at ZEPETO.World.Editor.ForbiddenTypes.Initialize () [0x00047] in <78f5b00d13564108b56eb3cd14e5fc8d>:0 

NullReferenceException: Object reference not set to an instance of an object
  at ZEPETO.World.Editor.WorldPackageEditorUtils.GetDeserializedWorldPackageInfo () [0x00014] in <78f5b00d13564108b56eb3cd14e5fc8d>:0 
  at ZEPETO.World.Editor.WorldPackageEditorUtils.GetFieldValue[T] (System.String field) [0x00000] in <78f5b00d13564108b56eb3cd14e5fc8d>:0 
  at ZEPETO.World.Editor.WorldPackageEditorUtils.get_ZepetoMinVersion () [0x00000] in <78f5b00d13564108b56eb3cd14e5fc8d>:0 
  at ZEPETO.World.Editor.Editor.WorldEditorInitializer.EditorInitializer () [0x00000] in <78f5b00d13564108b56eb3cd14e5fc8d>:0 

Mono: successfully reloaded assembly
- Completed reload, in  1.706 seconds
Platform modules already initialized, skipping
Shader 'BuildItAssets/Stable/Water/Cube': fallback shader 'Mobile/Unlit' not found
Shader 'Jason/Build It/Water UV Scroll No Light': fallback shader 'Mobile/Unlit' not found
Shader 'Wit/StandardTransparent_js': fallback shader 'Wit/Standard(NoColor)' not found
Shader 'Jason/Build It/Water No Light': fallback shader 'Mobile/Unlit' not found
Refreshing native plugins compatible for Editor in 1.74 ms, found 4 plugins.
Preloading 0 native plugins for Editor in 0.00 ms.
Unloading 2561 Unused Serialized files (Serialized files now loaded: 0)
System memory in use before: 140.7 MB.
System memory in use after: 140.9 MB.

Unloading 118 unused Assets to reduce memory usage. Loaded Objects now: 3259.
Total: 6.752900 ms (FindLiveObjects: 0.319900 ms CreateObjectMapping: 0.074100 ms MarkObjects: 6.275100 ms  DeleteObjects: 0.082100 ms)

========================================================================
Received Prepare
Registering precompiled user dll's ...
Registered in 0.071130 seconds.
Begin MonoManager ReloadAssembly
Native extension for WindowsStandalone target not found
Refreshing native plugins compatible for Editor in 2.16 ms, found 4 plugins.
Preloading 0 native plugins for Editor in 0.00 ms.
System.NullReferenceException: Object reference not set to an instance of an object
  at ZEPETO.World.Editor.WorldEditorSettings.IsZaizai () [0x00016] in <17d47687802b4655aaafb797c8c934f8>:0 
  at ZEPETO.World.Editor.WorldEditorSettings.SelectDevelopment () [0x00001] in <17d47687802b4655aaafb797c8c934f8>:0 
  at ZEPETO.World.Editor.WorldEditorSettings.get_Development () [0x00011] in <17d47687802b4655aaafb797c8c934f8>:0 
  at ZEPETO.World.Editor.WorldEditorSettings.get_BuiltinSettings () [0x00000] in <17d47687802b4655aaafb797c8c934f8>:0 
  at ZEPETO.World.Editor.WorldEditorSettings.get_ActiveSetting () [0x00027] in <17d47687802b4655aaafb797c8c934f8>:0 
  at ZEPETO.World.Common.APIHostEditor..ctor () [0x00006] in <1a219a6a8cd249cba8ce1420b658e55e>:0 
  at ZEPETO.World.Common.APIHostInitializer..cctor () [0x00000] in <1a219a6a8cd249cba8ce1420b658e55e>:0 
UnityEngine.StackTraceUtility:ExtractStackTrace ()
UnityEngine.DebugLogHandler:LogFormat (UnityEngine.LogType,UnityEngine.Object,string,object[])
UnityEngine.Logger:Log (UnityEngine.LogType,object)
UnityEngine.Debug:LogError (object)
UnityEditor.EditorAssemblies:ProcessInitializeOnLoadAttributes (System.Type[])

NullReferenceException: Object reference not set to an instance of an object
  at ZEPETO.World.Editor.WorldEditorSettings.IsZaizai () [0x00016] in <17d47687802b4655aaafb797c8c934f8>:0 
  at ZEPETO.World.Editor.WorldEditorSettings.SelectDevelopment () [0x00001] in <17d47687802b4655aaafb797c8c934f8>:0 
  at ZEPETO.World.Editor.WorldEditorSettings.get_Development () [0x00011] in <17d47687802b4655aaafb797c8c934f8>:0 
  at ZEPETO.World.Editor.WorldEnvironmentInitializer.MultiplaySettingInitialize () [0x00000] in <78f5b00d13564108b56eb3cd14e5fc8d>:0 
  at ZEPETO.World.Editor.WorldEnvironmentInitializer.InitializeOnLoadMethod () [0x00000] in <78f5b00d13564108b56eb3cd14e5fc8d>:0 

NullReferenceException: Object reference not set to an instance of an object
  at ZEPETO.World.Editor.WorldEditorSettings.IsZaizai () [0x00016] in <17d47687802b4655aaafb797c8c934f8>:0 
  at ZEPETO.World.Editor.WorldEditorSettings.SelectDevelopment () [0x00001] in <17d47687802b4655aaafb797c8c934f8>:0 
  at ZEPETO.World.Editor.WorldEditorSettings.get_Development () [0x00011] in <17d47687802b4655aaafb797c8c934f8>:0 
  at ZEPETO.World.Editor.WorldEditorSettings.get_BuiltinSettings () [0x00000] in <17d47687802b4655aaafb797c8c934f8>:0 
  at ZEPETO.World.Editor.WorldEditorSettings.get_ActiveSetting () [0x00027] in <17d47687802b4655aaafb797c8c934f8>:0 
  at ZEPETO.World.Editor.ForbiddenTypes.LoadForbiddenTypes () [0x0000a] in <78f5b00d13564108b56eb3cd14e5fc8d>:0 
  at ZEPETO.World.Editor.ForbiddenTypes.Initialize () [0x00047] in <78f5b00d13564108b56eb3cd14e5fc8d>:0 

NullReferenceException: Object reference not set to an instance of an object
  at ZEPETO.World.Editor.WorldPackageEditorUtils.GetDeserializedWorldPackageInfo () [0x00014] in <78f5b00d13564108b56eb3cd14e5fc8d>:0 
  at ZEPETO.World.Editor.WorldPackageEditorUtils.GetFieldValue[T] (System.String field) [0x00000] in <78f5b00d13564108b56eb3cd14e5fc8d>:0 
  at ZEPETO.World.Editor.WorldPackageEditorUtils.get_ZepetoMinVersion () [0x00000] in <78f5b00d13564108b56eb3cd14e5fc8d>:0 
  at ZEPETO.World.Editor.Editor.WorldEditorInitializer.EditorInitializer () [0x00000] in <78f5b00d13564108b56eb3cd14e5fc8d>:0 

Mono: successfully reloaded assembly
- Completed reload, in  1.576 seconds
Platform modules already initialized, skipping
Shader 'BuildItAssets/Stable/Water/Cube': fallback shader 'Mobile/Unlit' not found
Shader 'Jason/Build It/Water UV Scroll No Light': fallback shader 'Mobile/Unlit' not found
Shader 'Wit/StandardTransparent_js': fallback shader 'Wit/Standard(NoColor)' not found
Shader 'Jason/Build It/Water No Light': fallback shader 'Mobile/Unlit' not found
Refreshing native plugins compatible for Editor in 1.48 ms, found 4 plugins.
Preloading 0 native plugins for Editor in 0.00 ms.
Unloading 2561 Unused Serialized files (Serialized files now loaded: 0)
System memory in use before: 140.7 MB.
System memory in use after: 140.9 MB.

Unloading 118 unused Assets to reduce memory usage. Loaded Objects now: 3262.
Total: 6.160000 ms (FindLiveObjects: 0.331500 ms CreateObjectMapping: 0.065600 ms MarkObjects: 5.689900 ms  DeleteObjects: 0.071500 ms)

========================================================================
Received Prepare
Registering precompiled user dll's ...
Registered in 0.074422 seconds.
Begin MonoManager ReloadAssembly
Native extension for WindowsStandalone target not found
Refreshing native plugins compatible for Editor in 1.71 ms, found 4 plugins.
Preloading 0 native plugins for Editor in 0.00 ms.
System.NullReferenceException: Object reference not set to an instance of an object
  at ZEPETO.World.Editor.WorldEditorSettings.IsZaizai () [0x00016] in <17d47687802b4655aaafb797c8c934f8>:0 
  at ZEPETO.World.Editor.WorldEditorSettings.SelectDevelopment () [0x00001] in <17d47687802b4655aaafb797c8c934f8>:0 
  at ZEPETO.World.Editor.WorldEditorSettings.get_Development () [0x00011] in <17d47687802b4655aaafb797c8c934f8>:0 
  at ZEPETO.World.Editor.WorldEditorSettings.get_BuiltinSettings () [0x00000] in <17d47687802b4655aaafb797c8c934f8>:0 
  at ZEPETO.World.Editor.WorldEditorSettings.get_ActiveSetting () [0x00027] in <17d47687802b4655aaafb797c8c934f8>:0 
  at ZEPETO.World.Common.APIHostEditor..ctor () [0x00006] in <1a219a6a8cd249cba8ce1420b658e55e>:0 
  at ZEPETO.World.Common.APIHostInitializer..cctor () [0x00000] in <1a219a6a8cd249cba8ce1420b658e55e>:0 
UnityEngine.StackTraceUtility:ExtractStackTrace ()
UnityEngine.DebugLogHandler:LogFormat (UnityEngine.LogType,UnityEngine.Object,string,object[])
UnityEngine.Logger:Log (UnityEngine.LogType,object)
UnityEngine.Debug:LogError (object)
UnityEditor.EditorAssemblies:ProcessInitializeOnLoadAttributes (System.Type[])

NullReferenceException: Object reference not set to an instance of an object
  at ZEPETO.World.Editor.WorldEditorSettings.IsZaizai () [0x00016] in <17d47687802b4655aaafb797c8c934f8>:0 
  at ZEPETO.World.Editor.WorldEditorSettings.SelectDevelopment () [0x00001] in <17d47687802b4655aaafb797c8c934f8>:0 
  at ZEPETO.World.Editor.WorldEditorSettings.get_Development () [0x00011] in <17d47687802b4655aaafb797c8c934f8>:0 
  at ZEPETO.World.Editor.WorldEnvironmentInitializer.MultiplaySettingInitialize () [0x00000] in <78f5b00d13564108b56eb3cd14e5fc8d>:0 
  at ZEPETO.World.Editor.WorldEnvironmentInitializer.InitializeOnLoadMethod () [0x00000] in <78f5b00d13564108b56eb3cd14e5fc8d>:0 

NullReferenceException: Object reference not set to an instance of an object
  at ZEPETO.World.Editor.WorldEditorSettings.IsZaizai () [0x00016] in <17d47687802b4655aaafb797c8c934f8>:0 
  at ZEPETO.World.Editor.WorldEditorSettings.SelectDevelopment () [0x00001] in <17d47687802b4655aaafb797c8c934f8>:0 
  at ZEPETO.World.Editor.WorldEditorSettings.get_Development () [0x00011] in <17d47687802b4655aaafb797c8c934f8>:0 
  at ZEPETO.World.Editor.WorldEditorSettings.get_BuiltinSettings () [0x00000] in <17d47687802b4655aaafb797c8c934f8>:0 
  at ZEPETO.World.Editor.WorldEditorSettings.get_ActiveSetting () [0x00027] in <17d47687802b4655aaafb797c8c934f8>:0 
  at ZEPETO.World.Editor.ForbiddenTypes.LoadForbiddenTypes () [0x0000a] in <78f5b00d13564108b56eb3cd14e5fc8d>:0 
  at ZEPETO.World.Editor.ForbiddenTypes.Initialize () [0x00047] in <78f5b00d13564108b56eb3cd14e5fc8d>:0 

NullReferenceException: Object reference not set to an instance of an object
  at ZEPETO.World.Editor.WorldPackageEditorUtils.GetDeserializedWorldPackageInfo () [0x00014] in <78f5b00d13564108b56eb3cd14e5fc8d>:0 
  at ZEPETO.World.Editor.WorldPackageEditorUtils.GetFieldValue[T] (System.String field) [0x00000] in <78f5b00d13564108b56eb3cd14e5fc8d>:0 
  at ZEPETO.World.Editor.WorldPackageEditorUtils.get_ZepetoMinVersion () [0x00000] in <78f5b00d13564108b56eb3cd14e5fc8d>:0 
  at ZEPETO.World.Editor.Editor.WorldEditorInitializer.EditorInitializer () [0x00000] in <78f5b00d13564108b56eb3cd14e5fc8d>:0 

Mono: successfully reloaded assembly
- Completed reload, in  1.763 seconds
Platform modules already initialized, skipping
Shader 'BuildItAssets/Stable/Water/Cube': fallback shader 'Mobile/Unlit' not found
Shader 'Jason/Build It/Water UV Scroll No Light': fallback shader 'Mobile/Unlit' not found
Shader 'Wit/StandardTransparent_js': fallback shader 'Wit/Standard(NoColor)' not found
Shader 'Jason/Build It/Water No Light': fallback shader 'Mobile/Unlit' not found
Refreshing native plugins compatible for Editor in 1.72 ms, found 4 plugins.
Preloading 0 native plugins for Editor in 0.00 ms.
Unloading 2561 Unused Serialized files (Serialized files now loaded: 0)
System memory in use before: 140.7 MB.
System memory in use after: 140.9 MB.

Unloading 118 unused Assets to reduce memory usage. Loaded Objects now: 3265.
Total: 7.384000 ms (FindLiveObjects: 0.480600 ms CreateObjectMapping: 0.097500 ms MarkObjects: 6.716800 ms  DeleteObjects: 0.087100 ms)

========================================================================
Received Prepare
Registering precompiled user dll's ...
Registered in 0.064469 seconds.
Begin MonoManager ReloadAssembly
Native extension for WindowsStandalone target not found
Refreshing native plugins compatible for Editor in 1.74 ms, found 4 plugins.
Preloading 0 native plugins for Editor in 0.00 ms.
System.NullReferenceException: Object reference not set to an instance of an object
  at ZEPETO.World.Editor.WorldEditorSettings.IsZaizai () [0x00016] in <17d47687802b4655aaafb797c8c934f8>:0 
  at ZEPETO.World.Editor.WorldEditorSettings.SelectDevelopment () [0x00001] in <17d47687802b4655aaafb797c8c934f8>:0 
  at ZEPETO.World.Editor.WorldEditorSettings.get_Development () [0x00011] in <17d47687802b4655aaafb797c8c934f8>:0 
  at ZEPETO.World.Editor.WorldEditorSettings.get_BuiltinSettings () [0x00000] in <17d47687802b4655aaafb797c8c934f8>:0 
  at ZEPETO.World.Editor.WorldEditorSettings.get_ActiveSetting () [0x00027] in <17d47687802b4655aaafb797c8c934f8>:0 
  at ZEPETO.World.Common.APIHostEditor..ctor () [0x00006] in <1a219a6a8cd249cba8ce1420b658e55e>:0 
  at ZEPETO.World.Common.APIHostInitializer..cctor () [0x00000] in <1a219a6a8cd249cba8ce1420b658e55e>:0 
UnityEngine.StackTraceUtility:ExtractStackTrace ()
UnityEngine.DebugLogHandler:LogFormat (UnityEngine.LogType,UnityEngine.Object,string,object[])
UnityEngine.Logger:Log (UnityEngine.LogType,object)
UnityEngine.Debug:LogError (object)
UnityEditor.EditorAssemblies:ProcessInitializeOnLoadAttributes (System.Type[])

NullReferenceException: Object reference not set to an instance of an object
  at ZEPETO.World.Editor.WorldEditorSettings.IsZaizai () [0x00016] in <17d47687802b4655aaafb797c8c934f8>:0 
  at ZEPETO.World.Editor.WorldEditorSettings.SelectDevelopment () [0x00001] in <17d47687802b4655aaafb797c8c934f8>:0 
  at ZEPETO.World.Editor.WorldEditorSettings.get_Development () [0x00011] in <17d47687802b4655aaafb797c8c934f8>:0 
  at ZEPETO.World.Editor.WorldEnvironmentInitializer.MultiplaySettingInitialize () [0x00000] in <78f5b00d13564108b56eb3cd14e5fc8d>:0 
  at ZEPETO.World.Editor.WorldEnvironmentInitializer.InitializeOnLoadMethod () [0x00000] in <78f5b00d13564108b56eb3cd14e5fc8d>:0 

NullReferenceException: Object reference not set to an instance of an object
  at ZEPETO.World.Editor.WorldEditorSettings.IsZaizai () [0x00016] in <17d47687802b4655aaafb797c8c934f8>:0 
  at ZEPETO.World.Editor.WorldEditorSettings.SelectDevelopment () [0x00001] in <17d47687802b4655aaafb797c8c934f8>:0 
  at ZEPETO.World.Editor.WorldEditorSettings.get_Development () [0x00011] in <17d47687802b4655aaafb797c8c934f8>:0 
  at ZEPETO.World.Editor.WorldEditorSettings.get_BuiltinSettings () [0x00000] in <17d47687802b4655aaafb797c8c934f8>:0 
  at ZEPETO.World.Editor.WorldEditorSettings.get_ActiveSetting () [0x00027] in <17d47687802b4655aaafb797c8c934f8>:0 
  at ZEPETO.World.Editor.ForbiddenTypes.LoadForbiddenTypes () [0x0000a] in <78f5b00d13564108b56eb3cd14e5fc8d>:0 
  at ZEPETO.World.Editor.ForbiddenTypes.Initialize () [0x00047] in <78f5b00d13564108b56eb3cd14e5fc8d>:0 

NullReferenceException: Object reference not set to an instance of an object
  at ZEPETO.World.Editor.WorldPackageEditorUtils.GetDeserializedWorldPackageInfo () [0x00014] in <78f5b00d13564108b56eb3cd14e5fc8d>:0 
  at ZEPETO.World.Editor.WorldPackageEditorUtils.GetFieldValue[T] (System.String field) [0x00000] in <78f5b00d13564108b56eb3cd14e5fc8d>:0 
  at ZEPETO.World.Editor.WorldPackageEditorUtils.get_ZepetoMinVersion () [0x00000] in <78f5b00d13564108b56eb3cd14e5fc8d>:0 
  at ZEPETO.World.Editor.Editor.WorldEditorInitializer.EditorInitializer () [0x00000] in <78f5b00d13564108b56eb3cd14e5fc8d>:0 

Mono: successfully reloaded assembly
- Completed reload, in  1.402 seconds
Platform modules already initialized, skipping
Shader 'BuildItAssets/Stable/Water/Cube': fallback shader 'Mobile/Unlit' not found
Shader 'Jason/Build It/Water UV Scroll No Light': fallback shader 'Mobile/Unlit' not found
Shader 'Wit/StandardTransparent_js': fallback shader 'Wit/Standard(NoColor)' not found
Shader 'Jason/Build It/Water No Light': fallback shader 'Mobile/Unlit' not found
Refreshing native plugins compatible for Editor in 2.04 ms, found 4 plugins.
Preloading 0 native plugins for Editor in 0.00 ms.
Unloading 2561 Unused Serialized files (Serialized files now loaded: 0)
System memory in use before: 140.7 MB.
System memory in use after: 140.9 MB.

Unloading 118 unused Assets to reduce memory usage. Loaded Objects now: 3268.
Total: 7.619700 ms (FindLiveObjects: 0.465100 ms CreateObjectMapping: 0.089900 ms MarkObjects: 6.959800 ms  DeleteObjects: 0.103100 ms)

========================================================================
Received Prepare
Registering precompiled user dll's ...
Registered in 0.079147 seconds.
Begin MonoManager ReloadAssembly
Native extension for WindowsStandalone target not found
Refreshing native plugins compatible for Editor in 1.62 ms, found 4 plugins.
Preloading 0 native plugins for Editor in 0.00 ms.
System.NullReferenceException: Object reference not set to an instance of an object
  at ZEPETO.World.Editor.WorldEditorSettings.IsZaizai () [0x00016] in <17d47687802b4655aaafb797c8c934f8>:0 
  at ZEPETO.World.Editor.WorldEditorSettings.SelectDevelopment () [0x00001] in <17d47687802b4655aaafb797c8c934f8>:0 
  at ZEPETO.World.Editor.WorldEditorSettings.get_Development () [0x00011] in <17d47687802b4655aaafb797c8c934f8>:0 
  at ZEPETO.World.Editor.WorldEditorSettings.get_BuiltinSettings () [0x00000] in <17d47687802b4655aaafb797c8c934f8>:0 
  at ZEPETO.World.Editor.WorldEditorSettings.get_ActiveSetting () [0x00027] in <17d47687802b4655aaafb797c8c934f8>:0 
  at ZEPETO.World.Common.APIHostEditor..ctor () [0x00006] in <1a219a6a8cd249cba8ce1420b658e55e>:0 
  at ZEPETO.World.Common.APIHostInitializer..cctor () [0x00000] in <1a219a6a8cd249cba8ce1420b658e55e>:0 
UnityEngine.StackTraceUtility:ExtractStackTrace ()
UnityEngine.DebugLogHandler:LogFormat (UnityEngine.LogType,UnityEngine.Object,string,object[])
UnityEngine.Logger:Log (UnityEngine.LogType,object)
UnityEngine.Debug:LogError (object)
UnityEditor.EditorAssemblies:ProcessInitializeOnLoadAttributes (System.Type[])

NullReferenceException: Object reference not set to an instance of an object
  at ZEPETO.World.Editor.WorldEditorSettings.IsZaizai () [0x00016] in <17d47687802b4655aaafb797c8c934f8>:0 
  at ZEPETO.World.Editor.WorldEditorSettings.SelectDevelopment () [0x00001] in <17d47687802b4655aaafb797c8c934f8>:0 
  at ZEPETO.World.Editor.WorldEditorSettings.get_Development () [0x00011] in <17d47687802b4655aaafb797c8c934f8>:0 
  at ZEPETO.World.Editor.WorldEnvironmentInitializer.MultiplaySettingInitialize () [0x00000] in <78f5b00d13564108b56eb3cd14e5fc8d>:0 
  at ZEPETO.World.Editor.WorldEnvironmentInitializer.InitializeOnLoadMethod () [0x00000] in <78f5b00d13564108b56eb3cd14e5fc8d>:0 

NullReferenceException: Object reference not set to an instance of an object
  at ZEPETO.World.Editor.WorldEditorSettings.IsZaizai () [0x00016] in <17d47687802b4655aaafb797c8c934f8>:0 
  at ZEPETO.World.Editor.WorldEditorSettings.SelectDevelopment () [0x00001] in <17d47687802b4655aaafb797c8c934f8>:0 
  at ZEPETO.World.Editor.WorldEditorSettings.get_Development () [0x00011] in <17d47687802b4655aaafb797c8c934f8>:0 
  at ZEPETO.World.Editor.WorldEditorSettings.get_BuiltinSettings () [0x00000] in <17d47687802b4655aaafb797c8c934f8>:0 
  at ZEPETO.World.Editor.WorldEditorSettings.get_ActiveSetting () [0x00027] in <17d47687802b4655aaafb797c8c934f8>:0 
  at ZEPETO.World.Editor.ForbiddenTypes.LoadForbiddenTypes () [0x0000a] in <78f5b00d13564108b56eb3cd14e5fc8d>:0 
  at ZEPETO.World.Editor.ForbiddenTypes.Initialize () [0x00047] in <78f5b00d13564108b56eb3cd14e5fc8d>:0 

NullReferenceException: Object reference not set to an instance of an object
  at ZEPETO.World.Editor.WorldPackageEditorUtils.GetDeserializedWorldPackageInfo () [0x00014] in <78f5b00d13564108b56eb3cd14e5fc8d>:0 
  at ZEPETO.World.Editor.WorldPackageEditorUtils.GetFieldValue[T] (System.String field) [0x00000] in <78f5b00d13564108b56eb3cd14e5fc8d>:0 
  at ZEPETO.World.Editor.WorldPackageEditorUtils.get_ZepetoMinVersion () [0x00000] in <78f5b00d13564108b56eb3cd14e5fc8d>:0 
  at ZEPETO.World.Editor.Editor.WorldEditorInitializer.EditorInitializer () [0x00000] in <78f5b00d13564108b56eb3cd14e5fc8d>:0 

Mono: successfully reloaded assembly
- Completed reload, in  1.461 seconds
Platform modules already initialized, skipping
Shader 'BuildItAssets/Stable/Water/Cube': fallback shader 'Mobile/Unlit' not found
Shader 'Jason/Build It/Water UV Scroll No Light': fallback shader 'Mobile/Unlit' not found
Shader 'Wit/StandardTransparent_js': fallback shader 'Wit/Standard(NoColor)' not found
Shader 'Jason/Build It/Water No Light': fallback shader 'Mobile/Unlit' not found
Refreshing native plugins compatible for Editor in 1.65 ms, found 4 plugins.
Preloading 0 native plugins for Editor in 0.00 ms.
Unloading 2561 Unused Serialized files (Serialized files now loaded: 0)
System memory in use before: 140.7 MB.
System memory in use after: 140.9 MB.

Unloading 118 unused Assets to reduce memory usage. Loaded Objects now: 3271.
Total: 6.366500 ms (FindLiveObjects: 0.316400 ms CreateObjectMapping: 0.066400 ms MarkObjects: 5.911300 ms  DeleteObjects: 0.070800 ms)

========================================================================
Received Import Request.
  Time since last request: 5589.800417 seconds.
  path: Assets/Script/Character/GameManager.ts
  artifactKey: Guid(149f375458d0c4a438ecdbeac08de510) Importer(815301076,1909f56bfc062723c751e8b465ee728b)
Start importing Assets/Script/Character/GameManager.ts using Guid(149f375458d0c4a438ecdbeac08de510) Importer(815301076,1909f56bfc062723c751e8b465ee728b)  -> (artifact id: '67c027c298b8fd56222edd63d6095d0e') in 0.316833 seconds
  Import took 0.322763 seconds .

========================================================================
Received Import Request.
  Time since last request: 3.452574 seconds.
  path: Assets/Script/Character/GameManager.ts
  artifactKey: Guid(149f375458d0c4a438ecdbeac08de510) Importer(815301076,1909f56bfc062723c751e8b465ee728b)
Start importing Assets/Script/Character/GameManager.ts using Guid(149f375458d0c4a438ecdbeac08de510) Importer(815301076,1909f56bfc062723c751e8b465ee728b)  -> (artifact id: '67c027c298b8fd56222edd63d6095d0e') in 0.007745 seconds
  Import took 0.013823 seconds .

========================================================================
Received Prepare
Registering precompiled user dll's ...
Registered in 0.065639 seconds.
Begin MonoManager ReloadAssembly
Native extension for WindowsStandalone target not found
Refreshing native plugins compatible for Editor in 2.23 ms, found 4 plugins.
Preloading 0 native plugins for Editor in 0.00 ms.
System.NullReferenceException: Object reference not set to an instance of an object
  at ZEPETO.World.Editor.WorldEditorSettings.IsZaizai () [0x00016] in <17d47687802b4655aaafb797c8c934f8>:0 
  at ZEPETO.World.Editor.WorldEditorSettings.SelectDevelopment () [0x00001] in <17d47687802b4655aaafb797c8c934f8>:0 
  at ZEPETO.World.Editor.WorldEditorSettings.get_Development () [0x00011] in <17d47687802b4655aaafb797c8c934f8>:0 
  at ZEPETO.World.Editor.WorldEditorSettings.get_BuiltinSettings () [0x00000] in <17d47687802b4655aaafb797c8c934f8>:0 
  at ZEPETO.World.Editor.WorldEditorSettings.get_ActiveSetting () [0x00027] in <17d47687802b4655aaafb797c8c934f8>:0 
  at ZEPETO.World.Common.APIHostEditor..ctor () [0x00006] in <1a219a6a8cd249cba8ce1420b658e55e>:0 
  at ZEPETO.World.Common.APIHostInitializer..cctor () [0x00000] in <1a219a6a8cd249cba8ce1420b658e55e>:0 
UnityEngine.StackTraceUtility:ExtractStackTrace ()
UnityEngine.DebugLogHandler:LogFormat (UnityEngine.LogType,UnityEngine.Object,string,object[])
UnityEngine.Logger:Log (UnityEngine.LogType,object)
UnityEngine.Debug:LogError (object)
UnityEditor.EditorAssemblies:ProcessInitializeOnLoadAttributes (System.Type[])

NullReferenceException: Object reference not set to an instance of an object
  at ZEPETO.World.Editor.WorldEditorSettings.IsZaizai () [0x00016] in <17d47687802b4655aaafb797c8c934f8>:0 
  at ZEPETO.World.Editor.WorldEditorSettings.SelectDevelopment () [0x00001] in <17d47687802b4655aaafb797c8c934f8>:0 
  at ZEPETO.World.Editor.WorldEditorSettings.get_Development () [0x00011] in <17d47687802b4655aaafb797c8c934f8>:0 
  at ZEPETO.World.Editor.WorldEnvironmentInitializer.MultiplaySettingInitialize () [0x00000] in <78f5b00d13564108b56eb3cd14e5fc8d>:0 
  at ZEPETO.World.Editor.WorldEnvironmentInitializer.InitializeOnLoadMethod () [0x00000] in <78f5b00d13564108b56eb3cd14e5fc8d>:0 

NullReferenceException: Object reference not set to an instance of an object
  at ZEPETO.World.Editor.WorldEditorSettings.IsZaizai () [0x00016] in <17d47687802b4655aaafb797c8c934f8>:0 
  at ZEPETO.World.Editor.WorldEditorSettings.SelectDevelopment () [0x00001] in <17d47687802b4655aaafb797c8c934f8>:0 
  at ZEPETO.World.Editor.WorldEditorSettings.get_Development () [0x00011] in <17d47687802b4655aaafb797c8c934f8>:0 
  at ZEPETO.World.Editor.WorldEditorSettings.get_BuiltinSettings () [0x00000] in <17d47687802b4655aaafb797c8c934f8>:0 
  at ZEPETO.World.Editor.WorldEditorSettings.get_ActiveSetting () [0x00027] in <17d47687802b4655aaafb797c8c934f8>:0 
  at ZEPETO.World.Editor.ForbiddenTypes.LoadForbiddenTypes () [0x0000a] in <78f5b00d13564108b56eb3cd14e5fc8d>:0 
  at ZEPETO.World.Editor.ForbiddenTypes.Initialize () [0x00047] in <78f5b00d13564108b56eb3cd14e5fc8d>:0 

NullReferenceException: Object reference not set to an instance of an object
  at ZEPETO.World.Editor.WorldPackageEditorUtils.GetDeserializedWorldPackageInfo () [0x00014] in <78f5b00d13564108b56eb3cd14e5fc8d>:0 
  at ZEPETO.World.Editor.WorldPackageEditorUtils.GetFieldValue[T] (System.String field) [0x00000] in <78f5b00d13564108b56eb3cd14e5fc8d>:0 
  at ZEPETO.World.Editor.WorldPackageEditorUtils.get_ZepetoMinVersion () [0x00000] in <78f5b00d13564108b56eb3cd14e5fc8d>:0 
  at ZEPETO.World.Editor.Editor.WorldEditorInitializer.EditorInitializer () [0x00000] in <78f5b00d13564108b56eb3cd14e5fc8d>:0 

Mono: successfully reloaded assembly
- Completed reload, in  1.398 seconds
Platform modules already initialized, skipping
Shader 'BuildItAssets/Stable/Water/Cube': fallback shader 'Mobile/Unlit' not found
Shader 'Jason/Build It/Water UV Scroll No Light': fallback shader 'Mobile/Unlit' not found
Shader 'Wit/StandardTransparent_js': fallback shader 'Wit/Standard(NoColor)' not found
Shader 'Jason/Build It/Water No Light': fallback shader 'Mobile/Unlit' not found
Refreshing native plugins compatible for Editor in 2.08 ms, found 4 plugins.
Preloading 0 native plugins for Editor in 0.00 ms.
Unloading 2561 Unused Serialized files (Serialized files now loaded: 0)
System memory in use before: 140.7 MB.
System memory in use after: 140.9 MB.

Unloading 118 unused Assets to reduce memory usage. Loaded Objects now: 3274.
Total: 6.582000 ms (FindLiveObjects: 0.500400 ms CreateObjectMapping: 0.096400 ms MarkObjects: 5.923500 ms  DeleteObjects: 0.060300 ms)

========================================================================
Received Import Request.
  Time since last request: 1290.263624 seconds.
  path: Assets/Script/Object/Quiz_trigger_control.ts
  artifactKey: Guid(d5a559650fad17c4a8983d4586da0da0) Importer(815301076,1909f56bfc062723c751e8b465ee728b)
Start importing Assets/Script/Object/Quiz_trigger_control.ts using Guid(d5a559650fad17c4a8983d4586da0da0) Importer(815301076,1909f56bfc062723c751e8b465ee728b)  -> (artifact id: 'ff7487434e9757bc0ed435f836f98af0') in 0.048255 seconds
  Import took 0.054033 seconds .

========================================================================
Received Import Request.
  Time since last request: 5.204494 seconds.
  path: Assets/Script/Object/QuizManager.ts
  artifactKey: Guid(23f72df3eaf9ed0408695351402c7076) Importer(815301076,1909f56bfc062723c751e8b465ee728b)
Start importing Assets/Script/Object/QuizManager.ts using Guid(23f72df3eaf9ed0408695351402c7076) Importer(815301076,1909f56bfc062723c751e8b465ee728b)  -> (artifact id: 'c2eee06360fb04f286ce788d3ad4de59') in 0.009463 seconds
  Import took 0.014993 seconds .

========================================================================
Received Import Request.
  Time since last request: 0.017903 seconds.
  path: Assets/Script/Object/QuizManager.ts
  artifactKey: Guid(23f72df3eaf9ed0408695351402c7076) Importer(815301076,1909f56bfc062723c751e8b465ee728b)
Start importing Assets/Script/Object/QuizManager.ts using Guid(23f72df3eaf9ed0408695351402c7076) Importer(815301076,1909f56bfc062723c751e8b465ee728b)  -> (artifact id: 'c2eee06360fb04f286ce788d3ad4de59') in 0.005832 seconds
  Import took 0.012105 seconds .

========================================================================
Received Prepare
Registering precompiled user dll's ...
Registered in 0.108088 seconds.
Begin MonoManager ReloadAssembly
Native extension for WindowsStandalone target not found
Refreshing native plugins compatible for Editor in 2.03 ms, found 4 plugins.
Preloading 0 native plugins for Editor in 0.00 ms.
System.NullReferenceException: Object reference not set to an instance of an object
  at ZEPETO.World.Editor.WorldEditorSettings.IsZaizai () [0x00016] in <17d47687802b4655aaafb797c8c934f8>:0 
  at ZEPETO.World.Editor.WorldEditorSettings.SelectDevelopment () [0x00001] in <17d47687802b4655aaafb797c8c934f8>:0 
  at ZEPETO.World.Editor.WorldEditorSettings.get_Development () [0x00011] in <17d47687802b4655aaafb797c8c934f8>:0 
  at ZEPETO.World.Editor.WorldEditorSettings.get_BuiltinSettings () [0x00000] in <17d47687802b4655aaafb797c8c934f8>:0 
  at ZEPETO.World.Editor.WorldEditorSettings.get_ActiveSetting () [0x00027] in <17d47687802b4655aaafb797c8c934f8>:0 
  at ZEPETO.World.Common.APIHostEditor..ctor () [0x00006] in <1a219a6a8cd249cba8ce1420b658e55e>:0 
  at ZEPETO.World.Common.APIHostInitializer..cctor () [0x00000] in <1a219a6a8cd249cba8ce1420b658e55e>:0 
UnityEngine.StackTraceUtility:ExtractStackTrace ()
UnityEngine.DebugLogHandler:LogFormat (UnityEngine.LogType,UnityEngine.Object,string,object[])
UnityEngine.Logger:Log (UnityEngine.LogType,object)
UnityEngine.Debug:LogError (object)
UnityEditor.EditorAssemblies:ProcessInitializeOnLoadAttributes (System.Type[])

NullReferenceException: Object reference not set to an instance of an object
  at ZEPETO.World.Editor.WorldEditorSettings.IsZaizai () [0x00016] in <17d47687802b4655aaafb797c8c934f8>:0 
  at ZEPETO.World.Editor.WorldEditorSettings.SelectDevelopment () [0x00001] in <17d47687802b4655aaafb797c8c934f8>:0 
  at ZEPETO.World.Editor.WorldEditorSettings.get_Development () [0x00011] in <17d47687802b4655aaafb797c8c934f8>:0 
  at ZEPETO.World.Editor.WorldEnvironmentInitializer.MultiplaySettingInitialize () [0x00000] in <78f5b00d13564108b56eb3cd14e5fc8d>:0 
  at ZEPETO.World.Editor.WorldEnvironmentInitializer.InitializeOnLoadMethod () [0x00000] in <78f5b00d13564108b56eb3cd14e5fc8d>:0 

NullReferenceException: Object reference not set to an instance of an object
  at ZEPETO.World.Editor.WorldEditorSettings.IsZaizai () [0x00016] in <17d47687802b4655aaafb797c8c934f8>:0 
  at ZEPETO.World.Editor.WorldEditorSettings.SelectDevelopment () [0x00001] in <17d47687802b4655aaafb797c8c934f8>:0 
  at ZEPETO.World.Editor.WorldEditorSettings.get_Development () [0x00011] in <17d47687802b4655aaafb797c8c934f8>:0 
  at ZEPETO.World.Editor.WorldEditorSettings.get_BuiltinSettings () [0x00000] in <17d47687802b4655aaafb797c8c934f8>:0 
  at ZEPETO.World.Editor.WorldEditorSettings.get_ActiveSetting () [0x00027] in <17d47687802b4655aaafb797c8c934f8>:0 
  at ZEPETO.World.Editor.ForbiddenTypes.LoadForbiddenTypes () [0x0000a] in <78f5b00d13564108b56eb3cd14e5fc8d>:0 
  at ZEPETO.World.Editor.ForbiddenTypes.Initialize () [0x00047] in <78f5b00d13564108b56eb3cd14e5fc8d>:0 

NullReferenceException: Object reference not set to an instance of an object
  at ZEPETO.World.Editor.WorldPackageEditorUtils.GetDeserializedWorldPackageInfo () [0x00014] in <78f5b00d13564108b56eb3cd14e5fc8d>:0 
  at ZEPETO.World.Editor.WorldPackageEditorUtils.GetFieldValue[T] (System.String field) [0x00000] in <78f5b00d13564108b56eb3cd14e5fc8d>:0 
  at ZEPETO.World.Editor.WorldPackageEditorUtils.get_ZepetoMinVersion () [0x00000] in <78f5b00d13564108b56eb3cd14e5fc8d>:0 
  at ZEPETO.World.Editor.Editor.WorldEditorInitializer.EditorInitializer () [0x00000] in <78f5b00d13564108b56eb3cd14e5fc8d>:0 

Mono: successfully reloaded assembly
- Completed reload, in  1.473 seconds
Platform modules already initialized, skipping
Shader 'BuildItAssets/Stable/Water/Cube': fallback shader 'Mobile/Unlit' not found
Shader 'Jason/Build It/Water UV Scroll No Light': fallback shader 'Mobile/Unlit' not found
Shader 'Wit/StandardTransparent_js': fallback shader 'Wit/Standard(NoColor)' not found
Shader 'Jason/Build It/Water No Light': fallback shader 'Mobile/Unlit' not found
Refreshing native plugins compatible for Editor in 1.65 ms, found 4 plugins.
Preloading 0 native plugins for Editor in 0.00 ms.
Unloading 2561 Unused Serialized files (Serialized files now loaded: 0)
System memory in use before: 140.7 MB.
System memory in use after: 140.9 MB.

Unloading 118 unused Assets to reduce memory usage. Loaded Objects now: 3277.
Total: 6.020200 ms (FindLiveObjects: 0.310400 ms CreateObjectMapping: 0.071400 ms MarkObjects: 5.572100 ms  DeleteObjects: 0.065200 ms)

========================================================================
Received Prepare
Registering precompiled user dll's ...
Registered in 0.064694 seconds.
Begin MonoManager ReloadAssembly
Native extension for WindowsStandalone target not found
Refreshing native plugins compatible for Editor in 1.62 ms, found 4 plugins.
Preloading 0 native plugins for Editor in 0.00 ms.
System.NullReferenceException: Object reference not set to an instance of an object
  at ZEPETO.World.Editor.WorldEditorSettings.IsZaizai () [0x00016] in <17d47687802b4655aaafb797c8c934f8>:0 
  at ZEPETO.World.Editor.WorldEditorSettings.SelectDevelopment () [0x00001] in <17d47687802b4655aaafb797c8c934f8>:0 
  at ZEPETO.World.Editor.WorldEditorSettings.get_Development () [0x00011] in <17d47687802b4655aaafb797c8c934f8>:0 
  at ZEPETO.World.Editor.WorldEditorSettings.get_BuiltinSettings () [0x00000] in <17d47687802b4655aaafb797c8c934f8>:0 
  at ZEPETO.World.Editor.WorldEditorSettings.get_ActiveSetting () [0x00027] in <17d47687802b4655aaafb797c8c934f8>:0 
  at ZEPETO.World.Common.APIHostEditor..ctor () [0x00006] in <1a219a6a8cd249cba8ce1420b658e55e>:0 
  at ZEPETO.World.Common.APIHostInitializer..cctor () [0x00000] in <1a219a6a8cd249cba8ce1420b658e55e>:0 
UnityEngine.StackTraceUtility:ExtractStackTrace ()
UnityEngine.DebugLogHandler:LogFormat (UnityEngine.LogType,UnityEngine.Object,string,object[])
UnityEngine.Logger:Log (UnityEngine.LogType,object)
UnityEngine.Debug:LogError (object)
UnityEditor.EditorAssemblies:ProcessInitializeOnLoadAttributes (System.Type[])

NullReferenceException: Object reference not set to an instance of an object
  at ZEPETO.World.Editor.WorldEditorSettings.IsZaizai () [0x00016] in <17d47687802b4655aaafb797c8c934f8>:0 
  at ZEPETO.World.Editor.WorldEditorSettings.SelectDevelopment () [0x00001] in <17d47687802b4655aaafb797c8c934f8>:0 
  at ZEPETO.World.Editor.WorldEditorSettings.get_Development () [0x00011] in <17d47687802b4655aaafb797c8c934f8>:0 
  at ZEPETO.World.Editor.WorldEnvironmentInitializer.MultiplaySettingInitialize () [0x00000] in <78f5b00d13564108b56eb3cd14e5fc8d>:0 
  at ZEPETO.World.Editor.WorldEnvironmentInitializer.InitializeOnLoadMethod () [0x00000] in <78f5b00d13564108b56eb3cd14e5fc8d>:0 

NullReferenceException: Object reference not set to an instance of an object
  at ZEPETO.World.Editor.WorldEditorSettings.IsZaizai () [0x00016] in <17d47687802b4655aaafb797c8c934f8>:0 
  at ZEPETO.World.Editor.WorldEditorSettings.SelectDevelopment () [0x00001] in <17d47687802b4655aaafb797c8c934f8>:0 
  at ZEPETO.World.Editor.WorldEditorSettings.get_Development () [0x00011] in <17d47687802b4655aaafb797c8c934f8>:0 
  at ZEPETO.World.Editor.WorldEditorSettings.get_BuiltinSettings () [0x00000] in <17d47687802b4655aaafb797c8c934f8>:0 
  at ZEPETO.World.Editor.WorldEditorSettings.get_ActiveSetting () [0x00027] in <17d47687802b4655aaafb797c8c934f8>:0 
  at ZEPETO.World.Editor.ForbiddenTypes.LoadForbiddenTypes () [0x0000a] in <78f5b00d13564108b56eb3cd14e5fc8d>:0 
  at ZEPETO.World.Editor.ForbiddenTypes.Initialize () [0x00047] in <78f5b00d13564108b56eb3cd14e5fc8d>:0 

NullReferenceException: Object reference not set to an instance of an object
  at ZEPETO.World.Editor.WorldPackageEditorUtils.GetDeserializedWorldPackageInfo () [0x00014] in <78f5b00d13564108b56eb3cd14e5fc8d>:0 
  at ZEPETO.World.Editor.WorldPackageEditorUtils.GetFieldValue[T] (System.String field) [0x00000] in <78f5b00d13564108b56eb3cd14e5fc8d>:0 
  at ZEPETO.World.Editor.WorldPackageEditorUtils.get_ZepetoMinVersion () [0x00000] in <78f5b00d13564108b56eb3cd14e5fc8d>:0 
  at ZEPETO.World.Editor.Editor.WorldEditorInitializer.EditorInitializer () [0x00000] in <78f5b00d13564108b56eb3cd14e5fc8d>:0 

Mono: successfully reloaded assembly
- Completed reload, in  1.438 seconds
Platform modules already initialized, skipping
Shader 'BuildItAssets/Stable/Water/Cube': fallback shader 'Mobile/Unlit' not found
Shader 'Jason/Build It/Water UV Scroll No Light': fallback shader 'Mobile/Unlit' not found
Shader 'Wit/StandardTransparent_js': fallback shader 'Wit/Standard(NoColor)' not found
Shader 'Jason/Build It/Water No Light': fallback shader 'Mobile/Unlit' not found
Refreshing native plugins compatible for Editor in 2.18 ms, found 4 plugins.
Preloading 0 native plugins for Editor in 0.00 ms.
Unloading 2561 Unused Serialized files (Serialized files now loaded: 0)
System memory in use before: 140.7 MB.
System memory in use after: 141.0 MB.

Unloading 118 unused Assets to reduce memory usage. Loaded Objects now: 3280.
Total: 6.774700 ms (FindLiveObjects: 0.451600 ms CreateObjectMapping: 0.097100 ms MarkObjects: 6.172800 ms  DeleteObjects: 0.052200 ms)

========================================================================
Received Import Request.
  Time since last request: 2234.558393 seconds.
  path: Assets/Resources/Audio/Mixer.mixer
  artifactKey: Guid(009dafa8456402b49960cc2eb2c9d9ad) Importer(815301076,1909f56bfc062723c751e8b465ee728b)
Start importing Assets/Resources/Audio/Mixer.mixer using Guid(009dafa8456402b49960cc2eb2c9d9ad) Importer(815301076,1909f56bfc062723c751e8b465ee728b)  -> (artifact id: '933b81c027c87c4a9b0058e570e1d1fd') in 0.140051 seconds
  Import took 0.145626 seconds .

========================================================================
Received Prepare
Registering precompiled user dll's ...
Registered in 0.080461 seconds.
Begin MonoManager ReloadAssembly
Native extension for WindowsStandalone target not found
Refreshing native plugins compatible for Editor in 2.28 ms, found 4 plugins.
Preloading 0 native plugins for Editor in 0.00 ms.
System.NullReferenceException: Object reference not set to an instance of an object
  at ZEPETO.World.Editor.WorldEditorSettings.IsZaizai () [0x00016] in <17d47687802b4655aaafb797c8c934f8>:0 
  at ZEPETO.World.Editor.WorldEditorSettings.SelectDevelopment () [0x00001] in <17d47687802b4655aaafb797c8c934f8>:0 
  at ZEPETO.World.Editor.WorldEditorSettings.get_Development () [0x00011] in <17d47687802b4655aaafb797c8c934f8>:0 
  at ZEPETO.World.Editor.WorldEditorSettings.get_BuiltinSettings () [0x00000] in <17d47687802b4655aaafb797c8c934f8>:0 
  at ZEPETO.World.Editor.WorldEditorSettings.get_ActiveSetting () [0x00027] in <17d47687802b4655aaafb797c8c934f8>:0 
  at ZEPETO.World.Common.APIHostEditor..ctor () [0x00006] in <1a219a6a8cd249cba8ce1420b658e55e>:0 
  at ZEPETO.World.Common.APIHostInitializer..cctor () [0x00000] in <1a219a6a8cd249cba8ce1420b658e55e>:0 
UnityEngine.StackTraceUtility:ExtractStackTrace ()
UnityEngine.DebugLogHandler:LogFormat (UnityEngine.LogType,UnityEngine.Object,string,object[])
UnityEngine.Logger:Log (UnityEngine.LogType,object)
UnityEngine.Debug:LogError (object)
UnityEditor.EditorAssemblies:ProcessInitializeOnLoadAttributes (System.Type[])

NullReferenceException: Object reference not set to an instance of an object
  at ZEPETO.World.Editor.WorldEditorSettings.IsZaizai () [0x00016] in <17d47687802b4655aaafb797c8c934f8>:0 
  at ZEPETO.World.Editor.WorldEditorSettings.SelectDevelopment () [0x00001] in <17d47687802b4655aaafb797c8c934f8>:0 
  at ZEPETO.World.Editor.WorldEditorSettings.get_Development () [0x00011] in <17d47687802b4655aaafb797c8c934f8>:0 
  at ZEPETO.World.Editor.WorldEnvironmentInitializer.MultiplaySettingInitialize () [0x00000] in <78f5b00d13564108b56eb3cd14e5fc8d>:0 
  at ZEPETO.World.Editor.WorldEnvironmentInitializer.InitializeOnLoadMethod () [0x00000] in <78f5b00d13564108b56eb3cd14e5fc8d>:0 

NullReferenceException: Object reference not set to an instance of an object
  at ZEPETO.World.Editor.WorldEditorSettings.IsZaizai () [0x00016] in <17d47687802b4655aaafb797c8c934f8>:0 
  at ZEPETO.World.Editor.WorldEditorSettings.SelectDevelopment () [0x00001] in <17d47687802b4655aaafb797c8c934f8>:0 
  at ZEPETO.World.Editor.WorldEditorSettings.get_Development () [0x00011] in <17d47687802b4655aaafb797c8c934f8>:0 
  at ZEPETO.World.Editor.WorldEditorSettings.get_BuiltinSettings () [0x00000] in <17d47687802b4655aaafb797c8c934f8>:0 
  at ZEPETO.World.Editor.WorldEditorSettings.get_ActiveSetting () [0x00027] in <17d47687802b4655aaafb797c8c934f8>:0 
  at ZEPETO.World.Editor.ForbiddenTypes.LoadForbiddenTypes () [0x0000a] in <78f5b00d13564108b56eb3cd14e5fc8d>:0 
  at ZEPETO.World.Editor.ForbiddenTypes.Initialize () [0x00047] in <78f5b00d13564108b56eb3cd14e5fc8d>:0 

NullReferenceException: Object reference not set to an instance of an object
  at ZEPETO.World.Editor.WorldPackageEditorUtils.GetDeserializedWorldPackageInfo () [0x00014] in <78f5b00d13564108b56eb3cd14e5fc8d>:0 
  at ZEPETO.World.Editor.WorldPackageEditorUtils.GetFieldValue[T] (System.String field) [0x00000] in <78f5b00d13564108b56eb3cd14e5fc8d>:0 
  at ZEPETO.World.Editor.WorldPackageEditorUtils.get_ZepetoMinVersion () [0x00000] in <78f5b00d13564108b56eb3cd14e5fc8d>:0 
  at ZEPETO.World.Editor.Editor.WorldEditorInitializer.EditorInitializer () [0x00000] in <78f5b00d13564108b56eb3cd14e5fc8d>:0 

Mono: successfully reloaded assembly
- Completed reload, in  1.823 seconds
Platform modules already initialized, skipping
Shader 'BuildItAssets/Stable/Water/Cube': fallback shader 'Mobile/Unlit' not found
Shader 'Jason/Build It/Water UV Scroll No Light': fallback shader 'Mobile/Unlit' not found
Shader 'Wit/StandardTransparent_js': fallback shader 'Wit/Standard(NoColor)' not found
Shader 'Jason/Build It/Water No Light': fallback shader 'Mobile/Unlit' not found
Refreshing native plugins compatible for Editor in 1.72 ms, found 4 plugins.
Preloading 0 native plugins for Editor in 0.00 ms.
Unloading 2561 Unused Serialized files (Serialized files now loaded: 0)
System memory in use before: 140.8 MB.
System memory in use after: 141.0 MB.

Unloading 118 unused Assets to reduce memory usage. Loaded Objects now: 3283.
Total: 7.746500 ms (FindLiveObjects: 0.352800 ms CreateObjectMapping: 0.070900 ms MarkObjects: 7.234500 ms  DeleteObjects: 0.086900 ms)

========================================================================
Received Import Request.
  Time since last request: 842.000766 seconds.
  path: Assets/Resources/Audio/BGM/PROG1 - HaveMusik.mp3
  artifactKey: Guid(de6f00915bc1cf84996e190c037a6be8) Importer(815301076,1909f56bfc062723c751e8b465ee728b)
Start importing Assets/Resources/Audio/BGM/PROG1 - HaveMusik.mp3 using Guid(de6f00915bc1cf84996e190c037a6be8) Importer(815301076,1909f56bfc062723c751e8b465ee728b)  -> (artifact id: 'c32e9a2c69e094a5bf2d74ef46e68b38') in 0.077302 seconds
  Import took 0.083130 seconds .

========================================================================
Received Import Request.
  Time since last request: 3.093256 seconds.
  path: Assets/Resources/Audio/BGM/1.Wind by Black Boe Id-22331.wav
  artifactKey: Guid(f4317cbd92c8ca44d94129eb9b0e0d31) Importer(815301076,1909f56bfc062723c751e8b465ee728b)
Start importing Assets/Resources/Audio/BGM/1.Wind by Black Boe Id-22331.wav using Guid(f4317cbd92c8ca44d94129eb9b0e0d31) Importer(815301076,1909f56bfc062723c751e8b465ee728b)  -> (artifact id: '65a8a7883eb87e5f5229d4fd4114b084') in 0.023213 seconds
  Import took 0.028697 seconds .

========================================================================
Received Import Request.
  Time since last request: 0.006226 seconds.
  path: Assets/Resources/Audio/BGM/1.Wind by Black Boe Id-22331.wav
  artifactKey: Guid(f4317cbd92c8ca44d94129eb9b0e0d31) Importer(815301076,1909f56bfc062723c751e8b465ee728b)
Start importing Assets/Resources/Audio/BGM/1.Wind by Black Boe Id-22331.wav using Guid(f4317cbd92c8ca44d94129eb9b0e0d31) Importer(815301076,1909f56bfc062723c751e8b465ee728b)  -> (artifact id: '65a8a7883eb87e5f5229d4fd4114b084') in 0.009963 seconds
  Import took 0.016172 seconds .

========================================================================
Received Import Request.
  Time since last request: 4.788924 seconds.
  path: Assets/Resources/Audio/BGM/1.Wind by Black Boe Id-22331.wav
  artifactKey: Guid(f4317cbd92c8ca44d94129eb9b0e0d31) Importer(815301076,1909f56bfc062723c751e8b465ee728b)
Start importing Assets/Resources/Audio/BGM/1.Wind by Black Boe Id-22331.wav using Guid(f4317cbd92c8ca44d94129eb9b0e0d31) Importer(815301076,1909f56bfc062723c751e8b465ee728b)  -> (artifact id: 'aa07962e9d4bd0f0831591c8ce713326') in 0.010817 seconds
  Import took 0.016494 seconds .

========================================================================
Received Prepare
Registering precompiled user dll's ...
Registered in 0.071900 seconds.
Begin MonoManager ReloadAssembly
Native extension for WindowsStandalone target not found
Refreshing native plugins compatible for Editor in 2.02 ms, found 4 plugins.
Preloading 0 native plugins for Editor in 0.00 ms.
System.NullReferenceException: Object reference not set to an instance of an object
  at ZEPETO.World.Editor.WorldEditorSettings.IsZaizai () [0x00016] in <17d47687802b4655aaafb797c8c934f8>:0 
  at ZEPETO.World.Editor.WorldEditorSettings.SelectDevelopment () [0x00001] in <17d47687802b4655aaafb797c8c934f8>:0 
  at ZEPETO.World.Editor.WorldEditorSettings.get_Development () [0x00011] in <17d47687802b4655aaafb797c8c934f8>:0 
  at ZEPETO.World.Editor.WorldEditorSettings.get_BuiltinSettings () [0x00000] in <17d47687802b4655aaafb797c8c934f8>:0 
  at ZEPETO.World.Editor.WorldEditorSettings.get_ActiveSetting () [0x00027] in <17d47687802b4655aaafb797c8c934f8>:0 
  at ZEPETO.World.Common.APIHostEditor..ctor () [0x00006] in <1a219a6a8cd249cba8ce1420b658e55e>:0 
  at ZEPETO.World.Common.APIHostInitializer..cctor () [0x00000] in <1a219a6a8cd249cba8ce1420b658e55e>:0 
UnityEngine.StackTraceUtility:ExtractStackTrace ()
UnityEngine.DebugLogHandler:LogFormat (UnityEngine.LogType,UnityEngine.Object,string,object[])
UnityEngine.Logger:Log (UnityEngine.LogType,object)
UnityEngine.Debug:LogError (object)
UnityEditor.EditorAssemblies:ProcessInitializeOnLoadAttributes (System.Type[])

NullReferenceException: Object reference not set to an instance of an object
  at ZEPETO.World.Editor.WorldEditorSettings.IsZaizai () [0x00016] in <17d47687802b4655aaafb797c8c934f8>:0 
  at ZEPETO.World.Editor.WorldEditorSettings.SelectDevelopment () [0x00001] in <17d47687802b4655aaafb797c8c934f8>:0 
  at ZEPETO.World.Editor.WorldEditorSettings.get_Development () [0x00011] in <17d47687802b4655aaafb797c8c934f8>:0 
  at ZEPETO.World.Editor.WorldEnvironmentInitializer.MultiplaySettingInitialize () [0x00000] in <78f5b00d13564108b56eb3cd14e5fc8d>:0 
  at ZEPETO.World.Editor.WorldEnvironmentInitializer.InitializeOnLoadMethod () [0x00000] in <78f5b00d13564108b56eb3cd14e5fc8d>:0 

NullReferenceException: Object reference not set to an instance of an object
  at ZEPETO.World.Editor.WorldEditorSettings.IsZaizai () [0x00016] in <17d47687802b4655aaafb797c8c934f8>:0 
  at ZEPETO.World.Editor.WorldEditorSettings.SelectDevelopment () [0x00001] in <17d47687802b4655aaafb797c8c934f8>:0 
  at ZEPETO.World.Editor.WorldEditorSettings.get_Development () [0x00011] in <17d47687802b4655aaafb797c8c934f8>:0 
  at ZEPETO.World.Editor.WorldEditorSettings.get_BuiltinSettings () [0x00000] in <17d47687802b4655aaafb797c8c934f8>:0 
  at ZEPETO.World.Editor.WorldEditorSettings.get_ActiveSetting () [0x00027] in <17d47687802b4655aaafb797c8c934f8>:0 
  at ZEPETO.World.Editor.ForbiddenTypes.LoadForbiddenTypes () [0x0000a] in <78f5b00d13564108b56eb3cd14e5fc8d>:0 
  at ZEPETO.World.Editor.ForbiddenTypes.Initialize () [0x00047] in <78f5b00d13564108b56eb3cd14e5fc8d>:0 

NullReferenceException: Object reference not set to an instance of an object
  at ZEPETO.World.Editor.WorldPackageEditorUtils.GetDeserializedWorldPackageInfo () [0x00014] in <78f5b00d13564108b56eb3cd14e5fc8d>:0 
  at ZEPETO.World.Editor.WorldPackageEditorUtils.GetFieldValue[T] (System.String field) [0x00000] in <78f5b00d13564108b56eb3cd14e5fc8d>:0 
  at ZEPETO.World.Editor.WorldPackageEditorUtils.get_ZepetoMinVersion () [0x00000] in <78f5b00d13564108b56eb3cd14e5fc8d>:0 
  at ZEPETO.World.Editor.Editor.WorldEditorInitializer.EditorInitializer () [0x00000] in <78f5b00d13564108b56eb3cd14e5fc8d>:0 

Mono: successfully reloaded assembly
- Completed reload, in  1.524 seconds
Platform modules already initialized, skipping
Shader 'BuildItAssets/Stable/Water/Cube': fallback shader 'Mobile/Unlit' not found
Shader 'Jason/Build It/Water UV Scroll No Light': fallback shader 'Mobile/Unlit' not found
Shader 'Wit/StandardTransparent_js': fallback shader 'Wit/Standard(NoColor)' not found
Shader 'Jason/Build It/Water No Light': fallback shader 'Mobile/Unlit' not found
Refreshing native plugins compatible for Editor in 1.73 ms, found 4 plugins.
Preloading 0 native plugins for Editor in 0.00 ms.
Unloading 2561 Unused Serialized files (Serialized files now loaded: 0)
System memory in use before: 140.8 MB.
System memory in use after: 141.0 MB.

Unloading 118 unused Assets to reduce memory usage. Loaded Objects now: 3287.
Total: 7.548600 ms (FindLiveObjects: 0.779800 ms CreateObjectMapping: 0.201700 ms MarkObjects: 6.505700 ms  DeleteObjects: 0.060100 ms)

========================================================================
Received Prepare
Registering precompiled user dll's ...
Registered in 0.065754 seconds.
Begin MonoManager ReloadAssembly
Native extension for WindowsStandalone target not found
Refreshing native plugins compatible for Editor in 2.50 ms, found 4 plugins.
Preloading 0 native plugins for Editor in 0.00 ms.
System.NullReferenceException: Object reference not set to an instance of an object
  at ZEPETO.World.Editor.WorldEditorSettings.IsZaizai () [0x00016] in <17d47687802b4655aaafb797c8c934f8>:0 
  at ZEPETO.World.Editor.WorldEditorSettings.SelectDevelopment () [0x00001] in <17d47687802b4655aaafb797c8c934f8>:0 
  at ZEPETO.World.Editor.WorldEditorSettings.get_Development () [0x00011] in <17d47687802b4655aaafb797c8c934f8>:0 
  at ZEPETO.World.Editor.WorldEditorSettings.get_BuiltinSettings () [0x00000] in <17d47687802b4655aaafb797c8c934f8>:0 
  at ZEPETO.World.Editor.WorldEditorSettings.get_ActiveSetting () [0x00027] in <17d47687802b4655aaafb797c8c934f8>:0 
  at ZEPETO.World.Common.APIHostEditor..ctor () [0x00006] in <1a219a6a8cd249cba8ce1420b658e55e>:0 
  at ZEPETO.World.Common.APIHostInitializer..cctor () [0x00000] in <1a219a6a8cd249cba8ce1420b658e55e>:0 
UnityEngine.StackTraceUtility:ExtractStackTrace ()
UnityEngine.DebugLogHandler:LogFormat (UnityEngine.LogType,UnityEngine.Object,string,object[])
UnityEngine.Logger:Log (UnityEngine.LogType,object)
UnityEngine.Debug:LogError (object)
UnityEditor.EditorAssemblies:ProcessInitializeOnLoadAttributes (System.Type[])

NullReferenceException: Object reference not set to an instance of an object
  at ZEPETO.World.Editor.WorldEditorSettings.IsZaizai () [0x00016] in <17d47687802b4655aaafb797c8c934f8>:0 
  at ZEPETO.World.Editor.WorldEditorSettings.SelectDevelopment () [0x00001] in <17d47687802b4655aaafb797c8c934f8>:0 
  at ZEPETO.World.Editor.WorldEditorSettings.get_Development () [0x00011] in <17d47687802b4655aaafb797c8c934f8>:0 
  at ZEPETO.World.Editor.WorldEnvironmentInitializer.MultiplaySettingInitialize () [0x00000] in <78f5b00d13564108b56eb3cd14e5fc8d>:0 
  at ZEPETO.World.Editor.WorldEnvironmentInitializer.InitializeOnLoadMethod () [0x00000] in <78f5b00d13564108b56eb3cd14e5fc8d>:0 

NullReferenceException: Object reference not set to an instance of an object
  at ZEPETO.World.Editor.WorldEditorSettings.IsZaizai () [0x00016] in <17d47687802b4655aaafb797c8c934f8>:0 
  at ZEPETO.World.Editor.WorldEditorSettings.SelectDevelopment () [0x00001] in <17d47687802b4655aaafb797c8c934f8>:0 
  at ZEPETO.World.Editor.WorldEditorSettings.get_Development () [0x00011] in <17d47687802b4655aaafb797c8c934f8>:0 
  at ZEPETO.World.Editor.WorldEditorSettings.get_BuiltinSettings () [0x00000] in <17d47687802b4655aaafb797c8c934f8>:0 
  at ZEPETO.World.Editor.WorldEditorSettings.get_ActiveSetting () [0x00027] in <17d47687802b4655aaafb797c8c934f8>:0 
  at ZEPETO.World.Editor.ForbiddenTypes.LoadForbiddenTypes () [0x0000a] in <78f5b00d13564108b56eb3cd14e5fc8d>:0 
  at ZEPETO.World.Editor.ForbiddenTypes.Initialize () [0x00047] in <78f5b00d13564108b56eb3cd14e5fc8d>:0 

NullReferenceException: Object reference not set to an instance of an object
  at ZEPETO.World.Editor.WorldPackageEditorUtils.GetDeserializedWorldPackageInfo () [0x00014] in <78f5b00d13564108b56eb3cd14e5fc8d>:0 
  at ZEPETO.World.Editor.WorldPackageEditorUtils.GetFieldValue[T] (System.String field) [0x00000] in <78f5b00d13564108b56eb3cd14e5fc8d>:0 
  at ZEPETO.World.Editor.WorldPackageEditorUtils.get_ZepetoMinVersion () [0x00000] in <78f5b00d13564108b56eb3cd14e5fc8d>:0 
  at ZEPETO.World.Editor.Editor.WorldEditorInitializer.EditorInitializer () [0x00000] in <78f5b00d13564108b56eb3cd14e5fc8d>:0 

Mono: successfully reloaded assembly
- Completed reload, in  1.440 seconds
Platform modules already initialized, skipping
Shader 'BuildItAssets/Stable/Water/Cube': fallback shader 'Mobile/Unlit' not found
Shader 'Jason/Build It/Water UV Scroll No Light': fallback shader 'Mobile/Unlit' not found
Shader 'Wit/StandardTransparent_js': fallback shader 'Wit/Standard(NoColor)' not found
Shader 'Jason/Build It/Water No Light': fallback shader 'Mobile/Unlit' not found
Refreshing native plugins compatible for Editor in 1.99 ms, found 4 plugins.
Preloading 0 native plugins for Editor in 0.00 ms.
Unloading 2561 Unused Serialized files (Serialized files now loaded: 0)
System memory in use before: 140.8 MB.
System memory in use after: 141.0 MB.

Unloading 118 unused Assets to reduce memory usage. Loaded Objects now: 3290.
Total: 8.308400 ms (FindLiveObjects: 0.640900 ms CreateObjectMapping: 0.088000 ms MarkObjects: 7.454700 ms  DeleteObjects: 0.123200 ms)

AssetImportWorkerClient::OnTransportError - code=2 error=End of file
