Using pre-set license
Built from '2020.3/staging' branch; Version is '2020.3.9f1 (108be757e447) revision 1084391'; Using compiler version '192528614'; Build Type 'Release'
OS: 'Windows 10 Pro; OS build 19044.2604; Version 2009; 64bit' Language: 'ko' Physical Memory: 16313 MB
BatchMode: 1, IsHumanControllingUs: 0, StartBugReporterOnCrash: 0, Is64bit: 1, IsPro: 0

 COMMAND LINE ARGUMENTS:
C:\Users\wobo5\PersonalProject\2020.3.9f1\Editor\Unity.exe
-adb2
-batchMode
-noUpm
-name
AssetImportWorker0
-projectPath
C:/Users/wobo5/PersonalProject/Zepeto_project
-logFile
Logs/AssetImportWorker0.log
-srvPort
64977
Successfully changed project path to: C:/Users/wobo5/PersonalProject/Zepeto_project
C:/Users/wobo5/PersonalProject/Zepeto_project
Using Asset Import Pipeline V2.
Refreshing native plugins compatible for Editor in 123.24 ms, found 4 plugins.
Preloading 0 native plugins for Editor in 0.00 ms.
Initialize engine version: 2020.3.9f1 (108be757e447)
[Subsystems] Discovering subsystems at path C:/Users/wobo5/PersonalProject/2020.3.9f1/Editor/Data/Resources/UnitySubsystems
[Subsystems] Discovering subsystems at path C:/Users/wobo5/PersonalProject/Zepeto_project/Assets
GfxDevice: creating device client; threaded=0
Direct3D:
    Version:  Direct3D 11.0 [level 11.1]
    Renderer: NVIDIA GeForce GTX 1660 SUPER (ID=0x21c4)
    Vendor:   
    VRAM:     5991 MB
    Driver:   31.0.15.1694
Shader 'Jason/Build It/Water No Light': fallback shader 'Mobile/Unlit' not found
Shader 'Jason/Build It/Water UV Scroll No Light': fallback shader 'Mobile/Unlit' not found
Shader 'Wit/StandardTransparent_js': fallback shader 'Wit/Standard(NoColor)' not found
Shader 'BuildItAssets/Stable/Water/Cube': fallback shader 'Mobile/Unlit' not found
Initialize mono
Mono path[0] = 'C:/Users/wobo5/PersonalProject/2020.3.9f1/Editor/Data/Managed'
Mono path[1] = 'C:/Users/wobo5/PersonalProject/2020.3.9f1/Editor/Data/MonoBleedingEdge/lib/mono/unityjit'
Mono config path = 'C:/Users/wobo5/PersonalProject/2020.3.9f1/Editor/Data/MonoBleedingEdge/etc'
Using monoOptions --debugger-agent=transport=dt_socket,embedding=1,server=y,suspend=n,address=127.0.0.1:56520
Begin MonoManager ReloadAssembly
Registering precompiled unity dll's ...
Trying to register platform support module: C:/Users/wobo5/PersonalProject/2020.3.9f1/Editor/Data/PlaybackEngines/MacStandaloneSupport/UnityEditor.OSXStandalone.Extensions.dll (that doesn't exist). Retrying without overrides.
Platform support module is not available: C:/Users/wobo5/PersonalProject/2020.3.9f1/Editor/Data/PlaybackEngines/MacStandaloneSupport/UnityEditor.OSXStandalone.Extensions.dll
Register platform support module: C:/Users/wobo5/PersonalProject/2020.3.9f1/Editor/Data/PlaybackEngines/WindowsStandaloneSupport/UnityEditor.WindowsStandalone.Extensions.dll
Registered in 0.002974 seconds.
Native extension for WindowsStandalone target not found
Refreshing native plugins compatible for Editor in 83.75 ms, found 4 plugins.
Preloading 0 native plugins for Editor in 0.00 ms.
Mono: successfully reloaded assembly
- Completed reload, in  1.167 seconds
Platform modules already initialized, skipping
Registering precompiled user dll's ...
Registered in 0.044928 seconds.
Begin MonoManager ReloadAssembly
Native extension for WindowsStandalone target not found
Refreshing native plugins compatible for Editor in 114.69 ms, found 4 plugins.
Preloading 0 native plugins for Editor in 0.00 ms.
System.NullReferenceException: Object reference not set to an instance of an object
  at ZEPETO.World.Editor.WorldEditorSettings.IsZaizai () [0x00016] in <17d47687802b4655aaafb797c8c934f8>:0 
  at ZEPETO.World.Editor.WorldEditorSettings.SelectDevelopment () [0x00001] in <17d47687802b4655aaafb797c8c934f8>:0 
  at ZEPETO.World.Editor.WorldEditorSettings.get_Development () [0x00011] in <17d47687802b4655aaafb797c8c934f8>:0 
  at ZEPETO.World.Editor.WorldEditorSettings.get_BuiltinSettings () [0x00000] in <17d47687802b4655aaafb797c8c934f8>:0 
  at ZEPETO.World.Editor.WorldEditorSettings.get_ActiveSetting () [0x00027] in <17d47687802b4655aaafb797c8c934f8>:0 
  at ZEPETO.World.Common.APIHostEditor..ctor () [0x00006] in <1a219a6a8cd249cba8ce1420b658e55e>:0 
  at ZEPETO.World.Common.APIHostInitializer..cctor () [0x00000] in <1a219a6a8cd249cba8ce1420b658e55e>:0 
UnityEngine.StackTraceUtility:ExtractStackTrace ()
UnityEngine.DebugLogHandler:LogFormat (UnityEngine.LogType,UnityEngine.Object,string,object[])
UnityEngine.Logger:Log (UnityEngine.LogType,object)
UnityEngine.Debug:LogError (object)
UnityEditor.EditorAssemblies:ProcessInitializeOnLoadAttributes (System.Type[])

NullReferenceException: Object reference not set to an instance of an object
  at ZEPETO.World.Editor.WorldEditorSettings.IsZaizai () [0x00016] in <17d47687802b4655aaafb797c8c934f8>:0 
  at ZEPETO.World.Editor.WorldEditorSettings.SelectDevelopment () [0x00001] in <17d47687802b4655aaafb797c8c934f8>:0 
  at ZEPETO.World.Editor.WorldEditorSettings.get_Development () [0x00011] in <17d47687802b4655aaafb797c8c934f8>:0 
  at ZEPETO.World.Editor.WorldEnvironmentInitializer.MultiplaySettingInitialize () [0x00000] in <78f5b00d13564108b56eb3cd14e5fc8d>:0 
  at ZEPETO.World.Editor.WorldEnvironmentInitializer.InitializeOnLoadMethod () [0x00000] in <78f5b00d13564108b56eb3cd14e5fc8d>:0 

NullReferenceException: Object reference not set to an instance of an object
  at ZEPETO.World.Editor.WorldEditorSettings.IsZaizai () [0x00016] in <17d47687802b4655aaafb797c8c934f8>:0 
  at ZEPETO.World.Editor.WorldEditorSettings.SelectDevelopment () [0x00001] in <17d47687802b4655aaafb797c8c934f8>:0 
  at ZEPETO.World.Editor.WorldEditorSettings.get_Development () [0x00011] in <17d47687802b4655aaafb797c8c934f8>:0 
  at ZEPETO.World.Editor.WorldEditorSettings.get_BuiltinSettings () [0x00000] in <17d47687802b4655aaafb797c8c934f8>:0 
  at ZEPETO.World.Editor.WorldEditorSettings.get_ActiveSetting () [0x00027] in <17d47687802b4655aaafb797c8c934f8>:0 
  at ZEPETO.World.Editor.ForbiddenTypes.LoadForbiddenTypes () [0x0000a] in <78f5b00d13564108b56eb3cd14e5fc8d>:0 
  at ZEPETO.World.Editor.ForbiddenTypes.Initialize () [0x00047] in <78f5b00d13564108b56eb3cd14e5fc8d>:0 

NullReferenceException: Object reference not set to an instance of an object
  at ZEPETO.World.Editor.WorldPackageEditorUtils.GetDeserializedWorldPackageInfo () [0x00014] in <78f5b00d13564108b56eb3cd14e5fc8d>:0 
  at ZEPETO.World.Editor.WorldPackageEditorUtils.GetFieldValue[T] (System.String field) [0x00000] in <78f5b00d13564108b56eb3cd14e5fc8d>:0 
  at ZEPETO.World.Editor.WorldPackageEditorUtils.get_ZepetoMinVersion () [0x00000] in <78f5b00d13564108b56eb3cd14e5fc8d>:0 
  at ZEPETO.World.Editor.Editor.WorldEditorInitializer.EditorInitializer () [0x00000] in <78f5b00d13564108b56eb3cd14e5fc8d>:0 

Mono: successfully reloaded assembly
- Completed reload, in  1.322 seconds
Platform modules already initialized, skipping
========================================================================
Worker process is ready to serve import requests
Shader 'BuildItAssets/Stable/Water/Cube': fallback shader 'Mobile/Unlit' not found
Shader 'Jason/Build It/Water UV Scroll No Light': fallback shader 'Mobile/Unlit' not found
Shader 'Wit/StandardTransparent_js': fallback shader 'Wit/Standard(NoColor)' not found
Shader 'Jason/Build It/Water No Light': fallback shader 'Mobile/Unlit' not found
Launched and connected shader compiler UnityShaderCompiler.exe after 0.07 seconds
Refreshing native plugins compatible for Editor in 1.37 ms, found 4 plugins.
Preloading 0 native plugins for Editor in 0.00 ms.
Unloading 2673 Unused Serialized files (Serialized files now loaded: 0)
System memory in use before: 147.8 MB.
System memory in use after: 148.0 MB.

Unloading 129 unused Assets to reduce memory usage. Loaded Objects now: 3229.
Total: 5.162400 ms (FindLiveObjects: 0.324700 ms CreateObjectMapping: 0.067200 ms MarkObjects: 4.580400 ms  DeleteObjects: 0.189100 ms)

========================================================================
Received Import Request.
  path: Assets/Resources/Audio/SFX/jumping.mp3
  artifactKey: Guid(4798940ed295d2941a366b8237d15d76) Importer(815301076,1909f56bfc062723c751e8b465ee728b)
Start importing Assets/Resources/Audio/SFX/jumping.mp3 using Guid(4798940ed295d2941a366b8237d15d76) Importer(815301076,1909f56bfc062723c751e8b465ee728b)  -> (artifact id: 'b3ac5bf6253bf1b0cf9eb25cbc0564a5') in 0.173200 seconds
  Import took 0.177840 seconds .

========================================================================
Received Import Request.
  Time since last request: 5.207175 seconds.
  path: Assets/Resources/Prefab/UIController_Touchpad_Horizontal.prefab
  artifactKey: Guid(ae90ff0e1a1fa724b9de722a8d4f250a) Importer(815301076,1909f56bfc062723c751e8b465ee728b)
Start importing Assets/Resources/Prefab/UIController_Touchpad_Horizontal.prefab using Guid(ae90ff0e1a1fa724b9de722a8d4f250a) Importer(815301076,1909f56bfc062723c751e8b465ee728b)  -> (artifact id: 'f1b8fd423f1d088d1512e5f1e499ea52') in 0.043267 seconds
  Import took 0.048126 seconds .

========================================================================
Received Prepare
Registering precompiled user dll's ...
Registered in 0.042881 seconds.
Begin MonoManager ReloadAssembly
Native extension for WindowsStandalone target not found
Refreshing native plugins compatible for Editor in 1.39 ms, found 4 plugins.
Preloading 0 native plugins for Editor in 0.00 ms.
System.NullReferenceException: Object reference not set to an instance of an object
  at ZEPETO.World.Editor.WorldEditorSettings.IsZaizai () [0x00016] in <17d47687802b4655aaafb797c8c934f8>:0 
  at ZEPETO.World.Editor.WorldEditorSettings.SelectDevelopment () [0x00001] in <17d47687802b4655aaafb797c8c934f8>:0 
  at ZEPETO.World.Editor.WorldEditorSettings.get_Development () [0x00011] in <17d47687802b4655aaafb797c8c934f8>:0 
  at ZEPETO.World.Editor.WorldEditorSettings.get_BuiltinSettings () [0x00000] in <17d47687802b4655aaafb797c8c934f8>:0 
  at ZEPETO.World.Editor.WorldEditorSettings.get_ActiveSetting () [0x00027] in <17d47687802b4655aaafb797c8c934f8>:0 
  at ZEPETO.World.Common.APIHostEditor..ctor () [0x00006] in <1a219a6a8cd249cba8ce1420b658e55e>:0 
  at ZEPETO.World.Common.APIHostInitializer..cctor () [0x00000] in <1a219a6a8cd249cba8ce1420b658e55e>:0 
UnityEngine.StackTraceUtility:ExtractStackTrace ()
UnityEngine.DebugLogHandler:LogFormat (UnityEngine.LogType,UnityEngine.Object,string,object[])
UnityEngine.Logger:Log (UnityEngine.LogType,object)
UnityEngine.Debug:LogError (object)
UnityEditor.EditorAssemblies:ProcessInitializeOnLoadAttributes (System.Type[])

NullReferenceException: Object reference not set to an instance of an object
  at ZEPETO.World.Editor.WorldEditorSettings.IsZaizai () [0x00016] in <17d47687802b4655aaafb797c8c934f8>:0 
  at ZEPETO.World.Editor.WorldEditorSettings.SelectDevelopment () [0x00001] in <17d47687802b4655aaafb797c8c934f8>:0 
  at ZEPETO.World.Editor.WorldEditorSettings.get_Development () [0x00011] in <17d47687802b4655aaafb797c8c934f8>:0 
  at ZEPETO.World.Editor.WorldEnvironmentInitializer.MultiplaySettingInitialize () [0x00000] in <78f5b00d13564108b56eb3cd14e5fc8d>:0 
  at ZEPETO.World.Editor.WorldEnvironmentInitializer.InitializeOnLoadMethod () [0x00000] in <78f5b00d13564108b56eb3cd14e5fc8d>:0 

NullReferenceException: Object reference not set to an instance of an object
  at ZEPETO.World.Editor.WorldEditorSettings.IsZaizai () [0x00016] in <17d47687802b4655aaafb797c8c934f8>:0 
  at ZEPETO.World.Editor.WorldEditorSettings.SelectDevelopment () [0x00001] in <17d47687802b4655aaafb797c8c934f8>:0 
  at ZEPETO.World.Editor.WorldEditorSettings.get_Development () [0x00011] in <17d47687802b4655aaafb797c8c934f8>:0 
  at ZEPETO.World.Editor.WorldEditorSettings.get_BuiltinSettings () [0x00000] in <17d47687802b4655aaafb797c8c934f8>:0 
  at ZEPETO.World.Editor.WorldEditorSettings.get_ActiveSetting () [0x00027] in <17d47687802b4655aaafb797c8c934f8>:0 
  at ZEPETO.World.Editor.ForbiddenTypes.LoadForbiddenTypes () [0x0000a] in <78f5b00d13564108b56eb3cd14e5fc8d>:0 
  at ZEPETO.World.Editor.ForbiddenTypes.Initialize () [0x00047] in <78f5b00d13564108b56eb3cd14e5fc8d>:0 

NullReferenceException: Object reference not set to an instance of an object
  at ZEPETO.World.Editor.WorldPackageEditorUtils.GetDeserializedWorldPackageInfo () [0x00014] in <78f5b00d13564108b56eb3cd14e5fc8d>:0 
  at ZEPETO.World.Editor.WorldPackageEditorUtils.GetFieldValue[T] (System.String field) [0x00000] in <78f5b00d13564108b56eb3cd14e5fc8d>:0 
  at ZEPETO.World.Editor.WorldPackageEditorUtils.get_ZepetoMinVersion () [0x00000] in <78f5b00d13564108b56eb3cd14e5fc8d>:0 
  at ZEPETO.World.Editor.Editor.WorldEditorInitializer.EditorInitializer () [0x00000] in <78f5b00d13564108b56eb3cd14e5fc8d>:0 

Mono: successfully reloaded assembly
- Completed reload, in  1.138 seconds
Platform modules already initialized, skipping
Shader 'BuildItAssets/Stable/Water/Cube': fallback shader 'Mobile/Unlit' not found
Shader 'Jason/Build It/Water UV Scroll No Light': fallback shader 'Mobile/Unlit' not found
Shader 'Wit/StandardTransparent_js': fallback shader 'Wit/Standard(NoColor)' not found
Shader 'Jason/Build It/Water No Light': fallback shader 'Mobile/Unlit' not found
Refreshing native plugins compatible for Editor in 1.40 ms, found 4 plugins.
Preloading 0 native plugins for Editor in 0.00 ms.
Unloading 2562 Unused Serialized files (Serialized files now loaded: 0)
System memory in use before: 140.6 MB.
System memory in use after: 140.8 MB.

Unloading 118 unused Assets to reduce memory usage. Loaded Objects now: 3241.
Total: 5.898600 ms (FindLiveObjects: 0.366900 ms CreateObjectMapping: 0.086500 ms MarkObjects: 5.376400 ms  DeleteObjects: 0.067300 ms)

========================================================================
Received Prepare
Registering precompiled user dll's ...
Registered in 0.054863 seconds.
Begin MonoManager ReloadAssembly
Native extension for WindowsStandalone target not found
Refreshing native plugins compatible for Editor in 1.43 ms, found 4 plugins.
Preloading 0 native plugins for Editor in 0.00 ms.
System.NullReferenceException: Object reference not set to an instance of an object
  at ZEPETO.World.Editor.WorldEditorSettings.IsZaizai () [0x00016] in <17d47687802b4655aaafb797c8c934f8>:0 
  at ZEPETO.World.Editor.WorldEditorSettings.SelectDevelopment () [0x00001] in <17d47687802b4655aaafb797c8c934f8>:0 
  at ZEPETO.World.Editor.WorldEditorSettings.get_Development () [0x00011] in <17d47687802b4655aaafb797c8c934f8>:0 
  at ZEPETO.World.Editor.WorldEditorSettings.get_BuiltinSettings () [0x00000] in <17d47687802b4655aaafb797c8c934f8>:0 
  at ZEPETO.World.Editor.WorldEditorSettings.get_ActiveSetting () [0x00027] in <17d47687802b4655aaafb797c8c934f8>:0 
  at ZEPETO.World.Common.APIHostEditor..ctor () [0x00006] in <1a219a6a8cd249cba8ce1420b658e55e>:0 
  at ZEPETO.World.Common.APIHostInitializer..cctor () [0x00000] in <1a219a6a8cd249cba8ce1420b658e55e>:0 
UnityEngine.StackTraceUtility:ExtractStackTrace ()
UnityEngine.DebugLogHandler:LogFormat (UnityEngine.LogType,UnityEngine.Object,string,object[])
UnityEngine.Logger:Log (UnityEngine.LogType,object)
UnityEngine.Debug:LogError (object)
UnityEditor.EditorAssemblies:ProcessInitializeOnLoadAttributes (System.Type[])

NullReferenceException: Object reference not set to an instance of an object
  at ZEPETO.World.Editor.WorldEditorSettings.IsZaizai () [0x00016] in <17d47687802b4655aaafb797c8c934f8>:0 
  at ZEPETO.World.Editor.WorldEditorSettings.SelectDevelopment () [0x00001] in <17d47687802b4655aaafb797c8c934f8>:0 
  at ZEPETO.World.Editor.WorldEditorSettings.get_Development () [0x00011] in <17d47687802b4655aaafb797c8c934f8>:0 
  at ZEPETO.World.Editor.WorldEnvironmentInitializer.MultiplaySettingInitialize () [0x00000] in <78f5b00d13564108b56eb3cd14e5fc8d>:0 
  at ZEPETO.World.Editor.WorldEnvironmentInitializer.InitializeOnLoadMethod () [0x00000] in <78f5b00d13564108b56eb3cd14e5fc8d>:0 

NullReferenceException: Object reference not set to an instance of an object
  at ZEPETO.World.Editor.WorldEditorSettings.IsZaizai () [0x00016] in <17d47687802b4655aaafb797c8c934f8>:0 
  at ZEPETO.World.Editor.WorldEditorSettings.SelectDevelopment () [0x00001] in <17d47687802b4655aaafb797c8c934f8>:0 
  at ZEPETO.World.Editor.WorldEditorSettings.get_Development () [0x00011] in <17d47687802b4655aaafb797c8c934f8>:0 
  at ZEPETO.World.Editor.WorldEditorSettings.get_BuiltinSettings () [0x00000] in <17d47687802b4655aaafb797c8c934f8>:0 
  at ZEPETO.World.Editor.WorldEditorSettings.get_ActiveSetting () [0x00027] in <17d47687802b4655aaafb797c8c934f8>:0 
  at ZEPETO.World.Editor.ForbiddenTypes.LoadForbiddenTypes () [0x0000a] in <78f5b00d13564108b56eb3cd14e5fc8d>:0 
  at ZEPETO.World.Editor.ForbiddenTypes.Initialize () [0x00047] in <78f5b00d13564108b56eb3cd14e5fc8d>:0 

NullReferenceException: Object reference not set to an instance of an object
  at ZEPETO.World.Editor.WorldPackageEditorUtils.GetDeserializedWorldPackageInfo () [0x00014] in <78f5b00d13564108b56eb3cd14e5fc8d>:0 
  at ZEPETO.World.Editor.WorldPackageEditorUtils.GetFieldValue[T] (System.String field) [0x00000] in <78f5b00d13564108b56eb3cd14e5fc8d>:0 
  at ZEPETO.World.Editor.WorldPackageEditorUtils.get_ZepetoMinVersion () [0x00000] in <78f5b00d13564108b56eb3cd14e5fc8d>:0 
  at ZEPETO.World.Editor.Editor.WorldEditorInitializer.EditorInitializer () [0x00000] in <78f5b00d13564108b56eb3cd14e5fc8d>:0 

Mono: successfully reloaded assembly
- Completed reload, in  1.115 seconds
Platform modules already initialized, skipping
Shader 'BuildItAssets/Stable/Water/Cube': fallback shader 'Mobile/Unlit' not found
Shader 'Jason/Build It/Water UV Scroll No Light': fallback shader 'Mobile/Unlit' not found
Shader 'Wit/StandardTransparent_js': fallback shader 'Wit/Standard(NoColor)' not found
Shader 'Jason/Build It/Water No Light': fallback shader 'Mobile/Unlit' not found
Refreshing native plugins compatible for Editor in 1.89 ms, found 4 plugins.
Preloading 0 native plugins for Editor in 0.00 ms.
Unloading 2562 Unused Serialized files (Serialized files now loaded: 0)
System memory in use before: 140.6 MB.
System memory in use after: 140.9 MB.

Unloading 118 unused Assets to reduce memory usage. Loaded Objects now: 3244.
Total: 6.580700 ms (FindLiveObjects: 0.353900 ms CreateObjectMapping: 0.066900 ms MarkObjects: 6.091500 ms  DeleteObjects: 0.066000 ms)

========================================================================
Received Prepare
Registering precompiled user dll's ...
Registered in 0.044541 seconds.
Begin MonoManager ReloadAssembly
Native extension for WindowsStandalone target not found
Refreshing native plugins compatible for Editor in 1.50 ms, found 4 plugins.
Preloading 0 native plugins for Editor in 0.00 ms.
System.NullReferenceException: Object reference not set to an instance of an object
  at ZEPETO.World.Editor.WorldEditorSettings.IsZaizai () [0x00016] in <17d47687802b4655aaafb797c8c934f8>:0 
  at ZEPETO.World.Editor.WorldEditorSettings.SelectDevelopment () [0x00001] in <17d47687802b4655aaafb797c8c934f8>:0 
  at ZEPETO.World.Editor.WorldEditorSettings.get_Development () [0x00011] in <17d47687802b4655aaafb797c8c934f8>:0 
  at ZEPETO.World.Editor.WorldEditorSettings.get_BuiltinSettings () [0x00000] in <17d47687802b4655aaafb797c8c934f8>:0 
  at ZEPETO.World.Editor.WorldEditorSettings.get_ActiveSetting () [0x00027] in <17d47687802b4655aaafb797c8c934f8>:0 
  at ZEPETO.World.Common.APIHostEditor..ctor () [0x00006] in <1a219a6a8cd249cba8ce1420b658e55e>:0 
  at ZEPETO.World.Common.APIHostInitializer..cctor () [0x00000] in <1a219a6a8cd249cba8ce1420b658e55e>:0 
UnityEngine.StackTraceUtility:ExtractStackTrace ()
UnityEngine.DebugLogHandler:LogFormat (UnityEngine.LogType,UnityEngine.Object,string,object[])
UnityEngine.Logger:Log (UnityEngine.LogType,object)
UnityEngine.Debug:LogError (object)
UnityEditor.EditorAssemblies:ProcessInitializeOnLoadAttributes (System.Type[])

NullReferenceException: Object reference not set to an instance of an object
  at ZEPETO.World.Editor.WorldEditorSettings.IsZaizai () [0x00016] in <17d47687802b4655aaafb797c8c934f8>:0 
  at ZEPETO.World.Editor.WorldEditorSettings.SelectDevelopment () [0x00001] in <17d47687802b4655aaafb797c8c934f8>:0 
  at ZEPETO.World.Editor.WorldEditorSettings.get_Development () [0x00011] in <17d47687802b4655aaafb797c8c934f8>:0 
  at ZEPETO.World.Editor.WorldEnvironmentInitializer.MultiplaySettingInitialize () [0x00000] in <78f5b00d13564108b56eb3cd14e5fc8d>:0 
  at ZEPETO.World.Editor.WorldEnvironmentInitializer.InitializeOnLoadMethod () [0x00000] in <78f5b00d13564108b56eb3cd14e5fc8d>:0 

NullReferenceException: Object reference not set to an instance of an object
  at ZEPETO.World.Editor.WorldEditorSettings.IsZaizai () [0x00016] in <17d47687802b4655aaafb797c8c934f8>:0 
  at ZEPETO.World.Editor.WorldEditorSettings.SelectDevelopment () [0x00001] in <17d47687802b4655aaafb797c8c934f8>:0 
  at ZEPETO.World.Editor.WorldEditorSettings.get_Development () [0x00011] in <17d47687802b4655aaafb797c8c934f8>:0 
  at ZEPETO.World.Editor.WorldEditorSettings.get_BuiltinSettings () [0x00000] in <17d47687802b4655aaafb797c8c934f8>:0 
  at ZEPETO.World.Editor.WorldEditorSettings.get_ActiveSetting () [0x00027] in <17d47687802b4655aaafb797c8c934f8>:0 
  at ZEPETO.World.Editor.ForbiddenTypes.LoadForbiddenTypes () [0x0000a] in <78f5b00d13564108b56eb3cd14e5fc8d>:0 
  at ZEPETO.World.Editor.ForbiddenTypes.Initialize () [0x00047] in <78f5b00d13564108b56eb3cd14e5fc8d>:0 

NullReferenceException: Object reference not set to an instance of an object
  at ZEPETO.World.Editor.WorldPackageEditorUtils.GetDeserializedWorldPackageInfo () [0x00014] in <78f5b00d13564108b56eb3cd14e5fc8d>:0 
  at ZEPETO.World.Editor.WorldPackageEditorUtils.GetFieldValue[T] (System.String field) [0x00000] in <78f5b00d13564108b56eb3cd14e5fc8d>:0 
  at ZEPETO.World.Editor.WorldPackageEditorUtils.get_ZepetoMinVersion () [0x00000] in <78f5b00d13564108b56eb3cd14e5fc8d>:0 
  at ZEPETO.World.Editor.Editor.WorldEditorInitializer.EditorInitializer () [0x00000] in <78f5b00d13564108b56eb3cd14e5fc8d>:0 

Mono: successfully reloaded assembly
- Completed reload, in  1.121 seconds
Platform modules already initialized, skipping
Shader 'BuildItAssets/Stable/Water/Cube': fallback shader 'Mobile/Unlit' not found
Shader 'Jason/Build It/Water UV Scroll No Light': fallback shader 'Mobile/Unlit' not found
Shader 'Wit/StandardTransparent_js': fallback shader 'Wit/Standard(NoColor)' not found
Shader 'Jason/Build It/Water No Light': fallback shader 'Mobile/Unlit' not found
Refreshing native plugins compatible for Editor in 1.89 ms, found 4 plugins.
Preloading 0 native plugins for Editor in 0.00 ms.
Unloading 2562 Unused Serialized files (Serialized files now loaded: 0)
System memory in use before: 140.7 MB.
System memory in use after: 140.9 MB.

Unloading 118 unused Assets to reduce memory usage. Loaded Objects now: 3247.
Total: 4.938100 ms (FindLiveObjects: 0.301500 ms CreateObjectMapping: 0.072100 ms MarkObjects: 4.525200 ms  DeleteObjects: 0.038200 ms)

========================================================================
Received Import Request.
  Time since last request: 482.702511 seconds.
  path: Assets/Script/C_Sharp/SoundControl.cs
  artifactKey: Guid(26a1544603025f14e8a90e93e73ba572) Importer(815301076,1909f56bfc062723c751e8b465ee728b)
Start importing Assets/Script/C_Sharp/SoundControl.cs using Guid(26a1544603025f14e8a90e93e73ba572) Importer(815301076,1909f56bfc062723c751e8b465ee728b)  -> (artifact id: 'e20456d313573c422f58196023779d21') in 0.019546 seconds
  Import took 0.024027 seconds .

========================================================================
Received Prepare
Registering precompiled user dll's ...
Registered in 0.043223 seconds.
Begin MonoManager ReloadAssembly
Native extension for WindowsStandalone target not found
Refreshing native plugins compatible for Editor in 1.57 ms, found 4 plugins.
Preloading 0 native plugins for Editor in 0.00 ms.
System.NullReferenceException: Object reference not set to an instance of an object
  at ZEPETO.World.Editor.WorldEditorSettings.IsZaizai () [0x00016] in <17d47687802b4655aaafb797c8c934f8>:0 
  at ZEPETO.World.Editor.WorldEditorSettings.SelectDevelopment () [0x00001] in <17d47687802b4655aaafb797c8c934f8>:0 
  at ZEPETO.World.Editor.WorldEditorSettings.get_Development () [0x00011] in <17d47687802b4655aaafb797c8c934f8>:0 
  at ZEPETO.World.Editor.WorldEditorSettings.get_BuiltinSettings () [0x00000] in <17d47687802b4655aaafb797c8c934f8>:0 
  at ZEPETO.World.Editor.WorldEditorSettings.get_ActiveSetting () [0x00027] in <17d47687802b4655aaafb797c8c934f8>:0 
  at ZEPETO.World.Common.APIHostEditor..ctor () [0x00006] in <1a219a6a8cd249cba8ce1420b658e55e>:0 
  at ZEPETO.World.Common.APIHostInitializer..cctor () [0x00000] in <1a219a6a8cd249cba8ce1420b658e55e>:0 
UnityEngine.StackTraceUtility:ExtractStackTrace ()
UnityEngine.DebugLogHandler:LogFormat (UnityEngine.LogType,UnityEngine.Object,string,object[])
UnityEngine.Logger:Log (UnityEngine.LogType,object)
UnityEngine.Debug:LogError (object)
UnityEditor.EditorAssemblies:ProcessInitializeOnLoadAttributes (System.Type[])

NullReferenceException: Object reference not set to an instance of an object
  at ZEPETO.World.Editor.WorldEditorSettings.IsZaizai () [0x00016] in <17d47687802b4655aaafb797c8c934f8>:0 
  at ZEPETO.World.Editor.WorldEditorSettings.SelectDevelopment () [0x00001] in <17d47687802b4655aaafb797c8c934f8>:0 
  at ZEPETO.World.Editor.WorldEditorSettings.get_Development () [0x00011] in <17d47687802b4655aaafb797c8c934f8>:0 
  at ZEPETO.World.Editor.WorldEnvironmentInitializer.MultiplaySettingInitialize () [0x00000] in <78f5b00d13564108b56eb3cd14e5fc8d>:0 
  at ZEPETO.World.Editor.WorldEnvironmentInitializer.InitializeOnLoadMethod () [0x00000] in <78f5b00d13564108b56eb3cd14e5fc8d>:0 

NullReferenceException: Object reference not set to an instance of an object
  at ZEPETO.World.Editor.WorldEditorSettings.IsZaizai () [0x00016] in <17d47687802b4655aaafb797c8c934f8>:0 
  at ZEPETO.World.Editor.WorldEditorSettings.SelectDevelopment () [0x00001] in <17d47687802b4655aaafb797c8c934f8>:0 
  at ZEPETO.World.Editor.WorldEditorSettings.get_Development () [0x00011] in <17d47687802b4655aaafb797c8c934f8>:0 
  at ZEPETO.World.Editor.WorldEditorSettings.get_BuiltinSettings () [0x00000] in <17d47687802b4655aaafb797c8c934f8>:0 
  at ZEPETO.World.Editor.WorldEditorSettings.get_ActiveSetting () [0x00027] in <17d47687802b4655aaafb797c8c934f8>:0 
  at ZEPETO.World.Editor.ForbiddenTypes.LoadForbiddenTypes () [0x0000a] in <78f5b00d13564108b56eb3cd14e5fc8d>:0 
  at ZEPETO.World.Editor.ForbiddenTypes.Initialize () [0x00047] in <78f5b00d13564108b56eb3cd14e5fc8d>:0 

NullReferenceException: Object reference not set to an instance of an object
  at ZEPETO.World.Editor.WorldPackageEditorUtils.GetDeserializedWorldPackageInfo () [0x00014] in <78f5b00d13564108b56eb3cd14e5fc8d>:0 
  at ZEPETO.World.Editor.WorldPackageEditorUtils.GetFieldValue[T] (System.String field) [0x00000] in <78f5b00d13564108b56eb3cd14e5fc8d>:0 
  at ZEPETO.World.Editor.WorldPackageEditorUtils.get_ZepetoMinVersion () [0x00000] in <78f5b00d13564108b56eb3cd14e5fc8d>:0 
  at ZEPETO.World.Editor.Editor.WorldEditorInitializer.EditorInitializer () [0x00000] in <78f5b00d13564108b56eb3cd14e5fc8d>:0 

Mono: successfully reloaded assembly
- Completed reload, in  1.100 seconds
Platform modules already initialized, skipping
Shader 'BuildItAssets/Stable/Water/Cube': fallback shader 'Mobile/Unlit' not found
Shader 'Jason/Build It/Water UV Scroll No Light': fallback shader 'Mobile/Unlit' not found
Shader 'Wit/StandardTransparent_js': fallback shader 'Wit/Standard(NoColor)' not found
Shader 'Jason/Build It/Water No Light': fallback shader 'Mobile/Unlit' not found
Refreshing native plugins compatible for Editor in 1.62 ms, found 4 plugins.
Preloading 0 native plugins for Editor in 0.00 ms.
Unloading 2562 Unused Serialized files (Serialized files now loaded: 0)
System memory in use before: 140.7 MB.
System memory in use after: 140.9 MB.

Unloading 118 unused Assets to reduce memory usage. Loaded Objects now: 3250.
Total: 5.799200 ms (FindLiveObjects: 0.353700 ms CreateObjectMapping: 0.068300 ms MarkObjects: 5.323300 ms  DeleteObjects: 0.052200 ms)

========================================================================
Received Import Request.
  Time since last request: 35.689616 seconds.
  path: Assets/Script/C_Sharp/SoundControl.cs
  artifactKey: Guid(26a1544603025f14e8a90e93e73ba572) Importer(815301076,1909f56bfc062723c751e8b465ee728b)
Start importing Assets/Script/C_Sharp/SoundControl.cs using Guid(26a1544603025f14e8a90e93e73ba572) Importer(815301076,1909f56bfc062723c751e8b465ee728b)  -> (artifact id: '09540e9ab1db155938d2e4978ccf064a') in 0.006836 seconds
  Import took 0.011132 seconds .

========================================================================
Received Prepare
Registering precompiled user dll's ...
Registered in 0.044265 seconds.
Begin MonoManager ReloadAssembly
Native extension for WindowsStandalone target not found
Refreshing native plugins compatible for Editor in 1.38 ms, found 4 plugins.
Preloading 0 native plugins for Editor in 0.00 ms.
System.NullReferenceException: Object reference not set to an instance of an object
  at ZEPETO.World.Editor.WorldEditorSettings.IsZaizai () [0x00016] in <17d47687802b4655aaafb797c8c934f8>:0 
  at ZEPETO.World.Editor.WorldEditorSettings.SelectDevelopment () [0x00001] in <17d47687802b4655aaafb797c8c934f8>:0 
  at ZEPETO.World.Editor.WorldEditorSettings.get_Development () [0x00011] in <17d47687802b4655aaafb797c8c934f8>:0 
  at ZEPETO.World.Editor.WorldEditorSettings.get_BuiltinSettings () [0x00000] in <17d47687802b4655aaafb797c8c934f8>:0 
  at ZEPETO.World.Editor.WorldEditorSettings.get_ActiveSetting () [0x00027] in <17d47687802b4655aaafb797c8c934f8>:0 
  at ZEPETO.World.Common.APIHostEditor..ctor () [0x00006] in <1a219a6a8cd249cba8ce1420b658e55e>:0 
  at ZEPETO.World.Common.APIHostInitializer..cctor () [0x00000] in <1a219a6a8cd249cba8ce1420b658e55e>:0 
UnityEngine.StackTraceUtility:ExtractStackTrace ()
UnityEngine.DebugLogHandler:LogFormat (UnityEngine.LogType,UnityEngine.Object,string,object[])
UnityEngine.Logger:Log (UnityEngine.LogType,object)
UnityEngine.Debug:LogError (object)
UnityEditor.EditorAssemblies:ProcessInitializeOnLoadAttributes (System.Type[])

NullReferenceException: Object reference not set to an instance of an object
  at ZEPETO.World.Editor.WorldEditorSettings.IsZaizai () [0x00016] in <17d47687802b4655aaafb797c8c934f8>:0 
  at ZEPETO.World.Editor.WorldEditorSettings.SelectDevelopment () [0x00001] in <17d47687802b4655aaafb797c8c934f8>:0 
  at ZEPETO.World.Editor.WorldEditorSettings.get_Development () [0x00011] in <17d47687802b4655aaafb797c8c934f8>:0 
  at ZEPETO.World.Editor.WorldEnvironmentInitializer.MultiplaySettingInitialize () [0x00000] in <78f5b00d13564108b56eb3cd14e5fc8d>:0 
  at ZEPETO.World.Editor.WorldEnvironmentInitializer.InitializeOnLoadMethod () [0x00000] in <78f5b00d13564108b56eb3cd14e5fc8d>:0 

NullReferenceException: Object reference not set to an instance of an object
  at ZEPETO.World.Editor.WorldEditorSettings.IsZaizai () [0x00016] in <17d47687802b4655aaafb797c8c934f8>:0 
  at ZEPETO.World.Editor.WorldEditorSettings.SelectDevelopment () [0x00001] in <17d47687802b4655aaafb797c8c934f8>:0 
  at ZEPETO.World.Editor.WorldEditorSettings.get_Development () [0x00011] in <17d47687802b4655aaafb797c8c934f8>:0 
  at ZEPETO.World.Editor.WorldEditorSettings.get_BuiltinSettings () [0x00000] in <17d47687802b4655aaafb797c8c934f8>:0 
  at ZEPETO.World.Editor.WorldEditorSettings.get_ActiveSetting () [0x00027] in <17d47687802b4655aaafb797c8c934f8>:0 
  at ZEPETO.World.Editor.ForbiddenTypes.LoadForbiddenTypes () [0x0000a] in <78f5b00d13564108b56eb3cd14e5fc8d>:0 
  at ZEPETO.World.Editor.ForbiddenTypes.Initialize () [0x00047] in <78f5b00d13564108b56eb3cd14e5fc8d>:0 

NullReferenceException: Object reference not set to an instance of an object
  at ZEPETO.World.Editor.WorldPackageEditorUtils.GetDeserializedWorldPackageInfo () [0x00014] in <78f5b00d13564108b56eb3cd14e5fc8d>:0 
  at ZEPETO.World.Editor.WorldPackageEditorUtils.GetFieldValue[T] (System.String field) [0x00000] in <78f5b00d13564108b56eb3cd14e5fc8d>:0 
  at ZEPETO.World.Editor.WorldPackageEditorUtils.get_ZepetoMinVersion () [0x00000] in <78f5b00d13564108b56eb3cd14e5fc8d>:0 
  at ZEPETO.World.Editor.Editor.WorldEditorInitializer.EditorInitializer () [0x00000] in <78f5b00d13564108b56eb3cd14e5fc8d>:0 

Mono: successfully reloaded assembly
- Completed reload, in  1.065 seconds
Platform modules already initialized, skipping
Shader 'BuildItAssets/Stable/Water/Cube': fallback shader 'Mobile/Unlit' not found
Shader 'Jason/Build It/Water UV Scroll No Light': fallback shader 'Mobile/Unlit' not found
Shader 'Wit/StandardTransparent_js': fallback shader 'Wit/Standard(NoColor)' not found
Shader 'Jason/Build It/Water No Light': fallback shader 'Mobile/Unlit' not found
Refreshing native plugins compatible for Editor in 1.65 ms, found 4 plugins.
Preloading 0 native plugins for Editor in 0.00 ms.
Unloading 2562 Unused Serialized files (Serialized files now loaded: 0)
System memory in use before: 140.7 MB.
System memory in use after: 140.9 MB.

Unloading 118 unused Assets to reduce memory usage. Loaded Objects now: 3253.
Total: 5.597100 ms (FindLiveObjects: 0.340900 ms CreateObjectMapping: 0.066800 ms MarkObjects: 5.137700 ms  DeleteObjects: 0.050400 ms)

========================================================================
Received Import Request.
  Time since last request: 92.977620 seconds.
  path: Packages/zepeto.character.controller/Runtime/_Resources/AnimatorController/ZepetoAnimatorV2.controller
  artifactKey: Guid(d45416f714b4fe74d9ddc118caf5f7c9) Importer(815301076,1909f56bfc062723c751e8b465ee728b)
Start importing Packages/zepeto.character.controller/Runtime/_Resources/AnimatorController/ZepetoAnimatorV2.controller using Guid(d45416f714b4fe74d9ddc118caf5f7c9) Importer(815301076,1909f56bfc062723c751e8b465ee728b)  -> (artifact id: 'cf6d2e1f895e4479ab16a7519fb6776f') in 0.298167 seconds
  Import took 0.304314 seconds .

========================================================================
Received Import Request.
  Time since last request: 20.475323 seconds.
  path: Packages/zepeto.character.controller/Runtime/_Resources/Animations/base/V2/move_run_fast.anim
  artifactKey: Guid(b37b0c3443ebd4913a439b51a0a3d5a4) Importer(815301076,1909f56bfc062723c751e8b465ee728b)
Start importing Packages/zepeto.character.controller/Runtime/_Resources/Animations/base/V2/move_run_fast.anim using Guid(b37b0c3443ebd4913a439b51a0a3d5a4) Importer(815301076,1909f56bfc062723c751e8b465ee728b)  -> (artifact id: '6f79afb2f6d21c818b68190bd21ced5e') in 0.015034 seconds
  Import took 0.019832 seconds .

========================================================================
Received Import Request.
  Time since last request: 0.924247 seconds.
  path: Packages/zepeto.character.controller/Runtime/_Resources/Animations/base/V2/move_run.anim
  artifactKey: Guid(3ee8a1247c52648f5b43bb0e970fdbec) Importer(815301076,1909f56bfc062723c751e8b465ee728b)
Start importing Packages/zepeto.character.controller/Runtime/_Resources/Animations/base/V2/move_run.anim using Guid(3ee8a1247c52648f5b43bb0e970fdbec) Importer(815301076,1909f56bfc062723c751e8b465ee728b)  -> (artifact id: '5aff9b9c3755d0f5393180387c28000b') in 0.015249 seconds
  Import took 0.020300 seconds .

AssetImportWorkerClient::OnTransportError - code=1236 error=네트워크 연결이 로컬 시스템에 의해 취소되었습니다.
