Using pre-set license
Built from '2020.3/staging' branch; Version is '2020.3.9f1 (108be757e447) revision 1084391'; Using compiler version '192528614'; Build Type 'Release'
OS: 'Windows 10 Pro; OS build 19044.2604; Version 2009; 64bit' Language: 'ko' Physical Memory: 16313 MB
BatchMode: 1, IsHumanControllingUs: 0, StartBugReporterOnCrash: 0, Is64bit: 1, IsPro: 0

 COMMAND LINE ARGUMENTS:
C:\Users\wobo5\PersonalProject\2020.3.9f1\Editor\Unity.exe
-adb2
-batchMode
-noUpm
-name
AssetImportWorker1
-projectPath
C:/Users/wobo5/PersonalProject/Zepeto_project
-logFile
Logs/AssetImportWorker1.log
-srvPort
53331
Successfully changed project path to: C:/Users/wobo5/PersonalProject/Zepeto_project
C:/Users/wobo5/PersonalProject/Zepeto_project
Using Asset Import Pipeline V2.
Refreshing native plugins compatible for Editor in 189.93 ms, found 4 plugins.
Preloading 0 native plugins for Editor in 0.00 ms.
Initialize engine version: 2020.3.9f1 (108be757e447)
[Subsystems] Discovering subsystems at path C:/Users/wobo5/PersonalProject/2020.3.9f1/Editor/Data/Resources/UnitySubsystems
[Subsystems] Discovering subsystems at path C:/Users/wobo5/PersonalProject/Zepeto_project/Assets
GfxDevice: creating device client; threaded=0
Direct3D:
    Version:  Direct3D 11.0 [level 11.1]
    Renderer: NVIDIA GeForce GTX 1660 SUPER (ID=0x21c4)
    Vendor:   
    VRAM:     5991 MB
    Driver:   31.0.15.1694
Shader 'Jason/Build It/Water No Light': fallback shader 'Mobile/Unlit' not found
Shader 'Jason/Build It/Water UV Scroll No Light': fallback shader 'Mobile/Unlit' not found
Shader 'Wit/StandardTransparent_js': fallback shader 'Wit/Standard(NoColor)' not found
Shader 'BuildItAssets/Stable/Water/Cube': fallback shader 'Mobile/Unlit' not found
Initialize mono
Mono path[0] = 'C:/Users/wobo5/PersonalProject/2020.3.9f1/Editor/Data/Managed'
Mono path[1] = 'C:/Users/wobo5/PersonalProject/2020.3.9f1/Editor/Data/MonoBleedingEdge/lib/mono/unityjit'
Mono config path = 'C:/Users/wobo5/PersonalProject/2020.3.9f1/Editor/Data/MonoBleedingEdge/etc'
Using monoOptions --debugger-agent=transport=dt_socket,embedding=1,server=y,suspend=n,address=127.0.0.1:56320
Begin MonoManager ReloadAssembly
Registering precompiled unity dll's ...
Trying to register platform support module: C:/Users/wobo5/PersonalProject/2020.3.9f1/Editor/Data/PlaybackEngines/MacStandaloneSupport/UnityEditor.OSXStandalone.Extensions.dll (that doesn't exist). Retrying without overrides.
Platform support module is not available: C:/Users/wobo5/PersonalProject/2020.3.9f1/Editor/Data/PlaybackEngines/MacStandaloneSupport/UnityEditor.OSXStandalone.Extensions.dll
Register platform support module: C:/Users/wobo5/PersonalProject/2020.3.9f1/Editor/Data/PlaybackEngines/WindowsStandaloneSupport/UnityEditor.WindowsStandalone.Extensions.dll
Registered in 0.003754 seconds.
Native extension for WindowsStandalone target not found
Refreshing native plugins compatible for Editor in 106.19 ms, found 4 plugins.
Preloading 0 native plugins for Editor in 0.00 ms.
Mono: successfully reloaded assembly
- Completed reload, in  1.614 seconds
Platform modules already initialized, skipping
Registering precompiled user dll's ...
Registered in 0.056145 seconds.
Begin MonoManager ReloadAssembly
Native extension for WindowsStandalone target not found
Refreshing native plugins compatible for Editor in 148.59 ms, found 4 plugins.
Preloading 0 native plugins for Editor in 0.00 ms.
System.NullReferenceException: Object reference not set to an instance of an object
  at ZEPETO.World.Editor.WorldEditorSettings.IsZaizai () [0x00016] in <17d47687802b4655aaafb797c8c934f8>:0 
  at ZEPETO.World.Editor.WorldEditorSettings.SelectDevelopment () [0x00001] in <17d47687802b4655aaafb797c8c934f8>:0 
  at ZEPETO.World.Editor.WorldEditorSettings.get_Development () [0x00011] in <17d47687802b4655aaafb797c8c934f8>:0 
  at ZEPETO.World.Editor.WorldEditorSettings.get_BuiltinSettings () [0x00000] in <17d47687802b4655aaafb797c8c934f8>:0 
  at ZEPETO.World.Editor.WorldEditorSettings.get_ActiveSetting () [0x00027] in <17d47687802b4655aaafb797c8c934f8>:0 
  at ZEPETO.World.Common.APIHostEditor..ctor () [0x00006] in <1a219a6a8cd249cba8ce1420b658e55e>:0 
  at ZEPETO.World.Common.APIHostInitializer..cctor () [0x00000] in <1a219a6a8cd249cba8ce1420b658e55e>:0 
UnityEngine.StackTraceUtility:ExtractStackTrace ()
UnityEngine.DebugLogHandler:LogFormat (UnityEngine.LogType,UnityEngine.Object,string,object[])
UnityEngine.Logger:Log (UnityEngine.LogType,object)
UnityEngine.Debug:LogError (object)
UnityEditor.EditorAssemblies:ProcessInitializeOnLoadAttributes (System.Type[])

NullReferenceException: Object reference not set to an instance of an object
  at ZEPETO.World.Editor.WorldEditorSettings.IsZaizai () [0x00016] in <17d47687802b4655aaafb797c8c934f8>:0 
  at ZEPETO.World.Editor.WorldEditorSettings.SelectDevelopment () [0x00001] in <17d47687802b4655aaafb797c8c934f8>:0 
  at ZEPETO.World.Editor.WorldEditorSettings.get_Development () [0x00011] in <17d47687802b4655aaafb797c8c934f8>:0 
  at ZEPETO.World.Editor.WorldEnvironmentInitializer.MultiplaySettingInitialize () [0x00000] in <78f5b00d13564108b56eb3cd14e5fc8d>:0 
  at ZEPETO.World.Editor.WorldEnvironmentInitializer.InitializeOnLoadMethod () [0x00000] in <78f5b00d13564108b56eb3cd14e5fc8d>:0 

NullReferenceException: Object reference not set to an instance of an object
  at ZEPETO.World.Editor.WorldEditorSettings.IsZaizai () [0x00016] in <17d47687802b4655aaafb797c8c934f8>:0 
  at ZEPETO.World.Editor.WorldEditorSettings.SelectDevelopment () [0x00001] in <17d47687802b4655aaafb797c8c934f8>:0 
  at ZEPETO.World.Editor.WorldEditorSettings.get_Development () [0x00011] in <17d47687802b4655aaafb797c8c934f8>:0 
  at ZEPETO.World.Editor.WorldEditorSettings.get_BuiltinSettings () [0x00000] in <17d47687802b4655aaafb797c8c934f8>:0 
  at ZEPETO.World.Editor.WorldEditorSettings.get_ActiveSetting () [0x00027] in <17d47687802b4655aaafb797c8c934f8>:0 
  at ZEPETO.World.Editor.ForbiddenTypes.LoadForbiddenTypes () [0x0000a] in <78f5b00d13564108b56eb3cd14e5fc8d>:0 
  at ZEPETO.World.Editor.ForbiddenTypes.Initialize () [0x00047] in <78f5b00d13564108b56eb3cd14e5fc8d>:0 

NullReferenceException: Object reference not set to an instance of an object
  at ZEPETO.World.Editor.WorldPackageEditorUtils.GetDeserializedWorldPackageInfo () [0x00014] in <78f5b00d13564108b56eb3cd14e5fc8d>:0 
  at ZEPETO.World.Editor.WorldPackageEditorUtils.GetFieldValue[T] (System.String field) [0x00000] in <78f5b00d13564108b56eb3cd14e5fc8d>:0 
  at ZEPETO.World.Editor.WorldPackageEditorUtils.get_ZepetoMinVersion () [0x00000] in <78f5b00d13564108b56eb3cd14e5fc8d>:0 
  at ZEPETO.World.Editor.Editor.WorldEditorInitializer.EditorInitializer () [0x00000] in <78f5b00d13564108b56eb3cd14e5fc8d>:0 

Mono: successfully reloaded assembly
- Completed reload, in  1.563 seconds
Platform modules already initialized, skipping
========================================================================
Worker process is ready to serve import requests
Shader 'BuildItAssets/Stable/Water/Cube': fallback shader 'Mobile/Unlit' not found
Shader 'Jason/Build It/Water UV Scroll No Light': fallback shader 'Mobile/Unlit' not found
Shader 'Wit/StandardTransparent_js': fallback shader 'Wit/Standard(NoColor)' not found
Shader 'Jason/Build It/Water No Light': fallback shader 'Mobile/Unlit' not found
Launched and connected shader compiler UnityShaderCompiler.exe after 0.08 seconds
Refreshing native plugins compatible for Editor in 1.83 ms, found 4 plugins.
Preloading 0 native plugins for Editor in 0.00 ms.
Unloading 2673 Unused Serialized files (Serialized files now loaded: 0)
System memory in use before: 147.8 MB.
System memory in use after: 148.0 MB.

Unloading 129 unused Assets to reduce memory usage. Loaded Objects now: 3229.
Total: 6.301700 ms (FindLiveObjects: 0.499700 ms CreateObjectMapping: 0.249900 ms MarkObjects: 5.326000 ms  DeleteObjects: 0.224600 ms)

========================================================================
Received Import Request.
  path: Assets/Script/Object/ProgressBar_control.ts
  artifactKey: Guid(ca9fb8618966308488e4cd33056aea16) Importer(815301076,1909f56bfc062723c751e8b465ee728b)
Start importing Assets/Script/Object/ProgressBar_control.ts using Guid(ca9fb8618966308488e4cd33056aea16) Importer(815301076,1909f56bfc062723c751e8b465ee728b)  -> (artifact id: '16e95d27f94c944d3609b19f41f286db') in 0.151230 seconds
  Import took 0.156575 seconds .

========================================================================
Received Import Request.
  Time since last request: 268.614498 seconds.
  path: Packages/com.unity.analytics/DataPrivacy/DataPrivacyIcon.png
  artifactKey: Guid(599a5fd92bab81a4ab02e52d0b1b1c60) Importer(815301076,1909f56bfc062723c751e8b465ee728b)
Start importing Packages/com.unity.analytics/DataPrivacy/DataPrivacyIcon.png using Guid(599a5fd92bab81a4ab02e52d0b1b1c60) Importer(815301076,1909f56bfc062723c751e8b465ee728b)  -> (artifact id: 'c9df8033522c789e3e32726c75c41f85') in 0.085464 seconds
  Import took 0.090666 seconds .

========================================================================
Received Import Request.
  Time since last request: 0.000181 seconds.
  path: Packages/com.unity.recorder/Editor/Assets/d_popout_icon.png
  artifactKey: Guid(bc923b5a585620e4db67e78dfa654ee0) Importer(815301076,1909f56bfc062723c751e8b465ee728b)
Start importing Packages/com.unity.recorder/Editor/Assets/d_popout_icon.png using Guid(bc923b5a585620e4db67e78dfa654ee0) Importer(815301076,1909f56bfc062723c751e8b465ee728b)  -> (artifact id: '52cf741f7c821badf06eb600e42aa75d') in 0.017270 seconds
  Import took 0.021889 seconds .

========================================================================
Received Import Request.
  Time since last request: 0.000256 seconds.
  path: Packages/com.unity.recorder/Editor/Assets/d_movie_16.png
  artifactKey: Guid(44305ecb1c1dd4b49b87b982320a3abc) Importer(815301076,1909f56bfc062723c751e8b465ee728b)
Start importing Packages/com.unity.recorder/Editor/Assets/d_movie_16.png using Guid(44305ecb1c1dd4b49b87b982320a3abc) Importer(815301076,1909f56bfc062723c751e8b465ee728b)  -> (artifact id: '2873621412542eee0234db6c517105b1') in 0.016162 seconds
  Import took 0.021790 seconds .

========================================================================
Received Import Request.
  Time since last request: 0.529209 seconds.
  path: Packages/com.unity.recorder/Editor/Assets/d_customrecorder_16.png
  artifactKey: Guid(52b9c3732a14dd14d9427ced3524773f) Importer(815301076,1909f56bfc062723c751e8b465ee728b)
Start importing Packages/com.unity.recorder/Editor/Assets/d_customrecorder_16.png using Guid(52b9c3732a14dd14d9427ced3524773f) Importer(815301076,1909f56bfc062723c751e8b465ee728b)  -> (artifact id: '789e81360a25356f8532b6abd4ea4d67') in 0.015873 seconds
  Import took 0.022101 seconds .

========================================================================
Received Import Request.
  Time since last request: 0.000213 seconds.
  path: Packages/com.unity.recorder/Editor/Assets/d_imagesequence_16.png
  artifactKey: Guid(c90fbca1bb37c1d47868781f9a7557dd) Importer(815301076,1909f56bfc062723c751e8b465ee728b)
Start importing Packages/com.unity.recorder/Editor/Assets/d_imagesequence_16.png using Guid(c90fbca1bb37c1d47868781f9a7557dd) Importer(815301076,1909f56bfc062723c751e8b465ee728b)  -> (artifact id: 'df9e04de13311ebde2149de4d0847dc9') in 0.014322 seconds
  Import took 0.019941 seconds .

========================================================================
Received Import Request.
  Time since last request: 1.272962 seconds.
  path: Packages/com.unity.recorder/Editor/Assets/customrecorder_16.png
  artifactKey: Guid(e37930a0cc67be24bb961bcb1f8513a1) Importer(815301076,1909f56bfc062723c751e8b465ee728b)
Start importing Packages/com.unity.recorder/Editor/Assets/customrecorder_16.png using Guid(e37930a0cc67be24bb961bcb1f8513a1) Importer(815301076,1909f56bfc062723c751e8b465ee728b)  -> (artifact id: '1e8deac24453b1ab2ca1b42bad8ef38c') in 0.015256 seconds
  Import took 0.021050 seconds .

========================================================================
Received Import Request.
  Time since last request: 4.526031 seconds.
  path: Packages/com.unity.recorder/Editor/Assets/imagesequence_16.png
  artifactKey: Guid(5970c978d42818b43afb0f5236f0c16a) Importer(815301076,1909f56bfc062723c751e8b465ee728b)
Start importing Packages/com.unity.recorder/Editor/Assets/imagesequence_16.png using Guid(5970c978d42818b43afb0f5236f0c16a) Importer(815301076,1909f56bfc062723c751e8b465ee728b)  -> (artifact id: '2ee906c1d97faf324d0304cf8f31e511') in 0.015249 seconds
  Import took 0.019838 seconds .

========================================================================
Received Import Request.
  Time since last request: 0.000681 seconds.
  path: Packages/com.unity.recorder/Editor/Assets/imagesequence_16.png
  artifactKey: Guid(5970c978d42818b43afb0f5236f0c16a) Importer(815301076,1909f56bfc062723c751e8b465ee728b)
Start importing Packages/com.unity.recorder/Editor/Assets/imagesequence_16.png using Guid(5970c978d42818b43afb0f5236f0c16a) Importer(815301076,1909f56bfc062723c751e8b465ee728b)  -> (artifact id: '2ee906c1d97faf324d0304cf8f31e511') in 0.009616 seconds
  Import took 0.014783 seconds .

========================================================================
Received Prepare
Registering precompiled user dll's ...
Registered in 0.076618 seconds.
Begin MonoManager ReloadAssembly
Native extension for WindowsStandalone target not found
Refreshing native plugins compatible for Editor in 2.16 ms, found 4 plugins.
Preloading 0 native plugins for Editor in 0.00 ms.
System.NullReferenceException: Object reference not set to an instance of an object
  at ZEPETO.World.Editor.WorldEditorSettings.IsZaizai () [0x00016] in <17d47687802b4655aaafb797c8c934f8>:0 
  at ZEPETO.World.Editor.WorldEditorSettings.SelectDevelopment () [0x00001] in <17d47687802b4655aaafb797c8c934f8>:0 
  at ZEPETO.World.Editor.WorldEditorSettings.get_Development () [0x00011] in <17d47687802b4655aaafb797c8c934f8>:0 
  at ZEPETO.World.Editor.WorldEditorSettings.get_BuiltinSettings () [0x00000] in <17d47687802b4655aaafb797c8c934f8>:0 
  at ZEPETO.World.Editor.WorldEditorSettings.get_ActiveSetting () [0x00027] in <17d47687802b4655aaafb797c8c934f8>:0 
  at ZEPETO.World.Common.APIHostEditor..ctor () [0x00006] in <1a219a6a8cd249cba8ce1420b658e55e>:0 
  at ZEPETO.World.Common.APIHostInitializer..cctor () [0x00000] in <1a219a6a8cd249cba8ce1420b658e55e>:0 
UnityEngine.StackTraceUtility:ExtractStackTrace ()
UnityEngine.DebugLogHandler:LogFormat (UnityEngine.LogType,UnityEngine.Object,string,object[])
UnityEngine.Logger:Log (UnityEngine.LogType,object)
UnityEngine.Debug:LogError (object)
UnityEditor.EditorAssemblies:ProcessInitializeOnLoadAttributes (System.Type[])

NullReferenceException: Object reference not set to an instance of an object
  at ZEPETO.World.Editor.WorldEditorSettings.IsZaizai () [0x00016] in <17d47687802b4655aaafb797c8c934f8>:0 
  at ZEPETO.World.Editor.WorldEditorSettings.SelectDevelopment () [0x00001] in <17d47687802b4655aaafb797c8c934f8>:0 
  at ZEPETO.World.Editor.WorldEditorSettings.get_Development () [0x00011] in <17d47687802b4655aaafb797c8c934f8>:0 
  at ZEPETO.World.Editor.WorldEnvironmentInitializer.MultiplaySettingInitialize () [0x00000] in <78f5b00d13564108b56eb3cd14e5fc8d>:0 
  at ZEPETO.World.Editor.WorldEnvironmentInitializer.InitializeOnLoadMethod () [0x00000] in <78f5b00d13564108b56eb3cd14e5fc8d>:0 

NullReferenceException: Object reference not set to an instance of an object
  at ZEPETO.World.Editor.WorldEditorSettings.IsZaizai () [0x00016] in <17d47687802b4655aaafb797c8c934f8>:0 
  at ZEPETO.World.Editor.WorldEditorSettings.SelectDevelopment () [0x00001] in <17d47687802b4655aaafb797c8c934f8>:0 
  at ZEPETO.World.Editor.WorldEditorSettings.get_Development () [0x00011] in <17d47687802b4655aaafb797c8c934f8>:0 
  at ZEPETO.World.Editor.WorldEditorSettings.get_BuiltinSettings () [0x00000] in <17d47687802b4655aaafb797c8c934f8>:0 
  at ZEPETO.World.Editor.WorldEditorSettings.get_ActiveSetting () [0x00027] in <17d47687802b4655aaafb797c8c934f8>:0 
  at ZEPETO.World.Editor.ForbiddenTypes.LoadForbiddenTypes () [0x0000a] in <78f5b00d13564108b56eb3cd14e5fc8d>:0 
  at ZEPETO.World.Editor.ForbiddenTypes.Initialize () [0x00047] in <78f5b00d13564108b56eb3cd14e5fc8d>:0 

NullReferenceException: Object reference not set to an instance of an object
  at ZEPETO.World.Editor.WorldPackageEditorUtils.GetDeserializedWorldPackageInfo () [0x00014] in <78f5b00d13564108b56eb3cd14e5fc8d>:0 
  at ZEPETO.World.Editor.WorldPackageEditorUtils.GetFieldValue[T] (System.String field) [0x00000] in <78f5b00d13564108b56eb3cd14e5fc8d>:0 
  at ZEPETO.World.Editor.WorldPackageEditorUtils.get_ZepetoMinVersion () [0x00000] in <78f5b00d13564108b56eb3cd14e5fc8d>:0 
  at ZEPETO.World.Editor.Editor.WorldEditorInitializer.EditorInitializer () [0x00000] in <78f5b00d13564108b56eb3cd14e5fc8d>:0 

Mono: successfully reloaded assembly
- Completed reload, in  1.481 seconds
Platform modules already initialized, skipping
Shader 'BuildItAssets/Stable/Water/Cube': fallback shader 'Mobile/Unlit' not found
Shader 'Jason/Build It/Water UV Scroll No Light': fallback shader 'Mobile/Unlit' not found
Shader 'Wit/StandardTransparent_js': fallback shader 'Wit/Standard(NoColor)' not found
Shader 'Jason/Build It/Water No Light': fallback shader 'Mobile/Unlit' not found
Refreshing native plugins compatible for Editor in 1.48 ms, found 4 plugins.
Preloading 0 native plugins for Editor in 0.00 ms.
Unloading 2562 Unused Serialized files (Serialized files now loaded: 0)
System memory in use before: 140.5 MB.
System memory in use after: 140.7 MB.

Unloading 118 unused Assets to reduce memory usage. Loaded Objects now: 3242.
Total: 5.678100 ms (FindLiveObjects: 0.334100 ms CreateObjectMapping: 0.065900 ms MarkObjects: 5.238100 ms  DeleteObjects: 0.039000 ms)

========================================================================
Received Prepare
Registering precompiled user dll's ...
Registered in 0.099802 seconds.
Begin MonoManager ReloadAssembly
Native extension for WindowsStandalone target not found
Refreshing native plugins compatible for Editor in 1.60 ms, found 4 plugins.
Preloading 0 native plugins for Editor in 0.00 ms.
System.NullReferenceException: Object reference not set to an instance of an object
  at ZEPETO.World.Editor.WorldEditorSettings.IsZaizai () [0x00016] in <17d47687802b4655aaafb797c8c934f8>:0 
  at ZEPETO.World.Editor.WorldEditorSettings.SelectDevelopment () [0x00001] in <17d47687802b4655aaafb797c8c934f8>:0 
  at ZEPETO.World.Editor.WorldEditorSettings.get_Development () [0x00011] in <17d47687802b4655aaafb797c8c934f8>:0 
  at ZEPETO.World.Editor.WorldEditorSettings.get_BuiltinSettings () [0x00000] in <17d47687802b4655aaafb797c8c934f8>:0 
  at ZEPETO.World.Editor.WorldEditorSettings.get_ActiveSetting () [0x00027] in <17d47687802b4655aaafb797c8c934f8>:0 
  at ZEPETO.World.Common.APIHostEditor..ctor () [0x00006] in <1a219a6a8cd249cba8ce1420b658e55e>:0 
  at ZEPETO.World.Common.APIHostInitializer..cctor () [0x00000] in <1a219a6a8cd249cba8ce1420b658e55e>:0 
UnityEngine.StackTraceUtility:ExtractStackTrace ()
UnityEngine.DebugLogHandler:LogFormat (UnityEngine.LogType,UnityEngine.Object,string,object[])
UnityEngine.Logger:Log (UnityEngine.LogType,object)
UnityEngine.Debug:LogError (object)
UnityEditor.EditorAssemblies:ProcessInitializeOnLoadAttributes (System.Type[])

NullReferenceException: Object reference not set to an instance of an object
  at ZEPETO.World.Editor.WorldEditorSettings.IsZaizai () [0x00016] in <17d47687802b4655aaafb797c8c934f8>:0 
  at ZEPETO.World.Editor.WorldEditorSettings.SelectDevelopment () [0x00001] in <17d47687802b4655aaafb797c8c934f8>:0 
  at ZEPETO.World.Editor.WorldEditorSettings.get_Development () [0x00011] in <17d47687802b4655aaafb797c8c934f8>:0 
  at ZEPETO.World.Editor.WorldEnvironmentInitializer.MultiplaySettingInitialize () [0x00000] in <78f5b00d13564108b56eb3cd14e5fc8d>:0 
  at ZEPETO.World.Editor.WorldEnvironmentInitializer.InitializeOnLoadMethod () [0x00000] in <78f5b00d13564108b56eb3cd14e5fc8d>:0 

NullReferenceException: Object reference not set to an instance of an object
  at ZEPETO.World.Editor.WorldEditorSettings.IsZaizai () [0x00016] in <17d47687802b4655aaafb797c8c934f8>:0 
  at ZEPETO.World.Editor.WorldEditorSettings.SelectDevelopment () [0x00001] in <17d47687802b4655aaafb797c8c934f8>:0 
  at ZEPETO.World.Editor.WorldEditorSettings.get_Development () [0x00011] in <17d47687802b4655aaafb797c8c934f8>:0 
  at ZEPETO.World.Editor.WorldEditorSettings.get_BuiltinSettings () [0x00000] in <17d47687802b4655aaafb797c8c934f8>:0 
  at ZEPETO.World.Editor.WorldEditorSettings.get_ActiveSetting () [0x00027] in <17d47687802b4655aaafb797c8c934f8>:0 
  at ZEPETO.World.Editor.ForbiddenTypes.LoadForbiddenTypes () [0x0000a] in <78f5b00d13564108b56eb3cd14e5fc8d>:0 
  at ZEPETO.World.Editor.ForbiddenTypes.Initialize () [0x00047] in <78f5b00d13564108b56eb3cd14e5fc8d>:0 

NullReferenceException: Object reference not set to an instance of an object
  at ZEPETO.World.Editor.WorldPackageEditorUtils.GetDeserializedWorldPackageInfo () [0x00014] in <78f5b00d13564108b56eb3cd14e5fc8d>:0 
  at ZEPETO.World.Editor.WorldPackageEditorUtils.GetFieldValue[T] (System.String field) [0x00000] in <78f5b00d13564108b56eb3cd14e5fc8d>:0 
  at ZEPETO.World.Editor.WorldPackageEditorUtils.get_ZepetoMinVersion () [0x00000] in <78f5b00d13564108b56eb3cd14e5fc8d>:0 
  at ZEPETO.World.Editor.Editor.WorldEditorInitializer.EditorInitializer () [0x00000] in <78f5b00d13564108b56eb3cd14e5fc8d>:0 

Mono: successfully reloaded assembly
- Completed reload, in  1.886 seconds
Platform modules already initialized, skipping
Shader 'BuildItAssets/Stable/Water/Cube': fallback shader 'Mobile/Unlit' not found
Shader 'Jason/Build It/Water UV Scroll No Light': fallback shader 'Mobile/Unlit' not found
Shader 'Wit/StandardTransparent_js': fallback shader 'Wit/Standard(NoColor)' not found
Shader 'Jason/Build It/Water No Light': fallback shader 'Mobile/Unlit' not found
Refreshing native plugins compatible for Editor in 2.03 ms, found 4 plugins.
Preloading 0 native plugins for Editor in 0.00 ms.
Unloading 2562 Unused Serialized files (Serialized files now loaded: 0)
System memory in use before: 140.6 MB.
System memory in use after: 140.8 MB.

Unloading 118 unused Assets to reduce memory usage. Loaded Objects now: 3245.
Total: 7.102700 ms (FindLiveObjects: 0.432500 ms CreateObjectMapping: 0.067200 ms MarkObjects: 6.518900 ms  DeleteObjects: 0.082500 ms)

========================================================================
Received Prepare
Registering precompiled user dll's ...
Registered in 0.067563 seconds.
Begin MonoManager ReloadAssembly
Native extension for WindowsStandalone target not found
Refreshing native plugins compatible for Editor in 1.62 ms, found 4 plugins.
Preloading 0 native plugins for Editor in 0.00 ms.
System.NullReferenceException: Object reference not set to an instance of an object
  at ZEPETO.World.Editor.WorldEditorSettings.IsZaizai () [0x00016] in <17d47687802b4655aaafb797c8c934f8>:0 
  at ZEPETO.World.Editor.WorldEditorSettings.SelectDevelopment () [0x00001] in <17d47687802b4655aaafb797c8c934f8>:0 
  at ZEPETO.World.Editor.WorldEditorSettings.get_Development () [0x00011] in <17d47687802b4655aaafb797c8c934f8>:0 
  at ZEPETO.World.Editor.WorldEditorSettings.get_BuiltinSettings () [0x00000] in <17d47687802b4655aaafb797c8c934f8>:0 
  at ZEPETO.World.Editor.WorldEditorSettings.get_ActiveSetting () [0x00027] in <17d47687802b4655aaafb797c8c934f8>:0 
  at ZEPETO.World.Common.APIHostEditor..ctor () [0x00006] in <1a219a6a8cd249cba8ce1420b658e55e>:0 
  at ZEPETO.World.Common.APIHostInitializer..cctor () [0x00000] in <1a219a6a8cd249cba8ce1420b658e55e>:0 
UnityEngine.StackTraceUtility:ExtractStackTrace ()
UnityEngine.DebugLogHandler:LogFormat (UnityEngine.LogType,UnityEngine.Object,string,object[])
UnityEngine.Logger:Log (UnityEngine.LogType,object)
UnityEngine.Debug:LogError (object)
UnityEditor.EditorAssemblies:ProcessInitializeOnLoadAttributes (System.Type[])

NullReferenceException: Object reference not set to an instance of an object
  at ZEPETO.World.Editor.WorldEditorSettings.IsZaizai () [0x00016] in <17d47687802b4655aaafb797c8c934f8>:0 
  at ZEPETO.World.Editor.WorldEditorSettings.SelectDevelopment () [0x00001] in <17d47687802b4655aaafb797c8c934f8>:0 
  at ZEPETO.World.Editor.WorldEditorSettings.get_Development () [0x00011] in <17d47687802b4655aaafb797c8c934f8>:0 
  at ZEPETO.World.Editor.WorldEnvironmentInitializer.MultiplaySettingInitialize () [0x00000] in <78f5b00d13564108b56eb3cd14e5fc8d>:0 
  at ZEPETO.World.Editor.WorldEnvironmentInitializer.InitializeOnLoadMethod () [0x00000] in <78f5b00d13564108b56eb3cd14e5fc8d>:0 

NullReferenceException: Object reference not set to an instance of an object
  at ZEPETO.World.Editor.WorldEditorSettings.IsZaizai () [0x00016] in <17d47687802b4655aaafb797c8c934f8>:0 
  at ZEPETO.World.Editor.WorldEditorSettings.SelectDevelopment () [0x00001] in <17d47687802b4655aaafb797c8c934f8>:0 
  at ZEPETO.World.Editor.WorldEditorSettings.get_Development () [0x00011] in <17d47687802b4655aaafb797c8c934f8>:0 
  at ZEPETO.World.Editor.WorldEditorSettings.get_BuiltinSettings () [0x00000] in <17d47687802b4655aaafb797c8c934f8>:0 
  at ZEPETO.World.Editor.WorldEditorSettings.get_ActiveSetting () [0x00027] in <17d47687802b4655aaafb797c8c934f8>:0 
  at ZEPETO.World.Editor.ForbiddenTypes.LoadForbiddenTypes () [0x0000a] in <78f5b00d13564108b56eb3cd14e5fc8d>:0 
  at ZEPETO.World.Editor.ForbiddenTypes.Initialize () [0x00047] in <78f5b00d13564108b56eb3cd14e5fc8d>:0 

NullReferenceException: Object reference not set to an instance of an object
  at ZEPETO.World.Editor.WorldPackageEditorUtils.GetDeserializedWorldPackageInfo () [0x00014] in <78f5b00d13564108b56eb3cd14e5fc8d>:0 
  at ZEPETO.World.Editor.WorldPackageEditorUtils.GetFieldValue[T] (System.String field) [0x00000] in <78f5b00d13564108b56eb3cd14e5fc8d>:0 
  at ZEPETO.World.Editor.WorldPackageEditorUtils.get_ZepetoMinVersion () [0x00000] in <78f5b00d13564108b56eb3cd14e5fc8d>:0 
  at ZEPETO.World.Editor.Editor.WorldEditorInitializer.EditorInitializer () [0x00000] in <78f5b00d13564108b56eb3cd14e5fc8d>:0 

Mono: successfully reloaded assembly
- Completed reload, in  1.391 seconds
Platform modules already initialized, skipping
Shader 'BuildItAssets/Stable/Water/Cube': fallback shader 'Mobile/Unlit' not found
Shader 'Jason/Build It/Water UV Scroll No Light': fallback shader 'Mobile/Unlit' not found
Shader 'Wit/StandardTransparent_js': fallback shader 'Wit/Standard(NoColor)' not found
Shader 'Jason/Build It/Water No Light': fallback shader 'Mobile/Unlit' not found
Refreshing native plugins compatible for Editor in 1.53 ms, found 4 plugins.
Preloading 0 native plugins for Editor in 0.00 ms.
Unloading 2562 Unused Serialized files (Serialized files now loaded: 0)
System memory in use before: 140.6 MB.
System memory in use after: 140.8 MB.

Unloading 118 unused Assets to reduce memory usage. Loaded Objects now: 3248.
Total: 6.188500 ms (FindLiveObjects: 0.453800 ms CreateObjectMapping: 0.088200 ms MarkObjects: 5.578300 ms  DeleteObjects: 0.066100 ms)

========================================================================
Received Prepare
Registering precompiled user dll's ...
Registered in 0.061859 seconds.
Begin MonoManager ReloadAssembly
Native extension for WindowsStandalone target not found
Refreshing native plugins compatible for Editor in 2.09 ms, found 4 plugins.
Preloading 0 native plugins for Editor in 0.00 ms.
System.NullReferenceException: Object reference not set to an instance of an object
  at ZEPETO.World.Editor.WorldEditorSettings.IsZaizai () [0x00016] in <17d47687802b4655aaafb797c8c934f8>:0 
  at ZEPETO.World.Editor.WorldEditorSettings.SelectDevelopment () [0x00001] in <17d47687802b4655aaafb797c8c934f8>:0 
  at ZEPETO.World.Editor.WorldEditorSettings.get_Development () [0x00011] in <17d47687802b4655aaafb797c8c934f8>:0 
  at ZEPETO.World.Editor.WorldEditorSettings.get_BuiltinSettings () [0x00000] in <17d47687802b4655aaafb797c8c934f8>:0 
  at ZEPETO.World.Editor.WorldEditorSettings.get_ActiveSetting () [0x00027] in <17d47687802b4655aaafb797c8c934f8>:0 
  at ZEPETO.World.Common.APIHostEditor..ctor () [0x00006] in <1a219a6a8cd249cba8ce1420b658e55e>:0 
  at ZEPETO.World.Common.APIHostInitializer..cctor () [0x00000] in <1a219a6a8cd249cba8ce1420b658e55e>:0 
UnityEngine.StackTraceUtility:ExtractStackTrace ()
UnityEngine.DebugLogHandler:LogFormat (UnityEngine.LogType,UnityEngine.Object,string,object[])
UnityEngine.Logger:Log (UnityEngine.LogType,object)
UnityEngine.Debug:LogError (object)
UnityEditor.EditorAssemblies:ProcessInitializeOnLoadAttributes (System.Type[])

NullReferenceException: Object reference not set to an instance of an object
  at ZEPETO.World.Editor.WorldEditorSettings.IsZaizai () [0x00016] in <17d47687802b4655aaafb797c8c934f8>:0 
  at ZEPETO.World.Editor.WorldEditorSettings.SelectDevelopment () [0x00001] in <17d47687802b4655aaafb797c8c934f8>:0 
  at ZEPETO.World.Editor.WorldEditorSettings.get_Development () [0x00011] in <17d47687802b4655aaafb797c8c934f8>:0 
  at ZEPETO.World.Editor.WorldEnvironmentInitializer.MultiplaySettingInitialize () [0x00000] in <78f5b00d13564108b56eb3cd14e5fc8d>:0 
  at ZEPETO.World.Editor.WorldEnvironmentInitializer.InitializeOnLoadMethod () [0x00000] in <78f5b00d13564108b56eb3cd14e5fc8d>:0 

NullReferenceException: Object reference not set to an instance of an object
  at ZEPETO.World.Editor.WorldEditorSettings.IsZaizai () [0x00016] in <17d47687802b4655aaafb797c8c934f8>:0 
  at ZEPETO.World.Editor.WorldEditorSettings.SelectDevelopment () [0x00001] in <17d47687802b4655aaafb797c8c934f8>:0 
  at ZEPETO.World.Editor.WorldEditorSettings.get_Development () [0x00011] in <17d47687802b4655aaafb797c8c934f8>:0 
  at ZEPETO.World.Editor.WorldEditorSettings.get_BuiltinSettings () [0x00000] in <17d47687802b4655aaafb797c8c934f8>:0 
  at ZEPETO.World.Editor.WorldEditorSettings.get_ActiveSetting () [0x00027] in <17d47687802b4655aaafb797c8c934f8>:0 
  at ZEPETO.World.Editor.ForbiddenTypes.LoadForbiddenTypes () [0x0000a] in <78f5b00d13564108b56eb3cd14e5fc8d>:0 
  at ZEPETO.World.Editor.ForbiddenTypes.Initialize () [0x00047] in <78f5b00d13564108b56eb3cd14e5fc8d>:0 

NullReferenceException: Object reference not set to an instance of an object
  at ZEPETO.World.Editor.WorldPackageEditorUtils.GetDeserializedWorldPackageInfo () [0x00014] in <78f5b00d13564108b56eb3cd14e5fc8d>:0 
  at ZEPETO.World.Editor.WorldPackageEditorUtils.GetFieldValue[T] (System.String field) [0x00000] in <78f5b00d13564108b56eb3cd14e5fc8d>:0 
  at ZEPETO.World.Editor.WorldPackageEditorUtils.get_ZepetoMinVersion () [0x00000] in <78f5b00d13564108b56eb3cd14e5fc8d>:0 
  at ZEPETO.World.Editor.Editor.WorldEditorInitializer.EditorInitializer () [0x00000] in <78f5b00d13564108b56eb3cd14e5fc8d>:0 

Mono: successfully reloaded assembly
- Completed reload, in  1.682 seconds
Platform modules already initialized, skipping
Shader 'BuildItAssets/Stable/Water/Cube': fallback shader 'Mobile/Unlit' not found
Shader 'Jason/Build It/Water UV Scroll No Light': fallback shader 'Mobile/Unlit' not found
Shader 'Wit/StandardTransparent_js': fallback shader 'Wit/Standard(NoColor)' not found
Shader 'Jason/Build It/Water No Light': fallback shader 'Mobile/Unlit' not found
Refreshing native plugins compatible for Editor in 1.67 ms, found 4 plugins.
Preloading 0 native plugins for Editor in 0.00 ms.
Unloading 2562 Unused Serialized files (Serialized files now loaded: 0)
System memory in use before: 140.6 MB.
System memory in use after: 140.9 MB.

Unloading 118 unused Assets to reduce memory usage. Loaded Objects now: 3251.
Total: 5.827900 ms (FindLiveObjects: 0.460500 ms CreateObjectMapping: 0.088300 ms MarkObjects: 5.216200 ms  DeleteObjects: 0.061500 ms)

========================================================================
Received Prepare
Registering precompiled user dll's ...
Registered in 0.059892 seconds.
Begin MonoManager ReloadAssembly
Native extension for WindowsStandalone target not found
Refreshing native plugins compatible for Editor in 2.14 ms, found 4 plugins.
Preloading 0 native plugins for Editor in 0.00 ms.
System.NullReferenceException: Object reference not set to an instance of an object
  at ZEPETO.World.Editor.WorldEditorSettings.IsZaizai () [0x00016] in <17d47687802b4655aaafb797c8c934f8>:0 
  at ZEPETO.World.Editor.WorldEditorSettings.SelectDevelopment () [0x00001] in <17d47687802b4655aaafb797c8c934f8>:0 
  at ZEPETO.World.Editor.WorldEditorSettings.get_Development () [0x00011] in <17d47687802b4655aaafb797c8c934f8>:0 
  at ZEPETO.World.Editor.WorldEditorSettings.get_BuiltinSettings () [0x00000] in <17d47687802b4655aaafb797c8c934f8>:0 
  at ZEPETO.World.Editor.WorldEditorSettings.get_ActiveSetting () [0x00027] in <17d47687802b4655aaafb797c8c934f8>:0 
  at ZEPETO.World.Common.APIHostEditor..ctor () [0x00006] in <1a219a6a8cd249cba8ce1420b658e55e>:0 
  at ZEPETO.World.Common.APIHostInitializer..cctor () [0x00000] in <1a219a6a8cd249cba8ce1420b658e55e>:0 
UnityEngine.StackTraceUtility:ExtractStackTrace ()
UnityEngine.DebugLogHandler:LogFormat (UnityEngine.LogType,UnityEngine.Object,string,object[])
UnityEngine.Logger:Log (UnityEngine.LogType,object)
UnityEngine.Debug:LogError (object)
UnityEditor.EditorAssemblies:ProcessInitializeOnLoadAttributes (System.Type[])

NullReferenceException: Object reference not set to an instance of an object
  at ZEPETO.World.Editor.WorldEditorSettings.IsZaizai () [0x00016] in <17d47687802b4655aaafb797c8c934f8>:0 
  at ZEPETO.World.Editor.WorldEditorSettings.SelectDevelopment () [0x00001] in <17d47687802b4655aaafb797c8c934f8>:0 
  at ZEPETO.World.Editor.WorldEditorSettings.get_Development () [0x00011] in <17d47687802b4655aaafb797c8c934f8>:0 
  at ZEPETO.World.Editor.WorldEnvironmentInitializer.MultiplaySettingInitialize () [0x00000] in <78f5b00d13564108b56eb3cd14e5fc8d>:0 
  at ZEPETO.World.Editor.WorldEnvironmentInitializer.InitializeOnLoadMethod () [0x00000] in <78f5b00d13564108b56eb3cd14e5fc8d>:0 

NullReferenceException: Object reference not set to an instance of an object
  at ZEPETO.World.Editor.WorldEditorSettings.IsZaizai () [0x00016] in <17d47687802b4655aaafb797c8c934f8>:0 
  at ZEPETO.World.Editor.WorldEditorSettings.SelectDevelopment () [0x00001] in <17d47687802b4655aaafb797c8c934f8>:0 
  at ZEPETO.World.Editor.WorldEditorSettings.get_Development () [0x00011] in <17d47687802b4655aaafb797c8c934f8>:0 
  at ZEPETO.World.Editor.WorldEditorSettings.get_BuiltinSettings () [0x00000] in <17d47687802b4655aaafb797c8c934f8>:0 
  at ZEPETO.World.Editor.WorldEditorSettings.get_ActiveSetting () [0x00027] in <17d47687802b4655aaafb797c8c934f8>:0 
  at ZEPETO.World.Editor.ForbiddenTypes.LoadForbiddenTypes () [0x0000a] in <78f5b00d13564108b56eb3cd14e5fc8d>:0 
  at ZEPETO.World.Editor.ForbiddenTypes.Initialize () [0x00047] in <78f5b00d13564108b56eb3cd14e5fc8d>:0 

NullReferenceException: Object reference not set to an instance of an object
  at ZEPETO.World.Editor.WorldPackageEditorUtils.GetDeserializedWorldPackageInfo () [0x00014] in <78f5b00d13564108b56eb3cd14e5fc8d>:0 
  at ZEPETO.World.Editor.WorldPackageEditorUtils.GetFieldValue[T] (System.String field) [0x00000] in <78f5b00d13564108b56eb3cd14e5fc8d>:0 
  at ZEPETO.World.Editor.WorldPackageEditorUtils.get_ZepetoMinVersion () [0x00000] in <78f5b00d13564108b56eb3cd14e5fc8d>:0 
  at ZEPETO.World.Editor.Editor.WorldEditorInitializer.EditorInitializer () [0x00000] in <78f5b00d13564108b56eb3cd14e5fc8d>:0 

Mono: successfully reloaded assembly
- Completed reload, in  1.436 seconds
Platform modules already initialized, skipping
Shader 'BuildItAssets/Stable/Water/Cube': fallback shader 'Mobile/Unlit' not found
Shader 'Jason/Build It/Water UV Scroll No Light': fallback shader 'Mobile/Unlit' not found
Shader 'Wit/StandardTransparent_js': fallback shader 'Wit/Standard(NoColor)' not found
Shader 'Jason/Build It/Water No Light': fallback shader 'Mobile/Unlit' not found
Refreshing native plugins compatible for Editor in 1.48 ms, found 4 plugins.
Preloading 0 native plugins for Editor in 0.00 ms.
Unloading 2562 Unused Serialized files (Serialized files now loaded: 0)
System memory in use before: 140.7 MB.
System memory in use after: 140.9 MB.

Unloading 118 unused Assets to reduce memory usage. Loaded Objects now: 3254.
Total: 5.359200 ms (FindLiveObjects: 0.353300 ms CreateObjectMapping: 0.071500 ms MarkObjects: 4.885000 ms  DeleteObjects: 0.048000 ms)

========================================================================
Received Prepare
Registering precompiled user dll's ...
Registered in 0.059389 seconds.
Begin MonoManager ReloadAssembly
Native extension for WindowsStandalone target not found
Refreshing native plugins compatible for Editor in 2.21 ms, found 4 plugins.
Preloading 0 native plugins for Editor in 0.00 ms.
System.NullReferenceException: Object reference not set to an instance of an object
  at ZEPETO.World.Editor.WorldEditorSettings.IsZaizai () [0x00016] in <17d47687802b4655aaafb797c8c934f8>:0 
  at ZEPETO.World.Editor.WorldEditorSettings.SelectDevelopment () [0x00001] in <17d47687802b4655aaafb797c8c934f8>:0 
  at ZEPETO.World.Editor.WorldEditorSettings.get_Development () [0x00011] in <17d47687802b4655aaafb797c8c934f8>:0 
  at ZEPETO.World.Editor.WorldEditorSettings.get_BuiltinSettings () [0x00000] in <17d47687802b4655aaafb797c8c934f8>:0 
  at ZEPETO.World.Editor.WorldEditorSettings.get_ActiveSetting () [0x00027] in <17d47687802b4655aaafb797c8c934f8>:0 
  at ZEPETO.World.Common.APIHostEditor..ctor () [0x00006] in <1a219a6a8cd249cba8ce1420b658e55e>:0 
  at ZEPETO.World.Common.APIHostInitializer..cctor () [0x00000] in <1a219a6a8cd249cba8ce1420b658e55e>:0 
UnityEngine.StackTraceUtility:ExtractStackTrace ()
UnityEngine.DebugLogHandler:LogFormat (UnityEngine.LogType,UnityEngine.Object,string,object[])
UnityEngine.Logger:Log (UnityEngine.LogType,object)
UnityEngine.Debug:LogError (object)
UnityEditor.EditorAssemblies:ProcessInitializeOnLoadAttributes (System.Type[])

NullReferenceException: Object reference not set to an instance of an object
  at ZEPETO.World.Editor.WorldEditorSettings.IsZaizai () [0x00016] in <17d47687802b4655aaafb797c8c934f8>:0 
  at ZEPETO.World.Editor.WorldEditorSettings.SelectDevelopment () [0x00001] in <17d47687802b4655aaafb797c8c934f8>:0 
  at ZEPETO.World.Editor.WorldEditorSettings.get_Development () [0x00011] in <17d47687802b4655aaafb797c8c934f8>:0 
  at ZEPETO.World.Editor.WorldEnvironmentInitializer.MultiplaySettingInitialize () [0x00000] in <78f5b00d13564108b56eb3cd14e5fc8d>:0 
  at ZEPETO.World.Editor.WorldEnvironmentInitializer.InitializeOnLoadMethod () [0x00000] in <78f5b00d13564108b56eb3cd14e5fc8d>:0 

NullReferenceException: Object reference not set to an instance of an object
  at ZEPETO.World.Editor.WorldEditorSettings.IsZaizai () [0x00016] in <17d47687802b4655aaafb797c8c934f8>:0 
  at ZEPETO.World.Editor.WorldEditorSettings.SelectDevelopment () [0x00001] in <17d47687802b4655aaafb797c8c934f8>:0 
  at ZEPETO.World.Editor.WorldEditorSettings.get_Development () [0x00011] in <17d47687802b4655aaafb797c8c934f8>:0 
  at ZEPETO.World.Editor.WorldEditorSettings.get_BuiltinSettings () [0x00000] in <17d47687802b4655aaafb797c8c934f8>:0 
  at ZEPETO.World.Editor.WorldEditorSettings.get_ActiveSetting () [0x00027] in <17d47687802b4655aaafb797c8c934f8>:0 
  at ZEPETO.World.Editor.ForbiddenTypes.LoadForbiddenTypes () [0x0000a] in <78f5b00d13564108b56eb3cd14e5fc8d>:0 
  at ZEPETO.World.Editor.ForbiddenTypes.Initialize () [0x00047] in <78f5b00d13564108b56eb3cd14e5fc8d>:0 

NullReferenceException: Object reference not set to an instance of an object
  at ZEPETO.World.Editor.WorldPackageEditorUtils.GetDeserializedWorldPackageInfo () [0x00014] in <78f5b00d13564108b56eb3cd14e5fc8d>:0 
  at ZEPETO.World.Editor.WorldPackageEditorUtils.GetFieldValue[T] (System.String field) [0x00000] in <78f5b00d13564108b56eb3cd14e5fc8d>:0 
  at ZEPETO.World.Editor.WorldPackageEditorUtils.get_ZepetoMinVersion () [0x00000] in <78f5b00d13564108b56eb3cd14e5fc8d>:0 
  at ZEPETO.World.Editor.Editor.WorldEditorInitializer.EditorInitializer () [0x00000] in <78f5b00d13564108b56eb3cd14e5fc8d>:0 

Mono: successfully reloaded assembly
- Completed reload, in  1.466 seconds
Platform modules already initialized, skipping
Shader 'BuildItAssets/Stable/Water/Cube': fallback shader 'Mobile/Unlit' not found
Shader 'Jason/Build It/Water UV Scroll No Light': fallback shader 'Mobile/Unlit' not found
Shader 'Wit/StandardTransparent_js': fallback shader 'Wit/Standard(NoColor)' not found
Shader 'Jason/Build It/Water No Light': fallback shader 'Mobile/Unlit' not found
Refreshing native plugins compatible for Editor in 1.54 ms, found 4 plugins.
Preloading 0 native plugins for Editor in 0.00 ms.
Unloading 2562 Unused Serialized files (Serialized files now loaded: 0)
System memory in use before: 140.7 MB.
System memory in use after: 140.9 MB.

Unloading 118 unused Assets to reduce memory usage. Loaded Objects now: 3257.
Total: 6.230500 ms (FindLiveObjects: 0.369300 ms CreateObjectMapping: 0.067600 ms MarkObjects: 5.730600 ms  DeleteObjects: 0.061200 ms)

========================================================================
Received Prepare
Registering precompiled user dll's ...
Registered in 0.054107 seconds.
Begin MonoManager ReloadAssembly
Native extension for WindowsStandalone target not found
Refreshing native plugins compatible for Editor in 2.06 ms, found 4 plugins.
Preloading 0 native plugins for Editor in 0.00 ms.
System.NullReferenceException: Object reference not set to an instance of an object
  at ZEPETO.World.Editor.WorldEditorSettings.IsZaizai () [0x00016] in <17d47687802b4655aaafb797c8c934f8>:0 
  at ZEPETO.World.Editor.WorldEditorSettings.SelectDevelopment () [0x00001] in <17d47687802b4655aaafb797c8c934f8>:0 
  at ZEPETO.World.Editor.WorldEditorSettings.get_Development () [0x00011] in <17d47687802b4655aaafb797c8c934f8>:0 
  at ZEPETO.World.Editor.WorldEditorSettings.get_BuiltinSettings () [0x00000] in <17d47687802b4655aaafb797c8c934f8>:0 
  at ZEPETO.World.Editor.WorldEditorSettings.get_ActiveSetting () [0x00027] in <17d47687802b4655aaafb797c8c934f8>:0 
  at ZEPETO.World.Common.APIHostEditor..ctor () [0x00006] in <1a219a6a8cd249cba8ce1420b658e55e>:0 
  at ZEPETO.World.Common.APIHostInitializer..cctor () [0x00000] in <1a219a6a8cd249cba8ce1420b658e55e>:0 
UnityEngine.StackTraceUtility:ExtractStackTrace ()
UnityEngine.DebugLogHandler:LogFormat (UnityEngine.LogType,UnityEngine.Object,string,object[])
UnityEngine.Logger:Log (UnityEngine.LogType,object)
UnityEngine.Debug:LogError (object)
UnityEditor.EditorAssemblies:ProcessInitializeOnLoadAttributes (System.Type[])

NullReferenceException: Object reference not set to an instance of an object
  at ZEPETO.World.Editor.WorldEditorSettings.IsZaizai () [0x00016] in <17d47687802b4655aaafb797c8c934f8>:0 
  at ZEPETO.World.Editor.WorldEditorSettings.SelectDevelopment () [0x00001] in <17d47687802b4655aaafb797c8c934f8>:0 
  at ZEPETO.World.Editor.WorldEditorSettings.get_Development () [0x00011] in <17d47687802b4655aaafb797c8c934f8>:0 
  at ZEPETO.World.Editor.WorldEnvironmentInitializer.MultiplaySettingInitialize () [0x00000] in <78f5b00d13564108b56eb3cd14e5fc8d>:0 
  at ZEPETO.World.Editor.WorldEnvironmentInitializer.InitializeOnLoadMethod () [0x00000] in <78f5b00d13564108b56eb3cd14e5fc8d>:0 

NullReferenceException: Object reference not set to an instance of an object
  at ZEPETO.World.Editor.WorldEditorSettings.IsZaizai () [0x00016] in <17d47687802b4655aaafb797c8c934f8>:0 
  at ZEPETO.World.Editor.WorldEditorSettings.SelectDevelopment () [0x00001] in <17d47687802b4655aaafb797c8c934f8>:0 
  at ZEPETO.World.Editor.WorldEditorSettings.get_Development () [0x00011] in <17d47687802b4655aaafb797c8c934f8>:0 
  at ZEPETO.World.Editor.WorldEditorSettings.get_BuiltinSettings () [0x00000] in <17d47687802b4655aaafb797c8c934f8>:0 
  at ZEPETO.World.Editor.WorldEditorSettings.get_ActiveSetting () [0x00027] in <17d47687802b4655aaafb797c8c934f8>:0 
  at ZEPETO.World.Editor.ForbiddenTypes.LoadForbiddenTypes () [0x0000a] in <78f5b00d13564108b56eb3cd14e5fc8d>:0 
  at ZEPETO.World.Editor.ForbiddenTypes.Initialize () [0x00047] in <78f5b00d13564108b56eb3cd14e5fc8d>:0 

NullReferenceException: Object reference not set to an instance of an object
  at ZEPETO.World.Editor.WorldPackageEditorUtils.GetDeserializedWorldPackageInfo () [0x00014] in <78f5b00d13564108b56eb3cd14e5fc8d>:0 
  at ZEPETO.World.Editor.WorldPackageEditorUtils.GetFieldValue[T] (System.String field) [0x00000] in <78f5b00d13564108b56eb3cd14e5fc8d>:0 
  at ZEPETO.World.Editor.WorldPackageEditorUtils.get_ZepetoMinVersion () [0x00000] in <78f5b00d13564108b56eb3cd14e5fc8d>:0 
  at ZEPETO.World.Editor.Editor.WorldEditorInitializer.EditorInitializer () [0x00000] in <78f5b00d13564108b56eb3cd14e5fc8d>:0 

Mono: successfully reloaded assembly
- Completed reload, in  1.336 seconds
Platform modules already initialized, skipping
Shader 'BuildItAssets/Stable/Water/Cube': fallback shader 'Mobile/Unlit' not found
Shader 'Jason/Build It/Water UV Scroll No Light': fallback shader 'Mobile/Unlit' not found
Shader 'Wit/StandardTransparent_js': fallback shader 'Wit/Standard(NoColor)' not found
Shader 'Jason/Build It/Water No Light': fallback shader 'Mobile/Unlit' not found
Refreshing native plugins compatible for Editor in 1.68 ms, found 4 plugins.
Preloading 0 native plugins for Editor in 0.00 ms.
Unloading 2562 Unused Serialized files (Serialized files now loaded: 0)
System memory in use before: 140.7 MB.
System memory in use after: 140.9 MB.

Unloading 118 unused Assets to reduce memory usage. Loaded Objects now: 3260.
Total: 8.452900 ms (FindLiveObjects: 0.636300 ms CreateObjectMapping: 0.096700 ms MarkObjects: 7.641300 ms  DeleteObjects: 0.076700 ms)

========================================================================
Received Import Request.
  Time since last request: 5523.672222 seconds.
  path: Assets/Script/Object/QuizManager.ts
  artifactKey: Guid(23f72df3eaf9ed0408695351402c7076) Importer(815301076,1909f56bfc062723c751e8b465ee728b)
Start importing Assets/Script/Object/QuizManager.ts using Guid(23f72df3eaf9ed0408695351402c7076) Importer(815301076,1909f56bfc062723c751e8b465ee728b)  -> (artifact id: 'eb023b05286727355fe94b3048227c5e') in 0.318656 seconds
  Import took 0.323955 seconds .

========================================================================
Received Prepare
Registering precompiled user dll's ...
Registered in 0.061461 seconds.
Begin MonoManager ReloadAssembly
Native extension for WindowsStandalone target not found
Refreshing native plugins compatible for Editor in 1.75 ms, found 4 plugins.
Preloading 0 native plugins for Editor in 0.00 ms.
System.NullReferenceException: Object reference not set to an instance of an object
  at ZEPETO.World.Editor.WorldEditorSettings.IsZaizai () [0x00016] in <17d47687802b4655aaafb797c8c934f8>:0 
  at ZEPETO.World.Editor.WorldEditorSettings.SelectDevelopment () [0x00001] in <17d47687802b4655aaafb797c8c934f8>:0 
  at ZEPETO.World.Editor.WorldEditorSettings.get_Development () [0x00011] in <17d47687802b4655aaafb797c8c934f8>:0 
  at ZEPETO.World.Editor.WorldEditorSettings.get_BuiltinSettings () [0x00000] in <17d47687802b4655aaafb797c8c934f8>:0 
  at ZEPETO.World.Editor.WorldEditorSettings.get_ActiveSetting () [0x00027] in <17d47687802b4655aaafb797c8c934f8>:0 
  at ZEPETO.World.Common.APIHostEditor..ctor () [0x00006] in <1a219a6a8cd249cba8ce1420b658e55e>:0 
  at ZEPETO.World.Common.APIHostInitializer..cctor () [0x00000] in <1a219a6a8cd249cba8ce1420b658e55e>:0 
UnityEngine.StackTraceUtility:ExtractStackTrace ()
UnityEngine.DebugLogHandler:LogFormat (UnityEngine.LogType,UnityEngine.Object,string,object[])
UnityEngine.Logger:Log (UnityEngine.LogType,object)
UnityEngine.Debug:LogError (object)
UnityEditor.EditorAssemblies:ProcessInitializeOnLoadAttributes (System.Type[])

NullReferenceException: Object reference not set to an instance of an object
  at ZEPETO.World.Editor.WorldEditorSettings.IsZaizai () [0x00016] in <17d47687802b4655aaafb797c8c934f8>:0 
  at ZEPETO.World.Editor.WorldEditorSettings.SelectDevelopment () [0x00001] in <17d47687802b4655aaafb797c8c934f8>:0 
  at ZEPETO.World.Editor.WorldEditorSettings.get_Development () [0x00011] in <17d47687802b4655aaafb797c8c934f8>:0 
  at ZEPETO.World.Editor.WorldEnvironmentInitializer.MultiplaySettingInitialize () [0x00000] in <78f5b00d13564108b56eb3cd14e5fc8d>:0 
  at ZEPETO.World.Editor.WorldEnvironmentInitializer.InitializeOnLoadMethod () [0x00000] in <78f5b00d13564108b56eb3cd14e5fc8d>:0 

NullReferenceException: Object reference not set to an instance of an object
  at ZEPETO.World.Editor.WorldEditorSettings.IsZaizai () [0x00016] in <17d47687802b4655aaafb797c8c934f8>:0 
  at ZEPETO.World.Editor.WorldEditorSettings.SelectDevelopment () [0x00001] in <17d47687802b4655aaafb797c8c934f8>:0 
  at ZEPETO.World.Editor.WorldEditorSettings.get_Development () [0x00011] in <17d47687802b4655aaafb797c8c934f8>:0 
  at ZEPETO.World.Editor.WorldEditorSettings.get_BuiltinSettings () [0x00000] in <17d47687802b4655aaafb797c8c934f8>:0 
  at ZEPETO.World.Editor.WorldEditorSettings.get_ActiveSetting () [0x00027] in <17d47687802b4655aaafb797c8c934f8>:0 
  at ZEPETO.World.Editor.ForbiddenTypes.LoadForbiddenTypes () [0x0000a] in <78f5b00d13564108b56eb3cd14e5fc8d>:0 
  at ZEPETO.World.Editor.ForbiddenTypes.Initialize () [0x00047] in <78f5b00d13564108b56eb3cd14e5fc8d>:0 

NullReferenceException: Object reference not set to an instance of an object
  at ZEPETO.World.Editor.WorldPackageEditorUtils.GetDeserializedWorldPackageInfo () [0x00014] in <78f5b00d13564108b56eb3cd14e5fc8d>:0 
  at ZEPETO.World.Editor.WorldPackageEditorUtils.GetFieldValue[T] (System.String field) [0x00000] in <78f5b00d13564108b56eb3cd14e5fc8d>:0 
  at ZEPETO.World.Editor.WorldPackageEditorUtils.get_ZepetoMinVersion () [0x00000] in <78f5b00d13564108b56eb3cd14e5fc8d>:0 
  at ZEPETO.World.Editor.Editor.WorldEditorInitializer.EditorInitializer () [0x00000] in <78f5b00d13564108b56eb3cd14e5fc8d>:0 

Mono: successfully reloaded assembly
- Completed reload, in  1.661 seconds
Platform modules already initialized, skipping
Shader 'BuildItAssets/Stable/Water/Cube': fallback shader 'Mobile/Unlit' not found
Shader 'Jason/Build It/Water UV Scroll No Light': fallback shader 'Mobile/Unlit' not found
Shader 'Wit/StandardTransparent_js': fallback shader 'Wit/Standard(NoColor)' not found
Shader 'Jason/Build It/Water No Light': fallback shader 'Mobile/Unlit' not found
Refreshing native plugins compatible for Editor in 2.85 ms, found 4 plugins.
Preloading 0 native plugins for Editor in 0.00 ms.
Unloading 2562 Unused Serialized files (Serialized files now loaded: 0)
System memory in use before: 140.7 MB.
System memory in use after: 140.9 MB.

Unloading 118 unused Assets to reduce memory usage. Loaded Objects now: 3263.
Total: 6.294000 ms (FindLiveObjects: 0.344600 ms CreateObjectMapping: 0.068800 ms MarkObjects: 5.811100 ms  DeleteObjects: 0.067800 ms)

========================================================================
Received Prepare
Registering precompiled user dll's ...
Registered in 0.062920 seconds.
Begin MonoManager ReloadAssembly
Native extension for WindowsStandalone target not found
Refreshing native plugins compatible for Editor in 1.63 ms, found 4 plugins.
Preloading 0 native plugins for Editor in 0.00 ms.
System.NullReferenceException: Object reference not set to an instance of an object
  at ZEPETO.World.Editor.WorldEditorSettings.IsZaizai () [0x00016] in <17d47687802b4655aaafb797c8c934f8>:0 
  at ZEPETO.World.Editor.WorldEditorSettings.SelectDevelopment () [0x00001] in <17d47687802b4655aaafb797c8c934f8>:0 
  at ZEPETO.World.Editor.WorldEditorSettings.get_Development () [0x00011] in <17d47687802b4655aaafb797c8c934f8>:0 
  at ZEPETO.World.Editor.WorldEditorSettings.get_BuiltinSettings () [0x00000] in <17d47687802b4655aaafb797c8c934f8>:0 
  at ZEPETO.World.Editor.WorldEditorSettings.get_ActiveSetting () [0x00027] in <17d47687802b4655aaafb797c8c934f8>:0 
  at ZEPETO.World.Common.APIHostEditor..ctor () [0x00006] in <1a219a6a8cd249cba8ce1420b658e55e>:0 
  at ZEPETO.World.Common.APIHostInitializer..cctor () [0x00000] in <1a219a6a8cd249cba8ce1420b658e55e>:0 
UnityEngine.StackTraceUtility:ExtractStackTrace ()
UnityEngine.DebugLogHandler:LogFormat (UnityEngine.LogType,UnityEngine.Object,string,object[])
UnityEngine.Logger:Log (UnityEngine.LogType,object)
UnityEngine.Debug:LogError (object)
UnityEditor.EditorAssemblies:ProcessInitializeOnLoadAttributes (System.Type[])

NullReferenceException: Object reference not set to an instance of an object
  at ZEPETO.World.Editor.WorldEditorSettings.IsZaizai () [0x00016] in <17d47687802b4655aaafb797c8c934f8>:0 
  at ZEPETO.World.Editor.WorldEditorSettings.SelectDevelopment () [0x00001] in <17d47687802b4655aaafb797c8c934f8>:0 
  at ZEPETO.World.Editor.WorldEditorSettings.get_Development () [0x00011] in <17d47687802b4655aaafb797c8c934f8>:0 
  at ZEPETO.World.Editor.WorldEnvironmentInitializer.MultiplaySettingInitialize () [0x00000] in <78f5b00d13564108b56eb3cd14e5fc8d>:0 
  at ZEPETO.World.Editor.WorldEnvironmentInitializer.InitializeOnLoadMethod () [0x00000] in <78f5b00d13564108b56eb3cd14e5fc8d>:0 

NullReferenceException: Object reference not set to an instance of an object
  at ZEPETO.World.Editor.WorldEditorSettings.IsZaizai () [0x00016] in <17d47687802b4655aaafb797c8c934f8>:0 
  at ZEPETO.World.Editor.WorldEditorSettings.SelectDevelopment () [0x00001] in <17d47687802b4655aaafb797c8c934f8>:0 
  at ZEPETO.World.Editor.WorldEditorSettings.get_Development () [0x00011] in <17d47687802b4655aaafb797c8c934f8>:0 
  at ZEPETO.World.Editor.WorldEditorSettings.get_BuiltinSettings () [0x00000] in <17d47687802b4655aaafb797c8c934f8>:0 
  at ZEPETO.World.Editor.WorldEditorSettings.get_ActiveSetting () [0x00027] in <17d47687802b4655aaafb797c8c934f8>:0 
  at ZEPETO.World.Editor.ForbiddenTypes.LoadForbiddenTypes () [0x0000a] in <78f5b00d13564108b56eb3cd14e5fc8d>:0 
  at ZEPETO.World.Editor.ForbiddenTypes.Initialize () [0x00047] in <78f5b00d13564108b56eb3cd14e5fc8d>:0 

NullReferenceException: Object reference not set to an instance of an object
  at ZEPETO.World.Editor.WorldPackageEditorUtils.GetDeserializedWorldPackageInfo () [0x00014] in <78f5b00d13564108b56eb3cd14e5fc8d>:0 
  at ZEPETO.World.Editor.WorldPackageEditorUtils.GetFieldValue[T] (System.String field) [0x00000] in <78f5b00d13564108b56eb3cd14e5fc8d>:0 
  at ZEPETO.World.Editor.WorldPackageEditorUtils.get_ZepetoMinVersion () [0x00000] in <78f5b00d13564108b56eb3cd14e5fc8d>:0 
  at ZEPETO.World.Editor.Editor.WorldEditorInitializer.EditorInitializer () [0x00000] in <78f5b00d13564108b56eb3cd14e5fc8d>:0 

Mono: successfully reloaded assembly
- Completed reload, in  1.440 seconds
Platform modules already initialized, skipping
Shader 'BuildItAssets/Stable/Water/Cube': fallback shader 'Mobile/Unlit' not found
Shader 'Jason/Build It/Water UV Scroll No Light': fallback shader 'Mobile/Unlit' not found
Shader 'Wit/StandardTransparent_js': fallback shader 'Wit/Standard(NoColor)' not found
Shader 'Jason/Build It/Water No Light': fallback shader 'Mobile/Unlit' not found
Refreshing native plugins compatible for Editor in 1.75 ms, found 4 plugins.
Preloading 0 native plugins for Editor in 0.00 ms.
Unloading 2562 Unused Serialized files (Serialized files now loaded: 0)
System memory in use before: 140.7 MB.
System memory in use after: 140.9 MB.

Unloading 118 unused Assets to reduce memory usage. Loaded Objects now: 3266.
Total: 5.367000 ms (FindLiveObjects: 0.352700 ms CreateObjectMapping: 0.071900 ms MarkObjects: 4.892200 ms  DeleteObjects: 0.048900 ms)

========================================================================
Received Prepare
Registering precompiled user dll's ...
Registered in 0.056864 seconds.
Begin MonoManager ReloadAssembly
Native extension for WindowsStandalone target not found
Refreshing native plugins compatible for Editor in 2.59 ms, found 4 plugins.
Preloading 0 native plugins for Editor in 0.00 ms.
System.NullReferenceException: Object reference not set to an instance of an object
  at ZEPETO.World.Editor.WorldEditorSettings.IsZaizai () [0x00016] in <17d47687802b4655aaafb797c8c934f8>:0 
  at ZEPETO.World.Editor.WorldEditorSettings.SelectDevelopment () [0x00001] in <17d47687802b4655aaafb797c8c934f8>:0 
  at ZEPETO.World.Editor.WorldEditorSettings.get_Development () [0x00011] in <17d47687802b4655aaafb797c8c934f8>:0 
  at ZEPETO.World.Editor.WorldEditorSettings.get_BuiltinSettings () [0x00000] in <17d47687802b4655aaafb797c8c934f8>:0 
  at ZEPETO.World.Editor.WorldEditorSettings.get_ActiveSetting () [0x00027] in <17d47687802b4655aaafb797c8c934f8>:0 
  at ZEPETO.World.Common.APIHostEditor..ctor () [0x00006] in <1a219a6a8cd249cba8ce1420b658e55e>:0 
  at ZEPETO.World.Common.APIHostInitializer..cctor () [0x00000] in <1a219a6a8cd249cba8ce1420b658e55e>:0 
UnityEngine.StackTraceUtility:ExtractStackTrace ()
UnityEngine.DebugLogHandler:LogFormat (UnityEngine.LogType,UnityEngine.Object,string,object[])
UnityEngine.Logger:Log (UnityEngine.LogType,object)
UnityEngine.Debug:LogError (object)
UnityEditor.EditorAssemblies:ProcessInitializeOnLoadAttributes (System.Type[])

NullReferenceException: Object reference not set to an instance of an object
  at ZEPETO.World.Editor.WorldEditorSettings.IsZaizai () [0x00016] in <17d47687802b4655aaafb797c8c934f8>:0 
  at ZEPETO.World.Editor.WorldEditorSettings.SelectDevelopment () [0x00001] in <17d47687802b4655aaafb797c8c934f8>:0 
  at ZEPETO.World.Editor.WorldEditorSettings.get_Development () [0x00011] in <17d47687802b4655aaafb797c8c934f8>:0 
  at ZEPETO.World.Editor.WorldEnvironmentInitializer.MultiplaySettingInitialize () [0x00000] in <78f5b00d13564108b56eb3cd14e5fc8d>:0 
  at ZEPETO.World.Editor.WorldEnvironmentInitializer.InitializeOnLoadMethod () [0x00000] in <78f5b00d13564108b56eb3cd14e5fc8d>:0 

NullReferenceException: Object reference not set to an instance of an object
  at ZEPETO.World.Editor.WorldEditorSettings.IsZaizai () [0x00016] in <17d47687802b4655aaafb797c8c934f8>:0 
  at ZEPETO.World.Editor.WorldEditorSettings.SelectDevelopment () [0x00001] in <17d47687802b4655aaafb797c8c934f8>:0 
  at ZEPETO.World.Editor.WorldEditorSettings.get_Development () [0x00011] in <17d47687802b4655aaafb797c8c934f8>:0 
  at ZEPETO.World.Editor.WorldEditorSettings.get_BuiltinSettings () [0x00000] in <17d47687802b4655aaafb797c8c934f8>:0 
  at ZEPETO.World.Editor.WorldEditorSettings.get_ActiveSetting () [0x00027] in <17d47687802b4655aaafb797c8c934f8>:0 
  at ZEPETO.World.Editor.ForbiddenTypes.LoadForbiddenTypes () [0x0000a] in <78f5b00d13564108b56eb3cd14e5fc8d>:0 
  at ZEPETO.World.Editor.ForbiddenTypes.Initialize () [0x00047] in <78f5b00d13564108b56eb3cd14e5fc8d>:0 

NullReferenceException: Object reference not set to an instance of an object
  at ZEPETO.World.Editor.WorldPackageEditorUtils.GetDeserializedWorldPackageInfo () [0x00014] in <78f5b00d13564108b56eb3cd14e5fc8d>:0 
  at ZEPETO.World.Editor.WorldPackageEditorUtils.GetFieldValue[T] (System.String field) [0x00000] in <78f5b00d13564108b56eb3cd14e5fc8d>:0 
  at ZEPETO.World.Editor.WorldPackageEditorUtils.get_ZepetoMinVersion () [0x00000] in <78f5b00d13564108b56eb3cd14e5fc8d>:0 
  at ZEPETO.World.Editor.Editor.WorldEditorInitializer.EditorInitializer () [0x00000] in <78f5b00d13564108b56eb3cd14e5fc8d>:0 

Mono: successfully reloaded assembly
- Completed reload, in  1.436 seconds
Platform modules already initialized, skipping
Shader 'BuildItAssets/Stable/Water/Cube': fallback shader 'Mobile/Unlit' not found
Shader 'Jason/Build It/Water UV Scroll No Light': fallback shader 'Mobile/Unlit' not found
Shader 'Wit/StandardTransparent_js': fallback shader 'Wit/Standard(NoColor)' not found
Shader 'Jason/Build It/Water No Light': fallback shader 'Mobile/Unlit' not found
Refreshing native plugins compatible for Editor in 2.29 ms, found 4 plugins.
Preloading 0 native plugins for Editor in 0.00 ms.
Unloading 2562 Unused Serialized files (Serialized files now loaded: 0)
System memory in use before: 140.7 MB.
System memory in use after: 140.9 MB.

Unloading 118 unused Assets to reduce memory usage. Loaded Objects now: 3269.
Total: 6.907600 ms (FindLiveObjects: 0.344700 ms CreateObjectMapping: 0.067400 ms MarkObjects: 6.440200 ms  DeleteObjects: 0.053500 ms)

========================================================================
Received Prepare
Registering precompiled user dll's ...
Registered in 0.069247 seconds.
Begin MonoManager ReloadAssembly
Native extension for WindowsStandalone target not found
Refreshing native plugins compatible for Editor in 1.66 ms, found 4 plugins.
Preloading 0 native plugins for Editor in 0.00 ms.
System.NullReferenceException: Object reference not set to an instance of an object
  at ZEPETO.World.Editor.WorldEditorSettings.IsZaizai () [0x00016] in <17d47687802b4655aaafb797c8c934f8>:0 
  at ZEPETO.World.Editor.WorldEditorSettings.SelectDevelopment () [0x00001] in <17d47687802b4655aaafb797c8c934f8>:0 
  at ZEPETO.World.Editor.WorldEditorSettings.get_Development () [0x00011] in <17d47687802b4655aaafb797c8c934f8>:0 
  at ZEPETO.World.Editor.WorldEditorSettings.get_BuiltinSettings () [0x00000] in <17d47687802b4655aaafb797c8c934f8>:0 
  at ZEPETO.World.Editor.WorldEditorSettings.get_ActiveSetting () [0x00027] in <17d47687802b4655aaafb797c8c934f8>:0 
  at ZEPETO.World.Common.APIHostEditor..ctor () [0x00006] in <1a219a6a8cd249cba8ce1420b658e55e>:0 
  at ZEPETO.World.Common.APIHostInitializer..cctor () [0x00000] in <1a219a6a8cd249cba8ce1420b658e55e>:0 
UnityEngine.StackTraceUtility:ExtractStackTrace ()
UnityEngine.DebugLogHandler:LogFormat (UnityEngine.LogType,UnityEngine.Object,string,object[])
UnityEngine.Logger:Log (UnityEngine.LogType,object)
UnityEngine.Debug:LogError (object)
UnityEditor.EditorAssemblies:ProcessInitializeOnLoadAttributes (System.Type[])

NullReferenceException: Object reference not set to an instance of an object
  at ZEPETO.World.Editor.WorldEditorSettings.IsZaizai () [0x00016] in <17d47687802b4655aaafb797c8c934f8>:0 
  at ZEPETO.World.Editor.WorldEditorSettings.SelectDevelopment () [0x00001] in <17d47687802b4655aaafb797c8c934f8>:0 
  at ZEPETO.World.Editor.WorldEditorSettings.get_Development () [0x00011] in <17d47687802b4655aaafb797c8c934f8>:0 
  at ZEPETO.World.Editor.WorldEnvironmentInitializer.MultiplaySettingInitialize () [0x00000] in <78f5b00d13564108b56eb3cd14e5fc8d>:0 
  at ZEPETO.World.Editor.WorldEnvironmentInitializer.InitializeOnLoadMethod () [0x00000] in <78f5b00d13564108b56eb3cd14e5fc8d>:0 

NullReferenceException: Object reference not set to an instance of an object
  at ZEPETO.World.Editor.WorldEditorSettings.IsZaizai () [0x00016] in <17d47687802b4655aaafb797c8c934f8>:0 
  at ZEPETO.World.Editor.WorldEditorSettings.SelectDevelopment () [0x00001] in <17d47687802b4655aaafb797c8c934f8>:0 
  at ZEPETO.World.Editor.WorldEditorSettings.get_Development () [0x00011] in <17d47687802b4655aaafb797c8c934f8>:0 
  at ZEPETO.World.Editor.WorldEditorSettings.get_BuiltinSettings () [0x00000] in <17d47687802b4655aaafb797c8c934f8>:0 
  at ZEPETO.World.Editor.WorldEditorSettings.get_ActiveSetting () [0x00027] in <17d47687802b4655aaafb797c8c934f8>:0 
  at ZEPETO.World.Editor.ForbiddenTypes.LoadForbiddenTypes () [0x0000a] in <78f5b00d13564108b56eb3cd14e5fc8d>:0 
  at ZEPETO.World.Editor.ForbiddenTypes.Initialize () [0x00047] in <78f5b00d13564108b56eb3cd14e5fc8d>:0 

NullReferenceException: Object reference not set to an instance of an object
  at ZEPETO.World.Editor.WorldPackageEditorUtils.GetDeserializedWorldPackageInfo () [0x00014] in <78f5b00d13564108b56eb3cd14e5fc8d>:0 
  at ZEPETO.World.Editor.WorldPackageEditorUtils.GetFieldValue[T] (System.String field) [0x00000] in <78f5b00d13564108b56eb3cd14e5fc8d>:0 
  at ZEPETO.World.Editor.WorldPackageEditorUtils.get_ZepetoMinVersion () [0x00000] in <78f5b00d13564108b56eb3cd14e5fc8d>:0 
  at ZEPETO.World.Editor.Editor.WorldEditorInitializer.EditorInitializer () [0x00000] in <78f5b00d13564108b56eb3cd14e5fc8d>:0 

Mono: successfully reloaded assembly
- Completed reload, in  1.439 seconds
Platform modules already initialized, skipping
Shader 'BuildItAssets/Stable/Water/Cube': fallback shader 'Mobile/Unlit' not found
Shader 'Jason/Build It/Water UV Scroll No Light': fallback shader 'Mobile/Unlit' not found
Shader 'Wit/StandardTransparent_js': fallback shader 'Wit/Standard(NoColor)' not found
Shader 'Jason/Build It/Water No Light': fallback shader 'Mobile/Unlit' not found
Refreshing native plugins compatible for Editor in 1.98 ms, found 4 plugins.
Preloading 0 native plugins for Editor in 0.00 ms.
Unloading 2562 Unused Serialized files (Serialized files now loaded: 0)
System memory in use before: 140.7 MB.
System memory in use after: 140.9 MB.

Unloading 118 unused Assets to reduce memory usage. Loaded Objects now: 3272.
Total: 7.337800 ms (FindLiveObjects: 0.416600 ms CreateObjectMapping: 0.095400 ms MarkObjects: 6.766200 ms  DeleteObjects: 0.057400 ms)

AssetImportWorkerClient::OnTransportError - code=2 error=End of file
